[0.020s] Invoking command in '/home/zyx/ros2_learn/node/chapt3/topic_ws/build/demo_cpp_topic': CMAKE_PREFIX_PATH=/opt/ros/humble /usr/bin/cmake --build /home/zyx/ros2_learn/node/chapt3/topic_ws/build/demo_cpp_topic -- -j12 -l12
[0.083s] [35m[1mConsolidate compiler generated dependencies of target turtle_control[0m
[0.103s] [ 50%] Built target turtle_circle
[0.111s] [100%] Built target turtle_control
[0.367s] Invoked command in '/home/zyx/ros2_learn/node/chapt3/topic_ws/build/demo_cpp_topic' returned '0': CMAKE_PREFIX_PATH=/opt/ros/humble /usr/bin/cmake --build /home/zyx/ros2_learn/node/chapt3/topic_ws/build/demo_cpp_topic -- -j12 -l12
[0.379s] Invoking command in '/home/zyx/ros2_learn/node/chapt3/topic_ws/build/demo_cpp_topic': CMAKE_PREFIX_PATH=/opt/ros/humble /usr/bin/cmake --install /home/zyx/ros2_learn/node/chapt3/topic_ws/build/demo_cpp_topic
[0.391s] -- Install configuration: ""
[0.391s] -- Up-to-date: /home/zyx/ros2_learn/node/chapt3/topic_ws/install/demo_cpp_topic/lib/demo_cpp_topic/turtle_circle
[0.392s] -- Up-to-date: /home/zyx/ros2_learn/node/chapt3/topic_ws/install/demo_cpp_topic/lib/demo_cpp_topic/turtle_control
[0.392s] -- Up-to-date: /home/zyx/ros2_learn/node/chapt3/topic_ws/install/demo_cpp_topic/share/ament_index/resource_index/package_run_dependencies/demo_cpp_topic
[0.392s] -- Up-to-date: /home/zyx/ros2_learn/node/chapt3/topic_ws/install/demo_cpp_topic/share/ament_index/resource_index/parent_prefix_path/demo_cpp_topic
[0.393s] -- Up-to-date: /home/zyx/ros2_learn/node/chapt3/topic_ws/install/demo_cpp_topic/share/demo_cpp_topic/environment/ament_prefix_path.sh
[0.393s] -- Up-to-date: /home/zyx/ros2_learn/node/chapt3/topic_ws/install/demo_cpp_topic/share/demo_cpp_topic/environment/ament_prefix_path.dsv
[0.393s] -- Up-to-date: /home/zyx/ros2_learn/node/chapt3/topic_ws/install/demo_cpp_topic/share/demo_cpp_topic/environment/path.sh
[0.393s] -- Up-to-date: /home/zyx/ros2_learn/node/chapt3/topic_ws/install/demo_cpp_topic/share/demo_cpp_topic/environment/path.dsv
[0.393s] -- Up-to-date: /home/zyx/ros2_learn/node/chapt3/topic_ws/install/demo_cpp_topic/share/demo_cpp_topic/local_setup.bash
[0.393s] -- Up-to-date: /home/zyx/ros2_learn/node/chapt3/topic_ws/install/demo_cpp_topic/share/demo_cpp_topic/local_setup.sh
[0.393s] -- Up-to-date: /home/zyx/ros2_learn/node/chapt3/topic_ws/install/demo_cpp_topic/share/demo_cpp_topic/local_setup.zsh
[0.394s] -- Up-to-date: /home/zyx/ros2_learn/node/chapt3/topic_ws/install/demo_cpp_topic/share/demo_cpp_topic/local_setup.dsv
[0.394s] -- Installing: /home/zyx/ros2_learn/node/chapt3/topic_ws/install/demo_cpp_topic/share/demo_cpp_topic/package.dsv
[0.394s] -- Up-to-date: /home/zyx/ros2_learn/node/chapt3/topic_ws/install/demo_cpp_topic/share/ament_index/resource_index/packages/demo_cpp_topic
[0.394s] -- Up-to-date: /home/zyx/ros2_learn/node/chapt3/topic_ws/install/demo_cpp_topic/share/demo_cpp_topic/cmake/demo_cpp_topicConfig.cmake
[0.394s] -- Up-to-date: /home/zyx/ros2_learn/node/chapt3/topic_ws/install/demo_cpp_topic/share/demo_cpp_topic/cmake/demo_cpp_topicConfig-version.cmake
[0.394s] -- Up-to-date: /home/zyx/ros2_learn/node/chapt3/topic_ws/install/demo_cpp_topic/share/demo_cpp_topic/package.xml
[0.396s] Invoked command in '/home/zyx/ros2_learn/node/chapt3/topic_ws/build/demo_cpp_topic' returned '0': CMAKE_PREFIX_PATH=/opt/ros/humble /usr/bin/cmake --install /home/zyx/ros2_learn/node/chapt3/topic_ws/build/demo_cpp_topic
