[0.020s] Invoking command in '/home/zyx/ros2_learn/node/chapt3/topic_ws/build/demo_cpp_topic': CMAKE_PREFIX_PATH=${CMAKE_PREFIX_PATH}:/home/zyx/ros2_learn/node/chapt3/topic_ws/install/demo_python_topic:/opt/ros/humble /usr/bin/cmake --build /home/zyx/ros2_learn/node/chapt3/topic_ws/build/demo_cpp_topic -- -j12 -l12
[0.096s] [ 25%] [32mBuilding CXX object CMakeFiles/turtle_control.dir/src/turtle_control.cpp.o[0m
[0.099s] [ 75%] Built target turtle_circle
[11.936s] [100%] [32m[1mLinking CXX executable turtle_control[0m
[12.450s] [100%] Built target turtle_control
[12.466s] Invoked command in '/home/zyx/ros2_learn/node/chapt3/topic_ws/build/demo_cpp_topic' returned '0': CMAKE_PREFIX_PATH=${CMAKE_PREFIX_PATH}:/home/zyx/ros2_learn/node/chapt3/topic_ws/install/demo_python_topic:/opt/ros/humble /usr/bin/cmake --build /home/zyx/ros2_learn/node/chapt3/topic_ws/build/demo_cpp_topic -- -j12 -l12
[12.483s] Invoking command in '/home/zyx/ros2_learn/node/chapt3/topic_ws/build/demo_cpp_topic': CMAKE_PREFIX_PATH=${CMAKE_PREFIX_PATH}:/home/zyx/ros2_learn/node/chapt3/topic_ws/install/demo_python_topic:/opt/ros/humble /usr/bin/cmake --install /home/zyx/ros2_learn/node/chapt3/topic_ws/build/demo_cpp_topic
[12.491s] -- Install configuration: ""
[12.491s] -- Up-to-date: /home/zyx/ros2_learn/node/chapt3/topic_ws/install/demo_cpp_topic/lib/demo_cpp_topic/turtle_circle
[12.491s] -- Installing: /home/zyx/ros2_learn/node/chapt3/topic_ws/install/demo_cpp_topic/lib/demo_cpp_topic/turtle_control
[12.495s] -- Set runtime path of "/home/zyx/ros2_learn/node/chapt3/topic_ws/install/demo_cpp_topic/lib/demo_cpp_topic/turtle_control" to ""
[12.495s] -- Up-to-date: /home/zyx/ros2_learn/node/chapt3/topic_ws/install/demo_cpp_topic/share/ament_index/resource_index/package_run_dependencies/demo_cpp_topic
[12.496s] -- Up-to-date: /home/zyx/ros2_learn/node/chapt3/topic_ws/install/demo_cpp_topic/share/ament_index/resource_index/parent_prefix_path/demo_cpp_topic
[12.496s] -- Up-to-date: /home/zyx/ros2_learn/node/chapt3/topic_ws/install/demo_cpp_topic/share/demo_cpp_topic/environment/ament_prefix_path.sh
[12.496s] -- Up-to-date: /home/zyx/ros2_learn/node/chapt3/topic_ws/install/demo_cpp_topic/share/demo_cpp_topic/environment/ament_prefix_path.dsv
[12.496s] -- Up-to-date: /home/zyx/ros2_learn/node/chapt3/topic_ws/install/demo_cpp_topic/share/demo_cpp_topic/environment/path.sh
[12.496s] -- Up-to-date: /home/zyx/ros2_learn/node/chapt3/topic_ws/install/demo_cpp_topic/share/demo_cpp_topic/environment/path.dsv
[12.496s] -- Up-to-date: /home/zyx/ros2_learn/node/chapt3/topic_ws/install/demo_cpp_topic/share/demo_cpp_topic/local_setup.bash
[12.496s] -- Up-to-date: /home/zyx/ros2_learn/node/chapt3/topic_ws/install/demo_cpp_topic/share/demo_cpp_topic/local_setup.sh
[12.496s] -- Up-to-date: /home/zyx/ros2_learn/node/chapt3/topic_ws/install/demo_cpp_topic/share/demo_cpp_topic/local_setup.zsh
[12.496s] -- Up-to-date: /home/zyx/ros2_learn/node/chapt3/topic_ws/install/demo_cpp_topic/share/demo_cpp_topic/local_setup.dsv
[12.496s] -- Installing: /home/zyx/ros2_learn/node/chapt3/topic_ws/install/demo_cpp_topic/share/demo_cpp_topic/package.dsv
[12.497s] -- Up-to-date: /home/zyx/ros2_learn/node/chapt3/topic_ws/install/demo_cpp_topic/share/ament_index/resource_index/packages/demo_cpp_topic
[12.497s] -- Up-to-date: /home/zyx/ros2_learn/node/chapt3/topic_ws/install/demo_cpp_topic/share/demo_cpp_topic/cmake/demo_cpp_topicConfig.cmake
[12.497s] -- Up-to-date: /home/zyx/ros2_learn/node/chapt3/topic_ws/install/demo_cpp_topic/share/demo_cpp_topic/cmake/demo_cpp_topicConfig-version.cmake
[12.497s] -- Up-to-date: /home/zyx/ros2_learn/node/chapt3/topic_ws/install/demo_cpp_topic/share/demo_cpp_topic/package.xml
[12.500s] Invoked command in '/home/zyx/ros2_learn/node/chapt3/topic_ws/build/demo_cpp_topic' returned '0': CMAKE_PREFIX_PATH=${CMAKE_PREFIX_PATH}:/home/zyx/ros2_learn/node/chapt3/topic_ws/install/demo_python_topic:/opt/ros/humble /usr/bin/cmake --install /home/zyx/ros2_learn/node/chapt3/topic_ws/build/demo_cpp_topic
