[0.095s] DEBUG:colcon:Command line arguments: ['/usr/bin/colcon', 'build']
[0.096s] DEBUG:colcon:Parsed command line arguments: Namespace(log_base=None, log_level=None, verb_name='build', build_base='build', install_base='install', merge_install=False, symlink_install=False, test_result_base=None, continue_on_error=False, executor='parallel', parallel_workers=12, event_handlers=None, ignore_user_meta=False, metas=['./colcon.meta'], base_paths=['.'], packages_ignore=None, packages_ignore_regex=None, paths=None, packages_up_to=None, packages_up_to_regex=None, packages_above=None, packages_above_and_dependencies=None, packages_above_depth=None, packages_select_by_dep=None, packages_skip_by_dep=None, packages_skip_up_to=None, packages_select_build_failed=False, packages_skip_build_finished=False, packages_select_test_failures=False, packages_skip_test_passed=False, packages_select=None, packages_skip=None, packages_select_regex=None, packages_skip_regex=None, packages_start=None, packages_end=None, allow_overriding=[], cmake_args=None, cmake_target=None, cmake_target_skip_unavailable=False, cmake_clean_cache=False, cmake_clean_first=False, cmake_force_configure=False, ament_cmake_args=None, catkin_cmake_args=None, catkin_skip_building_tests=False, verb_parser=<colcon_defaults.argument_parser.defaults.DefaultArgumentsDecorator object at 0x7f0191c27940>, verb_extension=<colcon_core.verb.build.BuildVerb object at 0x7f0191c274f0>, main=<bound method BuildVerb.main of <colcon_core.verb.build.BuildVerb object at 0x7f0191c274f0>>)
[0.253s] Level 1:colcon.colcon_core.package_discovery:discover_packages(colcon_meta) check parameters
[0.254s] Level 1:colcon.colcon_core.package_discovery:discover_packages(recursive) check parameters
[0.254s] Level 1:colcon.colcon_core.package_discovery:discover_packages(ignore) check parameters
[0.254s] Level 1:colcon.colcon_core.package_discovery:discover_packages(path) check parameters
[0.254s] Level 1:colcon.colcon_core.package_discovery:discover_packages(colcon_meta) discover
[0.254s] Level 1:colcon.colcon_core.package_discovery:discover_packages(recursive) discover
[0.254s] INFO:colcon.colcon_core.package_discovery:Crawling recursively for packages in '/home/zyx/ros2_learn/node/chapt3/topic_ws'
[0.254s] Level 1:colcon.colcon_core.package_identification:_identify(.) by extensions ['ignore', 'ignore_ament_install']
[0.254s] Level 1:colcon.colcon_core.package_identification:_identify(.) by extension 'ignore'
[0.254s] Level 1:colcon.colcon_core.package_identification:_identify(.) by extension 'ignore_ament_install'
[0.254s] Level 1:colcon.colcon_core.package_identification:_identify(.) by extensions ['colcon_pkg']
[0.254s] Level 1:colcon.colcon_core.package_identification:_identify(.) by extension 'colcon_pkg'
[0.254s] Level 1:colcon.colcon_core.package_identification:_identify(.) by extensions ['colcon_meta']
[0.254s] Level 1:colcon.colcon_core.package_identification:_identify(.) by extension 'colcon_meta'
[0.254s] Level 1:colcon.colcon_core.package_identification:_identify(.) by extensions ['ros']
[0.254s] Level 1:colcon.colcon_core.package_identification:_identify(.) by extension 'ros'
[0.265s] Level 1:colcon.colcon_core.package_identification:_identify(.) by extensions ['cmake', 'python']
[0.265s] Level 1:colcon.colcon_core.package_identification:_identify(.) by extension 'cmake'
[0.265s] Level 1:colcon.colcon_core.package_identification:_identify(.) by extension 'python'
[0.265s] Level 1:colcon.colcon_core.package_identification:_identify(.) by extensions ['python_setup_py']
[0.265s] Level 1:colcon.colcon_core.package_identification:_identify(.) by extension 'python_setup_py'
[0.265s] Level 1:colcon.colcon_core.package_identification:_identify(build) by extensions ['ignore', 'ignore_ament_install']
[0.265s] Level 1:colcon.colcon_core.package_identification:_identify(build) by extension 'ignore'
[0.265s] Level 1:colcon.colcon_core.package_identification:_identify(build) ignored
[0.265s] Level 1:colcon.colcon_core.package_identification:_identify(install) by extensions ['ignore', 'ignore_ament_install']
[0.266s] Level 1:colcon.colcon_core.package_identification:_identify(install) by extension 'ignore'
[0.266s] Level 1:colcon.colcon_core.package_identification:_identify(install) ignored
[0.266s] Level 1:colcon.colcon_core.package_identification:_identify(log) by extensions ['ignore', 'ignore_ament_install']
[0.266s] Level 1:colcon.colcon_core.package_identification:_identify(log) by extension 'ignore'
[0.266s] Level 1:colcon.colcon_core.package_identification:_identify(log) ignored
[0.266s] Level 1:colcon.colcon_core.package_identification:_identify(src) by extensions ['ignore', 'ignore_ament_install']
[0.266s] Level 1:colcon.colcon_core.package_identification:_identify(src) by extension 'ignore'
[0.266s] Level 1:colcon.colcon_core.package_identification:_identify(src) by extension 'ignore_ament_install'
[0.266s] Level 1:colcon.colcon_core.package_identification:_identify(src) by extensions ['colcon_pkg']
[0.266s] Level 1:colcon.colcon_core.package_identification:_identify(src) by extension 'colcon_pkg'
[0.267s] Level 1:colcon.colcon_core.package_identification:_identify(src) by extensions ['colcon_meta']
[0.267s] Level 1:colcon.colcon_core.package_identification:_identify(src) by extension 'colcon_meta'
[0.267s] Level 1:colcon.colcon_core.package_identification:_identify(src) by extensions ['ros']
[0.267s] Level 1:colcon.colcon_core.package_identification:_identify(src) by extension 'ros'
[0.267s] Level 1:colcon.colcon_core.package_identification:_identify(src) by extensions ['cmake', 'python']
[0.267s] Level 1:colcon.colcon_core.package_identification:_identify(src) by extension 'cmake'
[0.267s] Level 1:colcon.colcon_core.package_identification:_identify(src) by extension 'python'
[0.267s] Level 1:colcon.colcon_core.package_identification:_identify(src) by extensions ['python_setup_py']
[0.267s] Level 1:colcon.colcon_core.package_identification:_identify(src) by extension 'python_setup_py'
[0.267s] Level 1:colcon.colcon_core.package_identification:_identify(src/demo_cpp_topic) by extensions ['ignore', 'ignore_ament_install']
[0.267s] Level 1:colcon.colcon_core.package_identification:_identify(src/demo_cpp_topic) by extension 'ignore'
[0.268s] Level 1:colcon.colcon_core.package_identification:_identify(src/demo_cpp_topic) by extension 'ignore_ament_install'
[0.268s] Level 1:colcon.colcon_core.package_identification:_identify(src/demo_cpp_topic) by extensions ['colcon_pkg']
[0.268s] Level 1:colcon.colcon_core.package_identification:_identify(src/demo_cpp_topic) by extension 'colcon_pkg'
[0.268s] Level 1:colcon.colcon_core.package_identification:_identify(src/demo_cpp_topic) by extensions ['colcon_meta']
[0.268s] Level 1:colcon.colcon_core.package_identification:_identify(src/demo_cpp_topic) by extension 'colcon_meta'
[0.268s] Level 1:colcon.colcon_core.package_identification:_identify(src/demo_cpp_topic) by extensions ['ros']
[0.268s] Level 1:colcon.colcon_core.package_identification:_identify(src/demo_cpp_topic) by extension 'ros'
[0.270s] DEBUG:colcon.colcon_core.package_identification:Package 'src/demo_cpp_topic' with type 'ros.ament_cmake' and name 'demo_cpp_topic'
[0.270s] Level 1:colcon.colcon_core.package_identification:_identify(src/demo_python_topic) by extensions ['ignore', 'ignore_ament_install']
[0.270s] Level 1:colcon.colcon_core.package_identification:_identify(src/demo_python_topic) by extension 'ignore'
[0.271s] Level 1:colcon.colcon_core.package_identification:_identify(src/demo_python_topic) by extension 'ignore_ament_install'
[0.271s] Level 1:colcon.colcon_core.package_identification:_identify(src/demo_python_topic) by extensions ['colcon_pkg']
[0.271s] Level 1:colcon.colcon_core.package_identification:_identify(src/demo_python_topic) by extension 'colcon_pkg'
[0.271s] Level 1:colcon.colcon_core.package_identification:_identify(src/demo_python_topic) by extensions ['colcon_meta']
[0.271s] Level 1:colcon.colcon_core.package_identification:_identify(src/demo_python_topic) by extension 'colcon_meta'
[0.271s] Level 1:colcon.colcon_core.package_identification:_identify(src/demo_python_topic) by extensions ['ros']
[0.271s] Level 1:colcon.colcon_core.package_identification:_identify(src/demo_python_topic) by extension 'ros'
[0.272s] DEBUG:colcon.colcon_core.package_identification:Package 'src/demo_python_topic' with type 'ros.ament_python' and name 'demo_python_topic'
[0.272s] Level 1:colcon.colcon_core.package_discovery:discover_packages(recursive) using defaults
[0.272s] Level 1:colcon.colcon_core.package_discovery:discover_packages(ignore) discover
[0.272s] Level 1:colcon.colcon_core.package_discovery:discover_packages(ignore) using defaults
[0.272s] Level 1:colcon.colcon_core.package_discovery:discover_packages(path) discover
[0.272s] Level 1:colcon.colcon_core.package_discovery:discover_packages(path) using defaults
[0.290s] Level 1:colcon.colcon_core.package_discovery:discover_packages(prefix_path) check parameters
[0.290s] Level 1:colcon.colcon_core.package_discovery:discover_packages(prefix_path) discover
[0.292s] DEBUG:colcon.colcon_installed_package_information.package_discovery:Found 2 installed packages in /home/zyx/ros2_learn/node/chapt3/topic_ws/install
[0.293s] DEBUG:colcon.colcon_installed_package_information.package_discovery:Found 271 installed packages in /opt/ros/humble
[0.295s] Level 1:colcon.colcon_core.package_discovery:discover_packages(prefix_path) using defaults
[0.348s] Level 5:colcon.colcon_core.verb:set package 'demo_cpp_topic' build argument 'cmake_args' from command line to 'None'
[0.348s] Level 5:colcon.colcon_core.verb:set package 'demo_cpp_topic' build argument 'cmake_target' from command line to 'None'
[0.348s] Level 5:colcon.colcon_core.verb:set package 'demo_cpp_topic' build argument 'cmake_target_skip_unavailable' from command line to 'False'
[0.348s] Level 5:colcon.colcon_core.verb:set package 'demo_cpp_topic' build argument 'cmake_clean_cache' from command line to 'False'
[0.348s] Level 5:colcon.colcon_core.verb:set package 'demo_cpp_topic' build argument 'cmake_clean_first' from command line to 'False'
[0.348s] Level 5:colcon.colcon_core.verb:set package 'demo_cpp_topic' build argument 'cmake_force_configure' from command line to 'False'
[0.348s] Level 5:colcon.colcon_core.verb:set package 'demo_cpp_topic' build argument 'ament_cmake_args' from command line to 'None'
[0.348s] Level 5:colcon.colcon_core.verb:set package 'demo_cpp_topic' build argument 'catkin_cmake_args' from command line to 'None'
[0.348s] Level 5:colcon.colcon_core.verb:set package 'demo_cpp_topic' build argument 'catkin_skip_building_tests' from command line to 'False'
[0.348s] DEBUG:colcon.colcon_core.verb:Building package 'demo_cpp_topic' with the following arguments: {'ament_cmake_args': None, 'build_base': '/home/zyx/ros2_learn/node/chapt3/topic_ws/build/demo_cpp_topic', 'catkin_cmake_args': None, 'catkin_skip_building_tests': False, 'cmake_args': None, 'cmake_clean_cache': False, 'cmake_clean_first': False, 'cmake_force_configure': False, 'cmake_target': None, 'cmake_target_skip_unavailable': False, 'install_base': '/home/zyx/ros2_learn/node/chapt3/topic_ws/install/demo_cpp_topic', 'merge_install': False, 'path': '/home/zyx/ros2_learn/node/chapt3/topic_ws/src/demo_cpp_topic', 'symlink_install': False, 'test_result_base': None}
[0.349s] Level 5:colcon.colcon_core.verb:set package 'demo_python_topic' build argument 'cmake_args' from command line to 'None'
[0.349s] Level 5:colcon.colcon_core.verb:set package 'demo_python_topic' build argument 'cmake_target' from command line to 'None'
[0.349s] Level 5:colcon.colcon_core.verb:set package 'demo_python_topic' build argument 'cmake_target_skip_unavailable' from command line to 'False'
[0.349s] Level 5:colcon.colcon_core.verb:set package 'demo_python_topic' build argument 'cmake_clean_cache' from command line to 'False'
[0.349s] Level 5:colcon.colcon_core.verb:set package 'demo_python_topic' build argument 'cmake_clean_first' from command line to 'False'
[0.349s] Level 5:colcon.colcon_core.verb:set package 'demo_python_topic' build argument 'cmake_force_configure' from command line to 'False'
[0.349s] Level 5:colcon.colcon_core.verb:set package 'demo_python_topic' build argument 'ament_cmake_args' from command line to 'None'
[0.349s] Level 5:colcon.colcon_core.verb:set package 'demo_python_topic' build argument 'catkin_cmake_args' from command line to 'None'
[0.349s] Level 5:colcon.colcon_core.verb:set package 'demo_python_topic' build argument 'catkin_skip_building_tests' from command line to 'False'
[0.349s] DEBUG:colcon.colcon_core.verb:Building package 'demo_python_topic' with the following arguments: {'ament_cmake_args': None, 'build_base': '/home/zyx/ros2_learn/node/chapt3/topic_ws/build/demo_python_topic', 'catkin_cmake_args': None, 'catkin_skip_building_tests': False, 'cmake_args': None, 'cmake_clean_cache': False, 'cmake_clean_first': False, 'cmake_force_configure': False, 'cmake_target': None, 'cmake_target_skip_unavailable': False, 'install_base': '/home/zyx/ros2_learn/node/chapt3/topic_ws/install/demo_python_topic', 'merge_install': False, 'path': '/home/zyx/ros2_learn/node/chapt3/topic_ws/src/demo_python_topic', 'symlink_install': False, 'test_result_base': None}
[0.349s] INFO:colcon.colcon_core.executor:Executing jobs using 'parallel' executor
[0.351s] DEBUG:colcon.colcon_parallel_executor.executor.parallel:run_until_complete
[0.351s] INFO:colcon.colcon_ros.task.ament_cmake.build:Building ROS package in '/home/zyx/ros2_learn/node/chapt3/topic_ws/src/demo_cpp_topic' with build type 'ament_cmake'
[0.351s] INFO:colcon.colcon_cmake.task.cmake.build:Building CMake package in '/home/zyx/ros2_learn/node/chapt3/topic_ws/src/demo_cpp_topic'
[0.354s] INFO:colcon.colcon_core.plugin_system:Skipping extension 'colcon_core.shell.bat': Not used on non-Windows systems
[0.354s] INFO:colcon.colcon_core.shell:Skip shell extension 'powershell' for command environment: Not usable outside of PowerShell
[0.354s] DEBUG:colcon.colcon_core.shell:Skip shell extension 'dsv' for command environment
[0.358s] INFO:colcon.colcon_ros.task.ament_python.build:Building ROS package in '/home/zyx/ros2_learn/node/chapt3/topic_ws/src/demo_python_topic' with build type 'ament_python'
[0.359s] Level 1:colcon.colcon_core.shell:create_environment_hook('demo_python_topic', 'ament_prefix_path')
[0.359s] INFO:colcon.colcon_core.shell:Creating environment hook '/home/zyx/ros2_learn/node/chapt3/topic_ws/install/demo_python_topic/share/demo_python_topic/hook/ament_prefix_path.ps1'
[0.360s] INFO:colcon.colcon_core.shell:Creating environment descriptor '/home/zyx/ros2_learn/node/chapt3/topic_ws/install/demo_python_topic/share/demo_python_topic/hook/ament_prefix_path.dsv'
[0.361s] INFO:colcon.colcon_core.shell:Creating environment hook '/home/zyx/ros2_learn/node/chapt3/topic_ws/install/demo_python_topic/share/demo_python_topic/hook/ament_prefix_path.sh'
[0.363s] INFO:colcon.colcon_core.shell:Skip shell extension 'powershell' for command environment: Not usable outside of PowerShell
[0.363s] DEBUG:colcon.colcon_core.shell:Skip shell extension 'dsv' for command environment
[0.372s] DEBUG:colcon.colcon_core.event_handler.log_command:Invoking command in '/home/zyx/ros2_learn/node/chapt3/topic_ws/build/demo_cpp_topic': CMAKE_PREFIX_PATH=${CMAKE_PREFIX_PATH}:/home/zyx/ros2_learn/node/chapt3/topic_ws/install/demo_python_topic:/opt/ros/humble /usr/bin/cmake --build /home/zyx/ros2_learn/node/chapt3/topic_ws/build/demo_cpp_topic -- -j12 -l12
[0.764s] INFO:colcon.colcon_core.task.python.build:Building Python package in '/home/zyx/ros2_learn/node/chapt3/topic_ws/src/demo_python_topic'
[0.765s] INFO:colcon.colcon_core.shell:Skip shell extension 'powershell' for command environment: Not usable outside of PowerShell
[0.765s] DEBUG:colcon.colcon_core.shell:Skip shell extension 'dsv' for command environment
[1.336s] DEBUG:colcon.colcon_core.event_handler.log_command:Invoking command in '/home/zyx/ros2_learn/node/chapt3/topic_ws/src/demo_python_topic': PYTHONPATH=/home/zyx/ros2_learn/node/chapt3/topic_ws/build/demo_python_topic/prefix_override:/usr/lib/python3/dist-packages/colcon_core/task/python/colcon_distutils_commands:/home/zyx/ros2_learn/node/chapt3/topic_ws/install/demo_python_topic/lib/python3.10/site-packages:${PYTHONPATH} /usr/bin/python3 -W ignore:setup.py install is deprecated -W ignore:easy_install command is deprecated setup.py egg_info --egg-base ../../build/demo_python_topic build --build-base /home/zyx/ros2_learn/node/chapt3/topic_ws/build/demo_python_topic/build install --record /home/zyx/ros2_learn/node/chapt3/topic_ws/build/demo_python_topic/install.log --single-version-externally-managed install_data
[1.712s] DEBUG:colcon.colcon_core.event_handler.log_command:Invoked command in '/home/zyx/ros2_learn/node/chapt3/topic_ws/src/demo_python_topic' returned '0': PYTHONPATH=/home/zyx/ros2_learn/node/chapt3/topic_ws/build/demo_python_topic/prefix_override:/usr/lib/python3/dist-packages/colcon_core/task/python/colcon_distutils_commands:/home/zyx/ros2_learn/node/chapt3/topic_ws/install/demo_python_topic/lib/python3.10/site-packages:${PYTHONPATH} /usr/bin/python3 -W ignore:setup.py install is deprecated -W ignore:easy_install command is deprecated setup.py egg_info --egg-base ../../build/demo_python_topic build --build-base /home/zyx/ros2_learn/node/chapt3/topic_ws/build/demo_python_topic/build install --record /home/zyx/ros2_learn/node/chapt3/topic_ws/build/demo_python_topic/install.log --single-version-externally-managed install_data
[1.716s] Level 1:colcon.colcon_core.environment:checking '/home/zyx/ros2_learn/node/chapt3/topic_ws/install/demo_python_topic' for CMake module files
[1.716s] Level 1:colcon.colcon_core.environment:checking '/home/zyx/ros2_learn/node/chapt3/topic_ws/install/demo_python_topic' for CMake config files
[1.717s] Level 1:colcon.colcon_core.environment:checking '/home/zyx/ros2_learn/node/chapt3/topic_ws/install/demo_python_topic/lib'
[1.717s] Level 1:colcon.colcon_core.environment:checking '/home/zyx/ros2_learn/node/chapt3/topic_ws/install/demo_python_topic/bin'
[1.718s] Level 1:colcon.colcon_core.environment:checking '/home/zyx/ros2_learn/node/chapt3/topic_ws/install/demo_python_topic/lib/pkgconfig/demo_python_topic.pc'
[1.718s] Level 1:colcon.colcon_core.environment:checking '/home/zyx/ros2_learn/node/chapt3/topic_ws/install/demo_python_topic/lib/python3.10/site-packages'
[1.718s] Level 1:colcon.colcon_core.shell:create_environment_hook('demo_python_topic', 'pythonpath')
[1.718s] INFO:colcon.colcon_core.shell:Creating environment hook '/home/zyx/ros2_learn/node/chapt3/topic_ws/install/demo_python_topic/share/demo_python_topic/hook/pythonpath.ps1'
[1.719s] INFO:colcon.colcon_core.shell:Creating environment descriptor '/home/zyx/ros2_learn/node/chapt3/topic_ws/install/demo_python_topic/share/demo_python_topic/hook/pythonpath.dsv'
[1.719s] INFO:colcon.colcon_core.shell:Creating environment hook '/home/zyx/ros2_learn/node/chapt3/topic_ws/install/demo_python_topic/share/demo_python_topic/hook/pythonpath.sh'
[1.720s] Level 1:colcon.colcon_core.environment:checking '/home/zyx/ros2_learn/node/chapt3/topic_ws/install/demo_python_topic/bin'
[1.720s] Level 1:colcon.colcon_core.environment:create_environment_scripts_only(demo_python_topic)
[1.720s] INFO:colcon.colcon_core.shell:Creating package script '/home/zyx/ros2_learn/node/chapt3/topic_ws/install/demo_python_topic/share/demo_python_topic/package.ps1'
[1.722s] INFO:colcon.colcon_core.shell:Creating package descriptor '/home/zyx/ros2_learn/node/chapt3/topic_ws/install/demo_python_topic/share/demo_python_topic/package.dsv'
[1.722s] INFO:colcon.colcon_core.shell:Creating package script '/home/zyx/ros2_learn/node/chapt3/topic_ws/install/demo_python_topic/share/demo_python_topic/package.sh'
[1.723s] INFO:colcon.colcon_core.shell:Creating package script '/home/zyx/ros2_learn/node/chapt3/topic_ws/install/demo_python_topic/share/demo_python_topic/package.bash'
[1.724s] INFO:colcon.colcon_core.shell:Creating package script '/home/zyx/ros2_learn/node/chapt3/topic_ws/install/demo_python_topic/share/demo_python_topic/package.zsh'
[1.725s] Level 1:colcon.colcon_core.environment:create_file_with_runtime_dependencies(/home/zyx/ros2_learn/node/chapt3/topic_ws/install/demo_python_topic/share/colcon-core/packages/demo_python_topic)
[12.016s] DEBUG:colcon.colcon_core.event_handler.log_command:Invoked command in '/home/zyx/ros2_learn/node/chapt3/topic_ws/build/demo_cpp_topic' returned '0': CMAKE_PREFIX_PATH=${CMAKE_PREFIX_PATH}:/home/zyx/ros2_learn/node/chapt3/topic_ws/install/demo_python_topic:/opt/ros/humble /usr/bin/cmake --build /home/zyx/ros2_learn/node/chapt3/topic_ws/build/demo_cpp_topic -- -j12 -l12
[12.036s] DEBUG:colcon.colcon_core.event_handler.log_command:Invoking command in '/home/zyx/ros2_learn/node/chapt3/topic_ws/build/demo_cpp_topic': CMAKE_PREFIX_PATH=${CMAKE_PREFIX_PATH}:/home/zyx/ros2_learn/node/chapt3/topic_ws/install/demo_python_topic:/opt/ros/humble /usr/bin/cmake --install /home/zyx/ros2_learn/node/chapt3/topic_ws/build/demo_cpp_topic
[12.060s] Level 1:colcon.colcon_core.environment:create_environment_scripts_only(demo_cpp_topic)
[12.061s] Level 1:colcon.colcon_core.environment:checking '/home/zyx/ros2_learn/node/chapt3/topic_ws/install/demo_cpp_topic' for CMake module files
[12.061s] DEBUG:colcon.colcon_core.event_handler.log_command:Invoked command in '/home/zyx/ros2_learn/node/chapt3/topic_ws/build/demo_cpp_topic' returned '0': CMAKE_PREFIX_PATH=${CMAKE_PREFIX_PATH}:/home/zyx/ros2_learn/node/chapt3/topic_ws/install/demo_python_topic:/opt/ros/humble /usr/bin/cmake --install /home/zyx/ros2_learn/node/chapt3/topic_ws/build/demo_cpp_topic
[12.062s] Level 1:colcon.colcon_core.environment:checking '/home/zyx/ros2_learn/node/chapt3/topic_ws/install/demo_cpp_topic' for CMake config files
[12.063s] Level 1:colcon.colcon_core.shell:create_environment_hook('demo_cpp_topic', 'cmake_prefix_path')
[12.063s] INFO:colcon.colcon_core.shell:Creating environment hook '/home/zyx/ros2_learn/node/chapt3/topic_ws/install/demo_cpp_topic/share/demo_cpp_topic/hook/cmake_prefix_path.ps1'
[12.064s] INFO:colcon.colcon_core.shell:Creating environment descriptor '/home/zyx/ros2_learn/node/chapt3/topic_ws/install/demo_cpp_topic/share/demo_cpp_topic/hook/cmake_prefix_path.dsv'
[12.065s] INFO:colcon.colcon_core.shell:Creating environment hook '/home/zyx/ros2_learn/node/chapt3/topic_ws/install/demo_cpp_topic/share/demo_cpp_topic/hook/cmake_prefix_path.sh'
[12.066s] Level 1:colcon.colcon_core.environment:checking '/home/zyx/ros2_learn/node/chapt3/topic_ws/install/demo_cpp_topic/lib'
[12.066s] Level 1:colcon.colcon_core.environment:checking '/home/zyx/ros2_learn/node/chapt3/topic_ws/install/demo_cpp_topic/bin'
[12.066s] Level 1:colcon.colcon_core.environment:checking '/home/zyx/ros2_learn/node/chapt3/topic_ws/install/demo_cpp_topic/lib/pkgconfig/demo_cpp_topic.pc'
[12.067s] Level 1:colcon.colcon_core.environment:checking '/home/zyx/ros2_learn/node/chapt3/topic_ws/install/demo_cpp_topic/lib/python3.10/site-packages'
[12.067s] Level 1:colcon.colcon_core.environment:checking '/home/zyx/ros2_learn/node/chapt3/topic_ws/install/demo_cpp_topic/bin'
[12.068s] INFO:colcon.colcon_core.shell:Creating package script '/home/zyx/ros2_learn/node/chapt3/topic_ws/install/demo_cpp_topic/share/demo_cpp_topic/package.ps1'
[12.068s] INFO:colcon.colcon_core.shell:Creating package descriptor '/home/zyx/ros2_learn/node/chapt3/topic_ws/install/demo_cpp_topic/share/demo_cpp_topic/package.dsv'
[12.069s] INFO:colcon.colcon_core.shell:Creating package script '/home/zyx/ros2_learn/node/chapt3/topic_ws/install/demo_cpp_topic/share/demo_cpp_topic/package.sh'
[12.070s] INFO:colcon.colcon_core.shell:Creating package script '/home/zyx/ros2_learn/node/chapt3/topic_ws/install/demo_cpp_topic/share/demo_cpp_topic/package.bash'
[12.070s] INFO:colcon.colcon_core.shell:Creating package script '/home/zyx/ros2_learn/node/chapt3/topic_ws/install/demo_cpp_topic/share/demo_cpp_topic/package.zsh'
[12.071s] Level 1:colcon.colcon_core.environment:create_file_with_runtime_dependencies(/home/zyx/ros2_learn/node/chapt3/topic_ws/install/demo_cpp_topic/share/colcon-core/packages/demo_cpp_topic)
[12.072s] Level 1:colcon.colcon_core.environment:create_environment_scripts_only(demo_cpp_topic)
[12.072s] Level 1:colcon.colcon_core.environment:checking '/home/zyx/ros2_learn/node/chapt3/topic_ws/install/demo_cpp_topic' for CMake module files
[12.073s] Level 1:colcon.colcon_core.environment:checking '/home/zyx/ros2_learn/node/chapt3/topic_ws/install/demo_cpp_topic' for CMake config files
[12.073s] Level 1:colcon.colcon_core.shell:create_environment_hook('demo_cpp_topic', 'cmake_prefix_path')
[12.073s] INFO:colcon.colcon_core.shell:Creating environment hook '/home/zyx/ros2_learn/node/chapt3/topic_ws/install/demo_cpp_topic/share/demo_cpp_topic/hook/cmake_prefix_path.ps1'
[12.074s] INFO:colcon.colcon_core.shell:Creating environment descriptor '/home/zyx/ros2_learn/node/chapt3/topic_ws/install/demo_cpp_topic/share/demo_cpp_topic/hook/cmake_prefix_path.dsv'
[12.074s] INFO:colcon.colcon_core.shell:Creating environment hook '/home/zyx/ros2_learn/node/chapt3/topic_ws/install/demo_cpp_topic/share/demo_cpp_topic/hook/cmake_prefix_path.sh'
[12.075s] Level 1:colcon.colcon_core.environment:checking '/home/zyx/ros2_learn/node/chapt3/topic_ws/install/demo_cpp_topic/lib'
[12.075s] Level 1:colcon.colcon_core.environment:checking '/home/zyx/ros2_learn/node/chapt3/topic_ws/install/demo_cpp_topic/bin'
[12.075s] Level 1:colcon.colcon_core.environment:checking '/home/zyx/ros2_learn/node/chapt3/topic_ws/install/demo_cpp_topic/lib/pkgconfig/demo_cpp_topic.pc'
[12.076s] Level 1:colcon.colcon_core.environment:checking '/home/zyx/ros2_learn/node/chapt3/topic_ws/install/demo_cpp_topic/lib/python3.10/site-packages'
[12.076s] Level 1:colcon.colcon_core.environment:checking '/home/zyx/ros2_learn/node/chapt3/topic_ws/install/demo_cpp_topic/bin'
[12.076s] INFO:colcon.colcon_core.shell:Creating package script '/home/zyx/ros2_learn/node/chapt3/topic_ws/install/demo_cpp_topic/share/demo_cpp_topic/package.ps1'
[12.077s] INFO:colcon.colcon_core.shell:Creating package descriptor '/home/zyx/ros2_learn/node/chapt3/topic_ws/install/demo_cpp_topic/share/demo_cpp_topic/package.dsv'
[12.077s] INFO:colcon.colcon_core.shell:Creating package script '/home/zyx/ros2_learn/node/chapt3/topic_ws/install/demo_cpp_topic/share/demo_cpp_topic/package.sh'
[12.078s] INFO:colcon.colcon_core.shell:Creating package script '/home/zyx/ros2_learn/node/chapt3/topic_ws/install/demo_cpp_topic/share/demo_cpp_topic/package.bash'
[12.079s] INFO:colcon.colcon_core.shell:Creating package script '/home/zyx/ros2_learn/node/chapt3/topic_ws/install/demo_cpp_topic/share/demo_cpp_topic/package.zsh'
[12.079s] Level 1:colcon.colcon_core.environment:create_file_with_runtime_dependencies(/home/zyx/ros2_learn/node/chapt3/topic_ws/install/demo_cpp_topic/share/colcon-core/packages/demo_cpp_topic)
[12.080s] DEBUG:colcon.colcon_parallel_executor.executor.parallel:closing loop
[12.080s] DEBUG:colcon.colcon_parallel_executor.executor.parallel:loop closed
[12.080s] DEBUG:colcon.colcon_parallel_executor.executor.parallel:run_until_complete finished with '0'
[12.080s] DEBUG:colcon.colcon_core.event_reactor:joining thread
[12.088s] INFO:colcon.colcon_core.plugin_system:Skipping extension 'colcon_notification.desktop_notification.terminal_notifier': Not used on non-Darwin systems
[12.088s] INFO:colcon.colcon_core.plugin_system:Skipping extension 'colcon_notification.desktop_notification.win32': Not used on non-Windows systems
[12.088s] INFO:colcon.colcon_notification.desktop_notification:Sending desktop notification using 'notify2'
[12.099s] DEBUG:colcon.colcon_core.event_reactor:joined thread
[12.099s] INFO:colcon.colcon_core.shell:Creating prefix script '/home/zyx/ros2_learn/node/chapt3/topic_ws/install/local_setup.ps1'
[12.100s] INFO:colcon.colcon_core.shell:Creating prefix util module '/home/zyx/ros2_learn/node/chapt3/topic_ws/install/_local_setup_util_ps1.py'
[12.103s] INFO:colcon.colcon_core.shell:Creating prefix chain script '/home/zyx/ros2_learn/node/chapt3/topic_ws/install/setup.ps1'
[12.105s] INFO:colcon.colcon_core.shell:Creating prefix script '/home/zyx/ros2_learn/node/chapt3/topic_ws/install/local_setup.sh'
[12.107s] INFO:colcon.colcon_core.shell:Creating prefix util module '/home/zyx/ros2_learn/node/chapt3/topic_ws/install/_local_setup_util_sh.py'
[12.109s] INFO:colcon.colcon_core.shell:Creating prefix chain script '/home/zyx/ros2_learn/node/chapt3/topic_ws/install/setup.sh'
[12.112s] INFO:colcon.colcon_core.shell:Creating prefix script '/home/zyx/ros2_learn/node/chapt3/topic_ws/install/local_setup.bash'
[12.113s] INFO:colcon.colcon_core.shell:Creating prefix chain script '/home/zyx/ros2_learn/node/chapt3/topic_ws/install/setup.bash'
[12.117s] INFO:colcon.colcon_core.shell:Creating prefix script '/home/zyx/ros2_learn/node/chapt3/topic_ws/install/local_setup.zsh'
[12.118s] INFO:colcon.colcon_core.shell:Creating prefix chain script '/home/zyx/ros2_learn/node/chapt3/topic_ws/install/setup.zsh'
