running egg_info
writing ../../build/py_status_publisher/py_status_publisher.egg-info/PKG-INFO
writing dependency_links to ../../build/py_status_publisher/py_status_publisher.egg-info/dependency_links.txt
writing entry points to ../../build/py_status_publisher/py_status_publisher.egg-info/entry_points.txt
writing requirements to ../../build/py_status_publisher/py_status_publisher.egg-info/requires.txt
writing top-level names to ../../build/py_status_publisher/py_status_publisher.egg-info/top_level.txt
reading manifest file '../../build/py_status_publisher/py_status_publisher.egg-info/SOURCES.txt'
adding license file 'LICENSE'
writing manifest file '../../build/py_status_publisher/py_status_publisher.egg-info/SOURCES.txt'
running build
running build_py
running install
running install_lib
running install_data
running install_egg_info
removing '/home/zyx/ros2_learn/node/chapt3/topic_practice_ws/install/py_status_publisher/lib/python3.10/site-packages/py_status_publisher-0.0.0-py3.10.egg-info' (and everything under it)
Copying ../../build/py_status_publisher/py_status_publisher.egg-info to /home/zyx/ros2_learn/node/chapt3/topic_practice_ws/install/py_status_publisher/lib/python3.10/site-packages/py_status_publisher-0.0.0-py3.10.egg-info
running install_scripts
Installing sys_status_pub script to /home/zyx/ros2_learn/node/chapt3/topic_practice_ws/install/py_status_publisher/lib/py_status_publisher
writing list of installed files to '/home/zyx/ros2_learn/node/chapt3/topic_practice_ws/build/py_status_publisher/install.log'
