[0.924s] Invoking command in '/home/zyx/ros2_learn/node/chapt3/topic_practice_ws/src/py_status_publisher': PYTHONPATH=/home/zyx/ros2_learn/node/chapt3/topic_practice_ws/build/py_status_publisher/prefix_override:/usr/lib/python3/dist-packages/colcon_core/task/python/colcon_distutils_commands:/home/zyx/ros2_learn/node/chapt3/topic_practice_ws/install/py_status_publisher/lib/python3.10/site-packages:${PYTHONPATH} /usr/bin/python3 -W ignore:setup.py install is deprecated -W ignore:easy_install command is deprecated setup.py egg_info --egg-base ../../build/py_status_publisher build --build-base /home/zyx/ros2_learn/node/chapt3/topic_practice_ws/build/py_status_publisher/build install --record /home/zyx/ros2_learn/node/chapt3/topic_practice_ws/build/py_status_publisher/install.log --single-version-externally-managed install_data
[1.267s] running egg_info
[1.268s] writing ../../build/py_status_publisher/py_status_publisher.egg-info/PKG-INFO
[1.268s] writing dependency_links to ../../build/py_status_publisher/py_status_publisher.egg-info/dependency_links.txt
[1.269s] writing entry points to ../../build/py_status_publisher/py_status_publisher.egg-info/entry_points.txt
[1.269s] writing requirements to ../../build/py_status_publisher/py_status_publisher.egg-info/requires.txt
[1.269s] writing top-level names to ../../build/py_status_publisher/py_status_publisher.egg-info/top_level.txt
[1.271s] reading manifest file '../../build/py_status_publisher/py_status_publisher.egg-info/SOURCES.txt'
[1.271s] adding license file 'LICENSE'
[1.272s] writing manifest file '../../build/py_status_publisher/py_status_publisher.egg-info/SOURCES.txt'
[1.272s] running build
[1.272s] running build_py
[1.272s] running install
[1.272s] running install_lib
[1.274s] running install_data
[1.274s] running install_egg_info
[1.277s] removing '/home/zyx/ros2_learn/node/chapt3/topic_practice_ws/install/py_status_publisher/lib/python3.10/site-packages/py_status_publisher-0.0.0-py3.10.egg-info' (and everything under it)
[1.277s] Copying ../../build/py_status_publisher/py_status_publisher.egg-info to /home/zyx/ros2_learn/node/chapt3/topic_practice_ws/install/py_status_publisher/lib/python3.10/site-packages/py_status_publisher-0.0.0-py3.10.egg-info
[1.281s] running install_scripts
[1.304s] Installing sys_status_pub script to /home/zyx/ros2_learn/node/chapt3/topic_practice_ws/install/py_status_publisher/lib/py_status_publisher
[1.305s] writing list of installed files to '/home/zyx/ros2_learn/node/chapt3/topic_practice_ws/build/py_status_publisher/install.log'
[1.343s] Invoked command in '/home/zyx/ros2_learn/node/chapt3/topic_practice_ws/src/py_status_publisher' returned '0': PYTHONPATH=/home/zyx/ros2_learn/node/chapt3/topic_practice_ws/build/py_status_publisher/prefix_override:/usr/lib/python3/dist-packages/colcon_core/task/python/colcon_distutils_commands:/home/zyx/ros2_learn/node/chapt3/topic_practice_ws/install/py_status_publisher/lib/python3.10/site-packages:${PYTHONPATH} /usr/bin/python3 -W ignore:setup.py install is deprecated -W ignore:easy_install command is deprecated setup.py egg_info --egg-base ../../build/py_status_publisher build --build-base /home/zyx/ros2_learn/node/chapt3/topic_practice_ws/build/py_status_publisher/build install --record /home/zyx/ros2_learn/node/chapt3/topic_practice_ws/build/py_status_publisher/install.log --single-version-externally-managed install_data
