[0.009s] Invoking command in '/home/zyx/ros2_learn/node/chapt3/topic_ws/src/demo_python_topic': PYTHONPATH=/home/zyx/ros2_learn/node/chapt3/topic_ws/build/demo_python_topic/prefix_override:/usr/lib/python3/dist-packages/colcon_core/task/python/colcon_distutils_commands:/home/zyx/ros2_learn/node/chapt3/topic_ws/install/demo_python_topic/lib/python3.10/site-packages:${PYTHONPATH} /usr/bin/python3 -W ignore:setup.py install is deprecated -W ignore:easy_install command is deprecated setup.py egg_info --egg-base ../../build/demo_python_topic build --build-base /home/zyx/ros2_learn/node/chapt3/topic_ws/build/demo_python_topic/build install --record /home/zyx/ros2_learn/node/chapt3/topic_ws/build/demo_python_topic/install.log --single-version-externally-managed install_data
[0.012s] running egg_info
[0.012s] writing ../../build/demo_python_topic/demo_python_topic.egg-info/PKG-INFO
[0.012s] writing dependency_links to ../../build/demo_python_topic/demo_python_topic.egg-info/dependency_links.txt
[0.012s] writing entry points to ../../build/demo_python_topic/demo_python_topic.egg-info/entry_points.txt
[0.013s] writing requirements to ../../build/demo_python_topic/demo_python_topic.egg-info/requires.txt
[0.013s] writing top-level names to ../../build/demo_python_topic/demo_python_topic.egg-info/top_level.txt
[0.014s] reading manifest file '../../build/demo_python_topic/demo_python_topic.egg-info/SOURCES.txt'
[0.014s] adding license file 'LICENSE'
[0.014s] writing manifest file '../../build/demo_python_topic/demo_python_topic.egg-info/SOURCES.txt'
[0.015s] running build
[0.015s] running build_py
[0.015s] copying demo_python_topic/novel_pub_node.py -> /home/zyx/ros2_learn/node/chapt3/topic_ws/build/demo_python_topic/build/lib/demo_python_topic
[0.015s] running install
[0.016s] running install_lib
[0.016s] copying /home/zyx/ros2_learn/node/chapt3/topic_ws/build/demo_python_topic/build/lib/demo_python_topic/novel_pub_node.py -> /home/zyx/ros2_learn/node/chapt3/topic_ws/install/demo_python_topic/lib/python3.10/site-packages/demo_python_topic
[0.016s] byte-compiling /home/zyx/ros2_learn/node/chapt3/topic_ws/install/demo_python_topic/lib/python3.10/site-packages/demo_python_topic/novel_pub_node.py to novel_pub_node.cpython-310.pyc
[0.016s] running install_data
[0.017s] running install_egg_info
[0.017s] removing '/home/zyx/ros2_learn/node/chapt3/topic_ws/install/demo_python_topic/lib/python3.10/site-packages/demo_python_topic-0.0.0-py3.10.egg-info' (and everything under it)
[0.017s] Copying ../../build/demo_python_topic/demo_python_topic.egg-info to /home/zyx/ros2_learn/node/chapt3/topic_ws/install/demo_python_topic/lib/python3.10/site-packages/demo_python_topic-0.0.0-py3.10.egg-info
[0.017s] running install_scripts
[0.018s] Installing novel_pub_node script to /home/zyx/ros2_learn/node/chapt3/topic_ws/install/demo_python_topic/lib/demo_python_topic
[0.018s] Installing novel_sub_node script to /home/zyx/ros2_learn/node/chapt3/topic_ws/install/demo_python_topic/lib/demo_python_topic
[0.018s] writing list of installed files to '/home/zyx/ros2_learn/node/chapt3/topic_ws/build/demo_python_topic/install.log'
[0.020s] Invoked command in '/home/zyx/ros2_learn/node/chapt3/topic_ws/src/demo_python_topic' returned '0': PYTHONPATH=/home/zyx/ros2_learn/node/chapt3/topic_ws/build/demo_python_topic/prefix_override:/usr/lib/python3/dist-packages/colcon_core/task/python/colcon_distutils_commands:/home/zyx/ros2_learn/node/chapt3/topic_ws/install/demo_python_topic/lib/python3.10/site-packages:${PYTHONPATH} /usr/bin/python3 -W ignore:setup.py install is deprecated -W ignore:easy_install command is deprecated setup.py egg_info --egg-base ../../build/demo_python_topic build --build-base /home/zyx/ros2_learn/node/chapt3/topic_ws/build/demo_python_topic/build install --record /home/zyx/ros2_learn/node/chapt3/topic_ws/build/demo_python_topic/install.log --single-version-externally-managed install_data
