[1.062s] Invoking command in '/home/zyx/ros2_learn/node/chapt3/topic_practice_ws/src/py_status_publisher': PYTHONPATH=/home/zyx/ros2_learn/node/chapt3/topic_practice_ws/build/py_status_publisher/prefix_override:/usr/lib/python3/dist-packages/colcon_core/task/python/colcon_distutils_commands:/home/zyx/ros2_learn/node/chapt3/topic_practice_ws/install/py_status_publisher/lib/python3.10/site-packages:${PYTHONPATH} /usr/bin/python3 -W ignore:setup.py install is deprecated -W ignore:easy_install command is deprecated setup.py egg_info --egg-base ../../build/py_status_publisher build --build-base /home/zyx/ros2_learn/node/chapt3/topic_practice_ws/build/py_status_publisher/build install --record /home/zyx/ros2_learn/node/chapt3/topic_practice_ws/build/py_status_publisher/install.log --single-version-externally-managed install_data
[1.341s] running egg_info
[1.342s] writing ../../build/py_status_publisher/py_status_publisher.egg-info/PKG-INFO
[1.342s] writing dependency_links to ../../build/py_status_publisher/py_status_publisher.egg-info/dependency_links.txt
[1.342s] writing entry points to ../../build/py_status_publisher/py_status_publisher.egg-info/entry_points.txt
[1.343s] writing requirements to ../../build/py_status_publisher/py_status_publisher.egg-info/requires.txt
[1.343s] writing top-level names to ../../build/py_status_publisher/py_status_publisher.egg-info/top_level.txt
[1.345s] reading manifest file '../../build/py_status_publisher/py_status_publisher.egg-info/SOURCES.txt'
[1.345s] adding license file 'LICENSE'
[1.346s] writing manifest file '../../build/py_status_publisher/py_status_publisher.egg-info/SOURCES.txt'
[1.347s] running build
[1.347s] running build_py
[1.347s] running install
[1.348s] running install_lib
[1.349s] byte-compiling /home/zyx/ros2_learn/node/chapt3/topic_practice_ws/install/py_status_publisher/lib/python3.10/site-packages/py_status_publisher/sys_status_pub.py to sys_status_pub.cpython-310.pyc
[1.350s] running install_data
[1.350s] running install_egg_info
[1.352s] removing '/home/zyx/ros2_learn/node/chapt3/topic_practice_ws/install/py_status_publisher/lib/python3.10/site-packages/py_status_publisher-0.0.0-py3.10.egg-info' (and everything under it)
[1.352s] Copying ../../build/py_status_publisher/py_status_publisher.egg-info to /home/zyx/ros2_learn/node/chapt3/topic_practice_ws/install/py_status_publisher/lib/python3.10/site-packages/py_status_publisher-0.0.0-py3.10.egg-info
[1.354s] running install_scripts
[1.379s] Installing sys_status_pub script to /home/zyx/ros2_learn/node/chapt3/topic_practice_ws/install/py_status_publisher/lib/py_status_publisher
[1.379s] writing list of installed files to '/home/zyx/ros2_learn/node/chapt3/topic_practice_ws/build/py_status_publisher/install.log'
[1.413s] Invoked command in '/home/zyx/ros2_learn/node/chapt3/topic_practice_ws/src/py_status_publisher' returned '0': PYTHONPATH=/home/zyx/ros2_learn/node/chapt3/topic_practice_ws/build/py_status_publisher/prefix_override:/usr/lib/python3/dist-packages/colcon_core/task/python/colcon_distutils_commands:/home/zyx/ros2_learn/node/chapt3/topic_practice_ws/install/py_status_publisher/lib/python3.10/site-packages:${PYTHONPATH} /usr/bin/python3 -W ignore:setup.py install is deprecated -W ignore:easy_install command is deprecated setup.py egg_info --egg-base ../../build/py_status_publisher build --build-base /home/zyx/ros2_learn/node/chapt3/topic_practice_ws/build/py_status_publisher/build install --record /home/zyx/ros2_learn/node/chapt3/topic_practice_ws/build/py_status_publisher/install.log --single-version-externally-managed install_data
