[0.210s] DEBUG:colcon:Command line arguments: ['/usr/bin/colcon', 'build']
[0.211s] DEBUG:colcon:Parsed command line arguments: Namespace(log_base=None, log_level=None, verb_name='build', build_base='build', install_base='install', merge_install=False, symlink_install=False, test_result_base=None, continue_on_error=False, executor='parallel', parallel_workers=12, event_handlers=None, ignore_user_meta=False, metas=['./colcon.meta'], base_paths=['.'], packages_ignore=None, packages_ignore_regex=None, paths=None, packages_up_to=None, packages_up_to_regex=None, packages_above=None, packages_above_and_dependencies=None, packages_above_depth=None, packages_select_by_dep=None, packages_skip_by_dep=None, packages_skip_up_to=None, packages_select_build_failed=False, packages_skip_build_finished=False, packages_select_test_failures=False, packages_skip_test_passed=False, packages_select=None, packages_skip=None, packages_select_regex=None, packages_skip_regex=None, packages_start=None, packages_end=None, allow_overriding=[], cmake_args=None, cmake_target=None, cmake_target_skip_unavailable=False, cmake_clean_cache=False, cmake_clean_first=False, cmake_force_configure=False, ament_cmake_args=None, catkin_cmake_args=None, catkin_skip_building_tests=False, verb_parser=<colcon_defaults.argument_parser.defaults.DefaultArgumentsDecorator object at 0x7ebf82fe3670>, verb_extension=<colcon_core.verb.build.BuildVerb object at 0x7ebf82fe3220>, main=<bound method BuildVerb.main of <colcon_core.verb.build.BuildVerb object at 0x7ebf82fe3220>>)
[0.649s] Level 1:colcon.colcon_core.package_discovery:discover_packages(colcon_meta) check parameters
[0.649s] Level 1:colcon.colcon_core.package_discovery:discover_packages(recursive) check parameters
[0.649s] Level 1:colcon.colcon_core.package_discovery:discover_packages(ignore) check parameters
[0.649s] Level 1:colcon.colcon_core.package_discovery:discover_packages(path) check parameters
[0.649s] Level 1:colcon.colcon_core.package_discovery:discover_packages(colcon_meta) discover
[0.649s] Level 1:colcon.colcon_core.package_discovery:discover_packages(recursive) discover
[0.649s] INFO:colcon.colcon_core.package_discovery:Crawling recursively for packages in '/home/zyx/ros2_learn/node/chapt3/topic_practice_ws'
[0.649s] Level 1:colcon.colcon_core.package_identification:_identify(.) by extensions ['ignore', 'ignore_ament_install']
[0.649s] Level 1:colcon.colcon_core.package_identification:_identify(.) by extension 'ignore'
[0.649s] Level 1:colcon.colcon_core.package_identification:_identify(.) by extension 'ignore_ament_install'
[0.649s] Level 1:colcon.colcon_core.package_identification:_identify(.) by extensions ['colcon_pkg']
[0.649s] Level 1:colcon.colcon_core.package_identification:_identify(.) by extension 'colcon_pkg'
[0.649s] Level 1:colcon.colcon_core.package_identification:_identify(.) by extensions ['colcon_meta']
[0.650s] Level 1:colcon.colcon_core.package_identification:_identify(.) by extension 'colcon_meta'
[0.650s] Level 1:colcon.colcon_core.package_identification:_identify(.) by extensions ['ros']
[0.650s] Level 1:colcon.colcon_core.package_identification:_identify(.) by extension 'ros'
[0.662s] Level 1:colcon.colcon_core.package_identification:_identify(.) by extensions ['cmake', 'python']
[0.663s] Level 1:colcon.colcon_core.package_identification:_identify(.) by extension 'cmake'
[0.663s] Level 1:colcon.colcon_core.package_identification:_identify(.) by extension 'python'
[0.663s] Level 1:colcon.colcon_core.package_identification:_identify(.) by extensions ['python_setup_py']
[0.663s] Level 1:colcon.colcon_core.package_identification:_identify(.) by extension 'python_setup_py'
[0.663s] Level 1:colcon.colcon_core.package_identification:_identify(build) by extensions ['ignore', 'ignore_ament_install']
[0.663s] Level 1:colcon.colcon_core.package_identification:_identify(build) by extension 'ignore'
[0.663s] Level 1:colcon.colcon_core.package_identification:_identify(build) ignored
[0.663s] Level 1:colcon.colcon_core.package_identification:_identify(install) by extensions ['ignore', 'ignore_ament_install']
[0.663s] Level 1:colcon.colcon_core.package_identification:_identify(install) by extension 'ignore'
[0.663s] Level 1:colcon.colcon_core.package_identification:_identify(install) ignored
[0.663s] Level 1:colcon.colcon_core.package_identification:_identify(log) by extensions ['ignore', 'ignore_ament_install']
[0.663s] Level 1:colcon.colcon_core.package_identification:_identify(log) by extension 'ignore'
[0.663s] Level 1:colcon.colcon_core.package_identification:_identify(log) ignored
[0.663s] Level 1:colcon.colcon_core.package_identification:_identify(src) by extensions ['ignore', 'ignore_ament_install']
[0.664s] Level 1:colcon.colcon_core.package_identification:_identify(src) by extension 'ignore'
[0.664s] Level 1:colcon.colcon_core.package_identification:_identify(src) by extension 'ignore_ament_install'
[0.664s] Level 1:colcon.colcon_core.package_identification:_identify(src) by extensions ['colcon_pkg']
[0.664s] Level 1:colcon.colcon_core.package_identification:_identify(src) by extension 'colcon_pkg'
[0.664s] Level 1:colcon.colcon_core.package_identification:_identify(src) by extensions ['colcon_meta']
[0.664s] Level 1:colcon.colcon_core.package_identification:_identify(src) by extension 'colcon_meta'
[0.664s] Level 1:colcon.colcon_core.package_identification:_identify(src) by extensions ['ros']
[0.664s] Level 1:colcon.colcon_core.package_identification:_identify(src) by extension 'ros'
[0.664s] Level 1:colcon.colcon_core.package_identification:_identify(src) by extensions ['cmake', 'python']
[0.664s] Level 1:colcon.colcon_core.package_identification:_identify(src) by extension 'cmake'
[0.664s] Level 1:colcon.colcon_core.package_identification:_identify(src) by extension 'python'
[0.664s] Level 1:colcon.colcon_core.package_identification:_identify(src) by extensions ['python_setup_py']
[0.664s] Level 1:colcon.colcon_core.package_identification:_identify(src) by extension 'python_setup_py'
[0.664s] Level 1:colcon.colcon_core.package_identification:_identify(src/py_status_publisher) by extensions ['ignore', 'ignore_ament_install']
[0.664s] Level 1:colcon.colcon_core.package_identification:_identify(src/py_status_publisher) by extension 'ignore'
[0.664s] Level 1:colcon.colcon_core.package_identification:_identify(src/py_status_publisher) by extension 'ignore_ament_install'
[0.664s] Level 1:colcon.colcon_core.package_identification:_identify(src/py_status_publisher) by extensions ['colcon_pkg']
[0.664s] Level 1:colcon.colcon_core.package_identification:_identify(src/py_status_publisher) by extension 'colcon_pkg'
[0.664s] Level 1:colcon.colcon_core.package_identification:_identify(src/py_status_publisher) by extensions ['colcon_meta']
[0.664s] Level 1:colcon.colcon_core.package_identification:_identify(src/py_status_publisher) by extension 'colcon_meta'
[0.665s] Level 1:colcon.colcon_core.package_identification:_identify(src/py_status_publisher) by extensions ['ros']
[0.665s] Level 1:colcon.colcon_core.package_identification:_identify(src/py_status_publisher) by extension 'ros'
[0.670s] DEBUG:colcon.colcon_core.package_identification:Package 'src/py_status_publisher' with type 'ros.ament_python' and name 'py_status_publisher'
[0.670s] Level 1:colcon.colcon_core.package_identification:_identify(src/status_display) by extensions ['ignore', 'ignore_ament_install']
[0.670s] Level 1:colcon.colcon_core.package_identification:_identify(src/status_display) by extension 'ignore'
[0.670s] Level 1:colcon.colcon_core.package_identification:_identify(src/status_display) by extension 'ignore_ament_install'
[0.670s] Level 1:colcon.colcon_core.package_identification:_identify(src/status_display) by extensions ['colcon_pkg']
[0.670s] Level 1:colcon.colcon_core.package_identification:_identify(src/status_display) by extension 'colcon_pkg'
[0.670s] Level 1:colcon.colcon_core.package_identification:_identify(src/status_display) by extensions ['colcon_meta']
[0.670s] Level 1:colcon.colcon_core.package_identification:_identify(src/status_display) by extension 'colcon_meta'
[0.670s] Level 1:colcon.colcon_core.package_identification:_identify(src/status_display) by extensions ['ros']
[0.670s] Level 1:colcon.colcon_core.package_identification:_identify(src/status_display) by extension 'ros'
[0.671s] DEBUG:colcon.colcon_core.package_identification:Package 'src/status_display' with type 'ros.ament_cmake' and name 'status_display'
[0.671s] Level 1:colcon.colcon_core.package_identification:_identify(src/status_interfaces) by extensions ['ignore', 'ignore_ament_install']
[0.672s] Level 1:colcon.colcon_core.package_identification:_identify(src/status_interfaces) by extension 'ignore'
[0.672s] Level 1:colcon.colcon_core.package_identification:_identify(src/status_interfaces) by extension 'ignore_ament_install'
[0.672s] Level 1:colcon.colcon_core.package_identification:_identify(src/status_interfaces) by extensions ['colcon_pkg']
[0.672s] Level 1:colcon.colcon_core.package_identification:_identify(src/status_interfaces) by extension 'colcon_pkg'
[0.672s] Level 1:colcon.colcon_core.package_identification:_identify(src/status_interfaces) by extensions ['colcon_meta']
[0.672s] Level 1:colcon.colcon_core.package_identification:_identify(src/status_interfaces) by extension 'colcon_meta'
[0.672s] Level 1:colcon.colcon_core.package_identification:_identify(src/status_interfaces) by extensions ['ros']
[0.672s] Level 1:colcon.colcon_core.package_identification:_identify(src/status_interfaces) by extension 'ros'
[0.673s] DEBUG:colcon.colcon_core.package_identification:Package 'src/status_interfaces' with type 'ros.ament_cmake' and name 'status_interfaces'
[0.673s] Level 1:colcon.colcon_core.package_identification:_identify(src/sys_status_display) by extensions ['ignore', 'ignore_ament_install']
[0.673s] Level 1:colcon.colcon_core.package_identification:_identify(src/sys_status_display) by extension 'ignore'
[0.673s] Level 1:colcon.colcon_core.package_identification:_identify(src/sys_status_display) by extension 'ignore_ament_install'
[0.673s] Level 1:colcon.colcon_core.package_identification:_identify(src/sys_status_display) by extensions ['colcon_pkg']
[0.673s] Level 1:colcon.colcon_core.package_identification:_identify(src/sys_status_display) by extension 'colcon_pkg'
[0.673s] Level 1:colcon.colcon_core.package_identification:_identify(src/sys_status_display) by extensions ['colcon_meta']
[0.673s] Level 1:colcon.colcon_core.package_identification:_identify(src/sys_status_display) by extension 'colcon_meta'
[0.673s] Level 1:colcon.colcon_core.package_identification:_identify(src/sys_status_display) by extensions ['ros']
[0.673s] Level 1:colcon.colcon_core.package_identification:_identify(src/sys_status_display) by extension 'ros'
[0.674s] DEBUG:colcon.colcon_core.package_identification:Package 'src/sys_status_display' with type 'ros.ament_cmake' and name 'sys_status_display'
[0.674s] Level 1:colcon.colcon_core.package_discovery:discover_packages(recursive) using defaults
[0.674s] Level 1:colcon.colcon_core.package_discovery:discover_packages(ignore) discover
[0.674s] Level 1:colcon.colcon_core.package_discovery:discover_packages(ignore) using defaults
[0.674s] Level 1:colcon.colcon_core.package_discovery:discover_packages(path) discover
[0.674s] Level 1:colcon.colcon_core.package_discovery:discover_packages(path) using defaults
[0.749s] Level 1:colcon.colcon_core.package_discovery:discover_packages(prefix_path) check parameters
[0.749s] Level 1:colcon.colcon_core.package_discovery:discover_packages(prefix_path) discover
[0.755s] DEBUG:colcon.colcon_installed_package_information.package_discovery:Found 271 installed packages in /opt/ros/humble
[0.757s] Level 1:colcon.colcon_core.package_discovery:discover_packages(prefix_path) using defaults
[0.805s] Level 5:colcon.colcon_core.verb:set package 'py_status_publisher' build argument 'cmake_args' from command line to 'None'
[0.805s] Level 5:colcon.colcon_core.verb:set package 'py_status_publisher' build argument 'cmake_target' from command line to 'None'
[0.805s] Level 5:colcon.colcon_core.verb:set package 'py_status_publisher' build argument 'cmake_target_skip_unavailable' from command line to 'False'
[0.805s] Level 5:colcon.colcon_core.verb:set package 'py_status_publisher' build argument 'cmake_clean_cache' from command line to 'False'
[0.805s] Level 5:colcon.colcon_core.verb:set package 'py_status_publisher' build argument 'cmake_clean_first' from command line to 'False'
[0.805s] Level 5:colcon.colcon_core.verb:set package 'py_status_publisher' build argument 'cmake_force_configure' from command line to 'False'
[0.805s] Level 5:colcon.colcon_core.verb:set package 'py_status_publisher' build argument 'ament_cmake_args' from command line to 'None'
[0.805s] Level 5:colcon.colcon_core.verb:set package 'py_status_publisher' build argument 'catkin_cmake_args' from command line to 'None'
[0.805s] Level 5:colcon.colcon_core.verb:set package 'py_status_publisher' build argument 'catkin_skip_building_tests' from command line to 'False'
[0.805s] DEBUG:colcon.colcon_core.verb:Building package 'py_status_publisher' with the following arguments: {'ament_cmake_args': None, 'build_base': '/home/zyx/ros2_learn/node/chapt3/topic_practice_ws/build/py_status_publisher', 'catkin_cmake_args': None, 'catkin_skip_building_tests': False, 'cmake_args': None, 'cmake_clean_cache': False, 'cmake_clean_first': False, 'cmake_force_configure': False, 'cmake_target': None, 'cmake_target_skip_unavailable': False, 'install_base': '/home/zyx/ros2_learn/node/chapt3/topic_practice_ws/install/py_status_publisher', 'merge_install': False, 'path': '/home/zyx/ros2_learn/node/chapt3/topic_practice_ws/src/py_status_publisher', 'symlink_install': False, 'test_result_base': None}
[0.805s] Level 5:colcon.colcon_core.verb:set package 'status_interfaces' build argument 'cmake_args' from command line to 'None'
[0.805s] Level 5:colcon.colcon_core.verb:set package 'status_interfaces' build argument 'cmake_target' from command line to 'None'
[0.805s] Level 5:colcon.colcon_core.verb:set package 'status_interfaces' build argument 'cmake_target_skip_unavailable' from command line to 'False'
[0.805s] Level 5:colcon.colcon_core.verb:set package 'status_interfaces' build argument 'cmake_clean_cache' from command line to 'False'
[0.805s] Level 5:colcon.colcon_core.verb:set package 'status_interfaces' build argument 'cmake_clean_first' from command line to 'False'
[0.805s] Level 5:colcon.colcon_core.verb:set package 'status_interfaces' build argument 'cmake_force_configure' from command line to 'False'
[0.805s] Level 5:colcon.colcon_core.verb:set package 'status_interfaces' build argument 'ament_cmake_args' from command line to 'None'
[0.805s] Level 5:colcon.colcon_core.verb:set package 'status_interfaces' build argument 'catkin_cmake_args' from command line to 'None'
[0.805s] Level 5:colcon.colcon_core.verb:set package 'status_interfaces' build argument 'catkin_skip_building_tests' from command line to 'False'
[0.805s] DEBUG:colcon.colcon_core.verb:Building package 'status_interfaces' with the following arguments: {'ament_cmake_args': None, 'build_base': '/home/zyx/ros2_learn/node/chapt3/topic_practice_ws/build/status_interfaces', 'catkin_cmake_args': None, 'catkin_skip_building_tests': False, 'cmake_args': None, 'cmake_clean_cache': False, 'cmake_clean_first': False, 'cmake_force_configure': False, 'cmake_target': None, 'cmake_target_skip_unavailable': False, 'install_base': '/home/zyx/ros2_learn/node/chapt3/topic_practice_ws/install/status_interfaces', 'merge_install': False, 'path': '/home/zyx/ros2_learn/node/chapt3/topic_practice_ws/src/status_interfaces', 'symlink_install': False, 'test_result_base': None}
[0.806s] Level 5:colcon.colcon_core.verb:set package 'status_display' build argument 'cmake_args' from command line to 'None'
[0.806s] Level 5:colcon.colcon_core.verb:set package 'status_display' build argument 'cmake_target' from command line to 'None'
[0.806s] Level 5:colcon.colcon_core.verb:set package 'status_display' build argument 'cmake_target_skip_unavailable' from command line to 'False'
[0.806s] Level 5:colcon.colcon_core.verb:set package 'status_display' build argument 'cmake_clean_cache' from command line to 'False'
[0.806s] Level 5:colcon.colcon_core.verb:set package 'status_display' build argument 'cmake_clean_first' from command line to 'False'
[0.806s] Level 5:colcon.colcon_core.verb:set package 'status_display' build argument 'cmake_force_configure' from command line to 'False'
[0.806s] Level 5:colcon.colcon_core.verb:set package 'status_display' build argument 'ament_cmake_args' from command line to 'None'
[0.806s] Level 5:colcon.colcon_core.verb:set package 'status_display' build argument 'catkin_cmake_args' from command line to 'None'
[0.806s] Level 5:colcon.colcon_core.verb:set package 'status_display' build argument 'catkin_skip_building_tests' from command line to 'False'
[0.806s] DEBUG:colcon.colcon_core.verb:Building package 'status_display' with the following arguments: {'ament_cmake_args': None, 'build_base': '/home/zyx/ros2_learn/node/chapt3/topic_practice_ws/build/status_display', 'catkin_cmake_args': None, 'catkin_skip_building_tests': False, 'cmake_args': None, 'cmake_clean_cache': False, 'cmake_clean_first': False, 'cmake_force_configure': False, 'cmake_target': None, 'cmake_target_skip_unavailable': False, 'install_base': '/home/zyx/ros2_learn/node/chapt3/topic_practice_ws/install/status_display', 'merge_install': False, 'path': '/home/zyx/ros2_learn/node/chapt3/topic_practice_ws/src/status_display', 'symlink_install': False, 'test_result_base': None}
[0.806s] Level 5:colcon.colcon_core.verb:set package 'sys_status_display' build argument 'cmake_args' from command line to 'None'
[0.807s] Level 5:colcon.colcon_core.verb:set package 'sys_status_display' build argument 'cmake_target' from command line to 'None'
[0.807s] Level 5:colcon.colcon_core.verb:set package 'sys_status_display' build argument 'cmake_target_skip_unavailable' from command line to 'False'
[0.807s] Level 5:colcon.colcon_core.verb:set package 'sys_status_display' build argument 'cmake_clean_cache' from command line to 'False'
[0.807s] Level 5:colcon.colcon_core.verb:set package 'sys_status_display' build argument 'cmake_clean_first' from command line to 'False'
[0.807s] Level 5:colcon.colcon_core.verb:set package 'sys_status_display' build argument 'cmake_force_configure' from command line to 'False'
[0.807s] Level 5:colcon.colcon_core.verb:set package 'sys_status_display' build argument 'ament_cmake_args' from command line to 'None'
[0.807s] Level 5:colcon.colcon_core.verb:set package 'sys_status_display' build argument 'catkin_cmake_args' from command line to 'None'
[0.807s] Level 5:colcon.colcon_core.verb:set package 'sys_status_display' build argument 'catkin_skip_building_tests' from command line to 'False'
[0.807s] DEBUG:colcon.colcon_core.verb:Building package 'sys_status_display' with the following arguments: {'ament_cmake_args': None, 'build_base': '/home/zyx/ros2_learn/node/chapt3/topic_practice_ws/build/sys_status_display', 'catkin_cmake_args': None, 'catkin_skip_building_tests': False, 'cmake_args': None, 'cmake_clean_cache': False, 'cmake_clean_first': False, 'cmake_force_configure': False, 'cmake_target': None, 'cmake_target_skip_unavailable': False, 'install_base': '/home/zyx/ros2_learn/node/chapt3/topic_practice_ws/install/sys_status_display', 'merge_install': False, 'path': '/home/zyx/ros2_learn/node/chapt3/topic_practice_ws/src/sys_status_display', 'symlink_install': False, 'test_result_base': None}
[0.807s] INFO:colcon.colcon_core.executor:Executing jobs using 'parallel' executor
[0.808s] DEBUG:colcon.colcon_parallel_executor.executor.parallel:run_until_complete
[0.808s] INFO:colcon.colcon_ros.task.ament_cmake.build:Building ROS package in '/home/zyx/ros2_learn/node/chapt3/topic_practice_ws/src/status_interfaces' with build type 'ament_cmake'
[0.808s] INFO:colcon.colcon_cmake.task.cmake.build:Building CMake package in '/home/zyx/ros2_learn/node/chapt3/topic_practice_ws/src/status_interfaces'
[0.814s] INFO:colcon.colcon_core.plugin_system:Skipping extension 'colcon_core.shell.bat': Not used on non-Windows systems
[0.814s] INFO:colcon.colcon_core.shell:Skip shell extension 'powershell' for command environment: Not usable outside of PowerShell
[0.814s] DEBUG:colcon.colcon_core.shell:Skip shell extension 'dsv' for command environment
[0.817s] INFO:colcon.colcon_ros.task.ament_python.build:Building ROS package in '/home/zyx/ros2_learn/node/chapt3/topic_practice_ws/src/py_status_publisher' with build type 'ament_python'
[0.817s] Level 1:colcon.colcon_core.shell:create_environment_hook('py_status_publisher', 'ament_prefix_path')
[0.818s] INFO:colcon.colcon_core.shell:Creating environment hook '/home/zyx/ros2_learn/node/chapt3/topic_practice_ws/install/py_status_publisher/share/py_status_publisher/hook/ament_prefix_path.ps1'
[0.819s] INFO:colcon.colcon_core.shell:Creating environment descriptor '/home/zyx/ros2_learn/node/chapt3/topic_practice_ws/install/py_status_publisher/share/py_status_publisher/hook/ament_prefix_path.dsv'
[0.820s] INFO:colcon.colcon_core.shell:Creating environment hook '/home/zyx/ros2_learn/node/chapt3/topic_practice_ws/install/py_status_publisher/share/py_status_publisher/hook/ament_prefix_path.sh'
[0.821s] INFO:colcon.colcon_core.shell:Skip shell extension 'powershell' for command environment: Not usable outside of PowerShell
[0.821s] DEBUG:colcon.colcon_core.shell:Skip shell extension 'dsv' for command environment
[0.830s] DEBUG:colcon.colcon_core.event_handler.log_command:Invoking command in '/home/zyx/ros2_learn/node/chapt3/topic_practice_ws/build/status_interfaces': CMAKE_PREFIX_PATH=/opt/ros/humble /usr/bin/cmake --build /home/zyx/ros2_learn/node/chapt3/topic_practice_ws/build/status_interfaces -- -j12 -l12
[1.247s] INFO:colcon.colcon_core.task.python.build:Building Python package in '/home/zyx/ros2_learn/node/chapt3/topic_practice_ws/src/py_status_publisher'
[1.247s] INFO:colcon.colcon_core.shell:Skip shell extension 'powershell' for command environment: Not usable outside of PowerShell
[1.247s] DEBUG:colcon.colcon_core.shell:Skip shell extension 'dsv' for command environment
[1.406s] DEBUG:colcon.colcon_core.event_handler.log_command:Invoked command in '/home/zyx/ros2_learn/node/chapt3/topic_practice_ws/build/status_interfaces' returned '0': CMAKE_PREFIX_PATH=/opt/ros/humble /usr/bin/cmake --build /home/zyx/ros2_learn/node/chapt3/topic_practice_ws/build/status_interfaces -- -j12 -l12
[1.421s] DEBUG:colcon.colcon_core.event_handler.log_command:Invoking command in '/home/zyx/ros2_learn/node/chapt3/topic_practice_ws/build/status_interfaces': CMAKE_PREFIX_PATH=/opt/ros/humble /usr/bin/cmake --install /home/zyx/ros2_learn/node/chapt3/topic_practice_ws/build/status_interfaces
[1.585s] Level 1:colcon.colcon_core.environment:create_environment_scripts_only(status_interfaces)
[1.586s] DEBUG:colcon.colcon_core.event_handler.log_command:Invoked command in '/home/zyx/ros2_learn/node/chapt3/topic_practice_ws/build/status_interfaces' returned '0': CMAKE_PREFIX_PATH=/opt/ros/humble /usr/bin/cmake --install /home/zyx/ros2_learn/node/chapt3/topic_practice_ws/build/status_interfaces
[1.594s] Level 1:colcon.colcon_core.environment:checking '/home/zyx/ros2_learn/node/chapt3/topic_practice_ws/install/status_interfaces' for CMake module files
[1.595s] Level 1:colcon.colcon_core.environment:checking '/home/zyx/ros2_learn/node/chapt3/topic_practice_ws/install/status_interfaces' for CMake config files
[1.596s] Level 1:colcon.colcon_core.shell:create_environment_hook('status_interfaces', 'cmake_prefix_path')
[1.596s] INFO:colcon.colcon_core.shell:Creating environment hook '/home/zyx/ros2_learn/node/chapt3/topic_practice_ws/install/status_interfaces/share/status_interfaces/hook/cmake_prefix_path.ps1'
[1.597s] INFO:colcon.colcon_core.shell:Creating environment descriptor '/home/zyx/ros2_learn/node/chapt3/topic_practice_ws/install/status_interfaces/share/status_interfaces/hook/cmake_prefix_path.dsv'
[1.597s] INFO:colcon.colcon_core.shell:Creating environment hook '/home/zyx/ros2_learn/node/chapt3/topic_practice_ws/install/status_interfaces/share/status_interfaces/hook/cmake_prefix_path.sh'
[1.598s] Level 1:colcon.colcon_core.environment:checking '/home/zyx/ros2_learn/node/chapt3/topic_practice_ws/install/status_interfaces/lib'
[1.599s] Level 1:colcon.colcon_core.shell:create_environment_hook('status_interfaces', 'ld_library_path_lib')
[1.599s] INFO:colcon.colcon_core.shell:Creating environment hook '/home/zyx/ros2_learn/node/chapt3/topic_practice_ws/install/status_interfaces/share/status_interfaces/hook/ld_library_path_lib.ps1'
[1.600s] INFO:colcon.colcon_core.shell:Creating environment descriptor '/home/zyx/ros2_learn/node/chapt3/topic_practice_ws/install/status_interfaces/share/status_interfaces/hook/ld_library_path_lib.dsv'
[1.600s] INFO:colcon.colcon_core.shell:Creating environment hook '/home/zyx/ros2_learn/node/chapt3/topic_practice_ws/install/status_interfaces/share/status_interfaces/hook/ld_library_path_lib.sh'
[1.601s] Level 1:colcon.colcon_core.environment:checking '/home/zyx/ros2_learn/node/chapt3/topic_practice_ws/install/status_interfaces/bin'
[1.601s] Level 1:colcon.colcon_core.environment:checking '/home/zyx/ros2_learn/node/chapt3/topic_practice_ws/install/status_interfaces/lib/pkgconfig/status_interfaces.pc'
[1.601s] Level 1:colcon.colcon_core.environment:checking '/home/zyx/ros2_learn/node/chapt3/topic_practice_ws/install/status_interfaces/lib/python3.10/site-packages'
[1.602s] Level 1:colcon.colcon_core.environment:checking '/home/zyx/ros2_learn/node/chapt3/topic_practice_ws/install/status_interfaces/bin'
[1.603s] INFO:colcon.colcon_core.shell:Creating package script '/home/zyx/ros2_learn/node/chapt3/topic_practice_ws/install/status_interfaces/share/status_interfaces/package.ps1'
[1.604s] INFO:colcon.colcon_core.shell:Creating package descriptor '/home/zyx/ros2_learn/node/chapt3/topic_practice_ws/install/status_interfaces/share/status_interfaces/package.dsv'
[1.606s] INFO:colcon.colcon_core.shell:Creating package script '/home/zyx/ros2_learn/node/chapt3/topic_practice_ws/install/status_interfaces/share/status_interfaces/package.sh'
[1.608s] INFO:colcon.colcon_core.shell:Creating package script '/home/zyx/ros2_learn/node/chapt3/topic_practice_ws/install/status_interfaces/share/status_interfaces/package.bash'
[1.610s] INFO:colcon.colcon_core.shell:Creating package script '/home/zyx/ros2_learn/node/chapt3/topic_practice_ws/install/status_interfaces/share/status_interfaces/package.zsh'
[1.612s] Level 1:colcon.colcon_core.environment:create_file_with_runtime_dependencies(/home/zyx/ros2_learn/node/chapt3/topic_practice_ws/install/status_interfaces/share/colcon-core/packages/status_interfaces)
[1.613s] Level 1:colcon.colcon_core.environment:create_environment_scripts_only(status_interfaces)
[1.614s] Level 1:colcon.colcon_core.environment:checking '/home/zyx/ros2_learn/node/chapt3/topic_practice_ws/install/status_interfaces' for CMake module files
[1.615s] Level 1:colcon.colcon_core.environment:checking '/home/zyx/ros2_learn/node/chapt3/topic_practice_ws/install/status_interfaces' for CMake config files
[1.616s] Level 1:colcon.colcon_core.shell:create_environment_hook('status_interfaces', 'cmake_prefix_path')
[1.616s] INFO:colcon.colcon_core.shell:Creating environment hook '/home/zyx/ros2_learn/node/chapt3/topic_practice_ws/install/status_interfaces/share/status_interfaces/hook/cmake_prefix_path.ps1'
[1.618s] INFO:colcon.colcon_core.shell:Creating environment descriptor '/home/zyx/ros2_learn/node/chapt3/topic_practice_ws/install/status_interfaces/share/status_interfaces/hook/cmake_prefix_path.dsv'
[1.618s] INFO:colcon.colcon_core.shell:Creating environment hook '/home/zyx/ros2_learn/node/chapt3/topic_practice_ws/install/status_interfaces/share/status_interfaces/hook/cmake_prefix_path.sh'
[1.619s] Level 1:colcon.colcon_core.environment:checking '/home/zyx/ros2_learn/node/chapt3/topic_practice_ws/install/status_interfaces/lib'
[1.620s] Level 1:colcon.colcon_core.shell:create_environment_hook('status_interfaces', 'ld_library_path_lib')
[1.620s] INFO:colcon.colcon_core.shell:Creating environment hook '/home/zyx/ros2_learn/node/chapt3/topic_practice_ws/install/status_interfaces/share/status_interfaces/hook/ld_library_path_lib.ps1'
[1.621s] INFO:colcon.colcon_core.shell:Creating environment descriptor '/home/zyx/ros2_learn/node/chapt3/topic_practice_ws/install/status_interfaces/share/status_interfaces/hook/ld_library_path_lib.dsv'
[1.622s] INFO:colcon.colcon_core.shell:Creating environment hook '/home/zyx/ros2_learn/node/chapt3/topic_practice_ws/install/status_interfaces/share/status_interfaces/hook/ld_library_path_lib.sh'
[1.623s] Level 1:colcon.colcon_core.environment:checking '/home/zyx/ros2_learn/node/chapt3/topic_practice_ws/install/status_interfaces/bin'
[1.623s] Level 1:colcon.colcon_core.environment:checking '/home/zyx/ros2_learn/node/chapt3/topic_practice_ws/install/status_interfaces/lib/pkgconfig/status_interfaces.pc'
[1.623s] Level 1:colcon.colcon_core.environment:checking '/home/zyx/ros2_learn/node/chapt3/topic_practice_ws/install/status_interfaces/lib/python3.10/site-packages'
[1.624s] Level 1:colcon.colcon_core.environment:checking '/home/zyx/ros2_learn/node/chapt3/topic_practice_ws/install/status_interfaces/bin'
[1.625s] INFO:colcon.colcon_core.shell:Creating package script '/home/zyx/ros2_learn/node/chapt3/topic_practice_ws/install/status_interfaces/share/status_interfaces/package.ps1'
[1.626s] INFO:colcon.colcon_core.shell:Creating package descriptor '/home/zyx/ros2_learn/node/chapt3/topic_practice_ws/install/status_interfaces/share/status_interfaces/package.dsv'
[1.627s] INFO:colcon.colcon_core.shell:Creating package script '/home/zyx/ros2_learn/node/chapt3/topic_practice_ws/install/status_interfaces/share/status_interfaces/package.sh'
[1.628s] INFO:colcon.colcon_core.shell:Creating package script '/home/zyx/ros2_learn/node/chapt3/topic_practice_ws/install/status_interfaces/share/status_interfaces/package.bash'
[1.629s] INFO:colcon.colcon_core.shell:Creating package script '/home/zyx/ros2_learn/node/chapt3/topic_practice_ws/install/status_interfaces/share/status_interfaces/package.zsh'
[1.630s] Level 1:colcon.colcon_core.environment:create_file_with_runtime_dependencies(/home/zyx/ros2_learn/node/chapt3/topic_practice_ws/install/status_interfaces/share/colcon-core/packages/status_interfaces)
[1.631s] INFO:colcon.colcon_ros.task.ament_cmake.build:Building ROS package in '/home/zyx/ros2_learn/node/chapt3/topic_practice_ws/src/status_display' with build type 'ament_cmake'
[1.631s] INFO:colcon.colcon_cmake.task.cmake.build:Building CMake package in '/home/zyx/ros2_learn/node/chapt3/topic_practice_ws/src/status_display'
[1.631s] INFO:colcon.colcon_core.shell:Skip shell extension 'powershell' for command environment: Not usable outside of PowerShell
[1.632s] DEBUG:colcon.colcon_core.shell:Skip shell extension 'dsv' for command environment
[1.638s] INFO:colcon.colcon_ros.task.ament_cmake.build:Building ROS package in '/home/zyx/ros2_learn/node/chapt3/topic_practice_ws/src/sys_status_display' with build type 'ament_cmake'
[1.638s] INFO:colcon.colcon_cmake.task.cmake.build:Building CMake package in '/home/zyx/ros2_learn/node/chapt3/topic_practice_ws/src/sys_status_display'
[1.639s] INFO:colcon.colcon_core.shell:Skip shell extension 'powershell' for command environment: Not usable outside of PowerShell
[1.639s] DEBUG:colcon.colcon_core.shell:Skip shell extension 'dsv' for command environment
[1.653s] DEBUG:colcon.colcon_core.event_handler.log_command:Invoking command in '/home/zyx/ros2_learn/node/chapt3/topic_practice_ws/build/status_display': AMENT_PREFIX_PATH=/home/zyx/ros2_learn/node/chapt3/topic_practice_ws/install/status_interfaces:${AMENT_PREFIX_PATH} CMAKE_PREFIX_PATH=/home/zyx/ros2_learn/node/chapt3/topic_practice_ws/install/status_interfaces:/opt/ros/humble LD_LIBRARY_PATH=/home/zyx/ros2_learn/node/chapt3/topic_practice_ws/install/status_interfaces/lib:${LD_LIBRARY_PATH} PYTHONPATH=/home/zyx/ros2_learn/node/chapt3/topic_practice_ws/install/status_interfaces/local/lib/python3.10/dist-packages:${PYTHONPATH} /usr/bin/cmake --build /home/zyx/ros2_learn/node/chapt3/topic_practice_ws/build/status_display -- -j12 -l12
[1.657s] DEBUG:colcon.colcon_core.event_handler.log_command:Invoking command in '/home/zyx/ros2_learn/node/chapt3/topic_practice_ws/build/sys_status_display': AMENT_PREFIX_PATH=/home/zyx/ros2_learn/node/chapt3/topic_practice_ws/install/status_interfaces:${AMENT_PREFIX_PATH} CMAKE_PREFIX_PATH=/home/zyx/ros2_learn/node/chapt3/topic_practice_ws/install/status_interfaces:/opt/ros/humble LD_LIBRARY_PATH=/home/zyx/ros2_learn/node/chapt3/topic_practice_ws/install/status_interfaces/lib:${LD_LIBRARY_PATH} PYTHONPATH=/home/zyx/ros2_learn/node/chapt3/topic_practice_ws/install/status_interfaces/local/lib/python3.10/dist-packages:${PYTHONPATH} /usr/bin/cmake /home/zyx/ros2_learn/node/chapt3/topic_practice_ws/src/sys_status_display -DCMAKE_INSTALL_PREFIX=/home/zyx/ros2_learn/node/chapt3/topic_practice_ws/install/sys_status_display
[1.759s] DEBUG:colcon.colcon_core.event_handler.log_command:Invoking command in '/home/zyx/ros2_learn/node/chapt3/topic_practice_ws/src/py_status_publisher': PYTHONPATH=/home/zyx/ros2_learn/node/chapt3/topic_practice_ws/build/py_status_publisher/prefix_override:/usr/lib/python3/dist-packages/colcon_core/task/python/colcon_distutils_commands:/home/zyx/ros2_learn/node/chapt3/topic_practice_ws/install/py_status_publisher/lib/python3.10/site-packages:${PYTHONPATH} /usr/bin/python3 -W ignore:setup.py install is deprecated -W ignore:easy_install command is deprecated setup.py egg_info --egg-base ../../build/py_status_publisher build --build-base /home/zyx/ros2_learn/node/chapt3/topic_practice_ws/build/py_status_publisher/build install --record /home/zyx/ros2_learn/node/chapt3/topic_practice_ws/build/py_status_publisher/install.log --single-version-externally-managed install_data
[2.259s] Level 1:colcon.colcon_core.environment:checking '/home/zyx/ros2_learn/node/chapt3/topic_practice_ws/install/py_status_publisher' for CMake module files
[2.260s] DEBUG:colcon.colcon_core.event_handler.log_command:Invoked command in '/home/zyx/ros2_learn/node/chapt3/topic_practice_ws/src/py_status_publisher' returned '0': PYTHONPATH=/home/zyx/ros2_learn/node/chapt3/topic_practice_ws/build/py_status_publisher/prefix_override:/usr/lib/python3/dist-packages/colcon_core/task/python/colcon_distutils_commands:/home/zyx/ros2_learn/node/chapt3/topic_practice_ws/install/py_status_publisher/lib/python3.10/site-packages:${PYTHONPATH} /usr/bin/python3 -W ignore:setup.py install is deprecated -W ignore:easy_install command is deprecated setup.py egg_info --egg-base ../../build/py_status_publisher build --build-base /home/zyx/ros2_learn/node/chapt3/topic_practice_ws/build/py_status_publisher/build install --record /home/zyx/ros2_learn/node/chapt3/topic_practice_ws/build/py_status_publisher/install.log --single-version-externally-managed install_data
[2.261s] Level 1:colcon.colcon_core.environment:checking '/home/zyx/ros2_learn/node/chapt3/topic_practice_ws/install/py_status_publisher' for CMake config files
[2.262s] Level 1:colcon.colcon_core.environment:checking '/home/zyx/ros2_learn/node/chapt3/topic_practice_ws/install/py_status_publisher/lib'
[2.263s] Level 1:colcon.colcon_core.environment:checking '/home/zyx/ros2_learn/node/chapt3/topic_practice_ws/install/py_status_publisher/bin'
[2.263s] Level 1:colcon.colcon_core.environment:checking '/home/zyx/ros2_learn/node/chapt3/topic_practice_ws/install/py_status_publisher/lib/pkgconfig/py_status_publisher.pc'
[2.263s] Level 1:colcon.colcon_core.environment:checking '/home/zyx/ros2_learn/node/chapt3/topic_practice_ws/install/py_status_publisher/lib/python3.10/site-packages'
[2.264s] Level 1:colcon.colcon_core.shell:create_environment_hook('py_status_publisher', 'pythonpath')
[2.264s] INFO:colcon.colcon_core.shell:Creating environment hook '/home/zyx/ros2_learn/node/chapt3/topic_practice_ws/install/py_status_publisher/share/py_status_publisher/hook/pythonpath.ps1'
[2.265s] INFO:colcon.colcon_core.shell:Creating environment descriptor '/home/zyx/ros2_learn/node/chapt3/topic_practice_ws/install/py_status_publisher/share/py_status_publisher/hook/pythonpath.dsv'
[2.266s] INFO:colcon.colcon_core.shell:Creating environment hook '/home/zyx/ros2_learn/node/chapt3/topic_practice_ws/install/py_status_publisher/share/py_status_publisher/hook/pythonpath.sh'
[2.267s] Level 1:colcon.colcon_core.environment:checking '/home/zyx/ros2_learn/node/chapt3/topic_practice_ws/install/py_status_publisher/bin'
[2.268s] Level 1:colcon.colcon_core.environment:create_environment_scripts_only(py_status_publisher)
[2.268s] INFO:colcon.colcon_core.shell:Creating package script '/home/zyx/ros2_learn/node/chapt3/topic_practice_ws/install/py_status_publisher/share/py_status_publisher/package.ps1'
[2.270s] INFO:colcon.colcon_core.shell:Creating package descriptor '/home/zyx/ros2_learn/node/chapt3/topic_practice_ws/install/py_status_publisher/share/py_status_publisher/package.dsv'
[2.271s] INFO:colcon.colcon_core.shell:Creating package script '/home/zyx/ros2_learn/node/chapt3/topic_practice_ws/install/py_status_publisher/share/py_status_publisher/package.sh'
[2.272s] INFO:colcon.colcon_core.shell:Creating package script '/home/zyx/ros2_learn/node/chapt3/topic_practice_ws/install/py_status_publisher/share/py_status_publisher/package.bash'
[2.273s] INFO:colcon.colcon_core.shell:Creating package script '/home/zyx/ros2_learn/node/chapt3/topic_practice_ws/install/py_status_publisher/share/py_status_publisher/package.zsh'
[2.274s] Level 1:colcon.colcon_core.environment:create_file_with_runtime_dependencies(/home/zyx/ros2_learn/node/chapt3/topic_practice_ws/install/py_status_publisher/share/colcon-core/packages/py_status_publisher)
[3.380s] DEBUG:colcon.colcon_core.event_handler.log_command:Invoked command in '/home/zyx/ros2_learn/node/chapt3/topic_practice_ws/build/status_display' returned '0': AMENT_PREFIX_PATH=/home/zyx/ros2_learn/node/chapt3/topic_practice_ws/install/status_interfaces:${AMENT_PREFIX_PATH} CMAKE_PREFIX_PATH=/home/zyx/ros2_learn/node/chapt3/topic_practice_ws/install/status_interfaces:/opt/ros/humble LD_LIBRARY_PATH=/home/zyx/ros2_learn/node/chapt3/topic_practice_ws/install/status_interfaces/lib:${LD_LIBRARY_PATH} PYTHONPATH=/home/zyx/ros2_learn/node/chapt3/topic_practice_ws/install/status_interfaces/local/lib/python3.10/dist-packages:${PYTHONPATH} /usr/bin/cmake --build /home/zyx/ros2_learn/node/chapt3/topic_practice_ws/build/status_display -- -j12 -l12
[3.382s] DEBUG:colcon.colcon_core.event_handler.log_command:Invoking command in '/home/zyx/ros2_learn/node/chapt3/topic_practice_ws/build/status_display': AMENT_PREFIX_PATH=/home/zyx/ros2_learn/node/chapt3/topic_practice_ws/install/status_interfaces:${AMENT_PREFIX_PATH} CMAKE_PREFIX_PATH=/home/zyx/ros2_learn/node/chapt3/topic_practice_ws/install/status_interfaces:/opt/ros/humble LD_LIBRARY_PATH=/home/zyx/ros2_learn/node/chapt3/topic_practice_ws/install/status_interfaces/lib:${LD_LIBRARY_PATH} PYTHONPATH=/home/zyx/ros2_learn/node/chapt3/topic_practice_ws/install/status_interfaces/local/lib/python3.10/dist-packages:${PYTHONPATH} /usr/bin/cmake --install /home/zyx/ros2_learn/node/chapt3/topic_practice_ws/build/status_display
[3.397s] Level 1:colcon.colcon_core.environment:create_environment_scripts_only(status_display)
[3.398s] Level 1:colcon.colcon_core.environment:checking '/home/zyx/ros2_learn/node/chapt3/topic_practice_ws/install/status_display' for CMake module files
[3.399s] DEBUG:colcon.colcon_core.event_handler.log_command:Invoked command in '/home/zyx/ros2_learn/node/chapt3/topic_practice_ws/build/status_display' returned '0': AMENT_PREFIX_PATH=/home/zyx/ros2_learn/node/chapt3/topic_practice_ws/install/status_interfaces:${AMENT_PREFIX_PATH} CMAKE_PREFIX_PATH=/home/zyx/ros2_learn/node/chapt3/topic_practice_ws/install/status_interfaces:/opt/ros/humble LD_LIBRARY_PATH=/home/zyx/ros2_learn/node/chapt3/topic_practice_ws/install/status_interfaces/lib:${LD_LIBRARY_PATH} PYTHONPATH=/home/zyx/ros2_learn/node/chapt3/topic_practice_ws/install/status_interfaces/local/lib/python3.10/dist-packages:${PYTHONPATH} /usr/bin/cmake --install /home/zyx/ros2_learn/node/chapt3/topic_practice_ws/build/status_display
[3.399s] Level 1:colcon.colcon_core.environment:checking '/home/zyx/ros2_learn/node/chapt3/topic_practice_ws/install/status_display' for CMake config files
[3.400s] Level 1:colcon.colcon_core.shell:create_environment_hook('status_display', 'cmake_prefix_path')
[3.400s] INFO:colcon.colcon_core.shell:Creating environment hook '/home/zyx/ros2_learn/node/chapt3/topic_practice_ws/install/status_display/share/status_display/hook/cmake_prefix_path.ps1'
[3.401s] INFO:colcon.colcon_core.shell:Creating environment descriptor '/home/zyx/ros2_learn/node/chapt3/topic_practice_ws/install/status_display/share/status_display/hook/cmake_prefix_path.dsv'
[3.402s] INFO:colcon.colcon_core.shell:Creating environment hook '/home/zyx/ros2_learn/node/chapt3/topic_practice_ws/install/status_display/share/status_display/hook/cmake_prefix_path.sh'
[3.403s] Level 1:colcon.colcon_core.environment:checking '/home/zyx/ros2_learn/node/chapt3/topic_practice_ws/install/status_display/lib'
[3.403s] Level 1:colcon.colcon_core.environment:checking '/home/zyx/ros2_learn/node/chapt3/topic_practice_ws/install/status_display/bin'
[3.403s] Level 1:colcon.colcon_core.environment:checking '/home/zyx/ros2_learn/node/chapt3/topic_practice_ws/install/status_display/lib/pkgconfig/status_display.pc'
[3.403s] Level 1:colcon.colcon_core.environment:checking '/home/zyx/ros2_learn/node/chapt3/topic_practice_ws/install/status_display/lib/python3.10/site-packages'
[3.404s] Level 1:colcon.colcon_core.environment:checking '/home/zyx/ros2_learn/node/chapt3/topic_practice_ws/install/status_display/bin'
[3.404s] INFO:colcon.colcon_core.shell:Creating package script '/home/zyx/ros2_learn/node/chapt3/topic_practice_ws/install/status_display/share/status_display/package.ps1'
[3.405s] INFO:colcon.colcon_core.shell:Creating package descriptor '/home/zyx/ros2_learn/node/chapt3/topic_practice_ws/install/status_display/share/status_display/package.dsv'
[3.406s] INFO:colcon.colcon_core.shell:Creating package script '/home/zyx/ros2_learn/node/chapt3/topic_practice_ws/install/status_display/share/status_display/package.sh'
[3.406s] INFO:colcon.colcon_core.shell:Creating package script '/home/zyx/ros2_learn/node/chapt3/topic_practice_ws/install/status_display/share/status_display/package.bash'
[3.407s] INFO:colcon.colcon_core.shell:Creating package script '/home/zyx/ros2_learn/node/chapt3/topic_practice_ws/install/status_display/share/status_display/package.zsh'
[3.408s] Level 1:colcon.colcon_core.environment:create_file_with_runtime_dependencies(/home/zyx/ros2_learn/node/chapt3/topic_practice_ws/install/status_display/share/colcon-core/packages/status_display)
[3.409s] Level 1:colcon.colcon_core.environment:create_environment_scripts_only(status_display)
[3.409s] Level 1:colcon.colcon_core.environment:checking '/home/zyx/ros2_learn/node/chapt3/topic_practice_ws/install/status_display' for CMake module files
[3.410s] Level 1:colcon.colcon_core.environment:checking '/home/zyx/ros2_learn/node/chapt3/topic_practice_ws/install/status_display' for CMake config files
[3.410s] Level 1:colcon.colcon_core.shell:create_environment_hook('status_display', 'cmake_prefix_path')
[3.411s] INFO:colcon.colcon_core.shell:Creating environment hook '/home/zyx/ros2_learn/node/chapt3/topic_practice_ws/install/status_display/share/status_display/hook/cmake_prefix_path.ps1'
[3.411s] INFO:colcon.colcon_core.shell:Creating environment descriptor '/home/zyx/ros2_learn/node/chapt3/topic_practice_ws/install/status_display/share/status_display/hook/cmake_prefix_path.dsv'
[3.412s] INFO:colcon.colcon_core.shell:Creating environment hook '/home/zyx/ros2_learn/node/chapt3/topic_practice_ws/install/status_display/share/status_display/hook/cmake_prefix_path.sh'
[3.413s] Level 1:colcon.colcon_core.environment:checking '/home/zyx/ros2_learn/node/chapt3/topic_practice_ws/install/status_display/lib'
[3.413s] Level 1:colcon.colcon_core.environment:checking '/home/zyx/ros2_learn/node/chapt3/topic_practice_ws/install/status_display/bin'
[3.413s] Level 1:colcon.colcon_core.environment:checking '/home/zyx/ros2_learn/node/chapt3/topic_practice_ws/install/status_display/lib/pkgconfig/status_display.pc'
[3.414s] Level 1:colcon.colcon_core.environment:checking '/home/zyx/ros2_learn/node/chapt3/topic_practice_ws/install/status_display/lib/python3.10/site-packages'
[3.414s] Level 1:colcon.colcon_core.environment:checking '/home/zyx/ros2_learn/node/chapt3/topic_practice_ws/install/status_display/bin'
[3.415s] INFO:colcon.colcon_core.shell:Creating package script '/home/zyx/ros2_learn/node/chapt3/topic_practice_ws/install/status_display/share/status_display/package.ps1'
[3.416s] INFO:colcon.colcon_core.shell:Creating package descriptor '/home/zyx/ros2_learn/node/chapt3/topic_practice_ws/install/status_display/share/status_display/package.dsv'
[3.416s] INFO:colcon.colcon_core.shell:Creating package script '/home/zyx/ros2_learn/node/chapt3/topic_practice_ws/install/status_display/share/status_display/package.sh'
[3.417s] INFO:colcon.colcon_core.shell:Creating package script '/home/zyx/ros2_learn/node/chapt3/topic_practice_ws/install/status_display/share/status_display/package.bash'
[3.418s] INFO:colcon.colcon_core.shell:Creating package script '/home/zyx/ros2_learn/node/chapt3/topic_practice_ws/install/status_display/share/status_display/package.zsh'
[3.419s] Level 1:colcon.colcon_core.environment:create_file_with_runtime_dependencies(/home/zyx/ros2_learn/node/chapt3/topic_practice_ws/install/status_display/share/colcon-core/packages/status_display)
[3.949s] DEBUG:colcon.colcon_core.event_handler.log_command:Invoked command in '/home/zyx/ros2_learn/node/chapt3/topic_practice_ws/build/sys_status_display' returned '0': AMENT_PREFIX_PATH=/home/zyx/ros2_learn/node/chapt3/topic_practice_ws/install/status_interfaces:${AMENT_PREFIX_PATH} CMAKE_PREFIX_PATH=/home/zyx/ros2_learn/node/chapt3/topic_practice_ws/install/status_interfaces:/opt/ros/humble LD_LIBRARY_PATH=/home/zyx/ros2_learn/node/chapt3/topic_practice_ws/install/status_interfaces/lib:${LD_LIBRARY_PATH} PYTHONPATH=/home/zyx/ros2_learn/node/chapt3/topic_practice_ws/install/status_interfaces/local/lib/python3.10/dist-packages:${PYTHONPATH} /usr/bin/cmake /home/zyx/ros2_learn/node/chapt3/topic_practice_ws/src/sys_status_display -DCMAKE_INSTALL_PREFIX=/home/zyx/ros2_learn/node/chapt3/topic_practice_ws/install/sys_status_display
[3.951s] DEBUG:colcon.colcon_core.event_handler.log_command:Invoking command in '/home/zyx/ros2_learn/node/chapt3/topic_practice_ws/build/sys_status_display': AMENT_PREFIX_PATH=/home/zyx/ros2_learn/node/chapt3/topic_practice_ws/install/status_interfaces:${AMENT_PREFIX_PATH} CMAKE_PREFIX_PATH=/home/zyx/ros2_learn/node/chapt3/topic_practice_ws/install/status_interfaces:/opt/ros/humble LD_LIBRARY_PATH=/home/zyx/ros2_learn/node/chapt3/topic_practice_ws/install/status_interfaces/lib:${LD_LIBRARY_PATH} PYTHONPATH=/home/zyx/ros2_learn/node/chapt3/topic_practice_ws/install/status_interfaces/local/lib/python3.10/dist-packages:${PYTHONPATH} /usr/bin/cmake --build /home/zyx/ros2_learn/node/chapt3/topic_practice_ws/build/sys_status_display -- -j12 -l12
[15.509s] DEBUG:colcon.colcon_core.event_handler.log_command:Invoked command in '/home/zyx/ros2_learn/node/chapt3/topic_practice_ws/build/sys_status_display' returned '0': AMENT_PREFIX_PATH=/home/zyx/ros2_learn/node/chapt3/topic_practice_ws/install/status_interfaces:${AMENT_PREFIX_PATH} CMAKE_PREFIX_PATH=/home/zyx/ros2_learn/node/chapt3/topic_practice_ws/install/status_interfaces:/opt/ros/humble LD_LIBRARY_PATH=/home/zyx/ros2_learn/node/chapt3/topic_practice_ws/install/status_interfaces/lib:${LD_LIBRARY_PATH} PYTHONPATH=/home/zyx/ros2_learn/node/chapt3/topic_practice_ws/install/status_interfaces/local/lib/python3.10/dist-packages:${PYTHONPATH} /usr/bin/cmake --build /home/zyx/ros2_learn/node/chapt3/topic_practice_ws/build/sys_status_display -- -j12 -l12
[15.511s] DEBUG:colcon.colcon_core.event_handler.log_command:Invoking command in '/home/zyx/ros2_learn/node/chapt3/topic_practice_ws/build/sys_status_display': AMENT_PREFIX_PATH=/home/zyx/ros2_learn/node/chapt3/topic_practice_ws/install/status_interfaces:${AMENT_PREFIX_PATH} CMAKE_PREFIX_PATH=/home/zyx/ros2_learn/node/chapt3/topic_practice_ws/install/status_interfaces:/opt/ros/humble LD_LIBRARY_PATH=/home/zyx/ros2_learn/node/chapt3/topic_practice_ws/install/status_interfaces/lib:${LD_LIBRARY_PATH} PYTHONPATH=/home/zyx/ros2_learn/node/chapt3/topic_practice_ws/install/status_interfaces/local/lib/python3.10/dist-packages:${PYTHONPATH} /usr/bin/cmake --install /home/zyx/ros2_learn/node/chapt3/topic_practice_ws/build/sys_status_display
[15.526s] Level 1:colcon.colcon_core.environment:create_environment_scripts_only(sys_status_display)
[15.526s] Level 1:colcon.colcon_core.environment:checking '/home/zyx/ros2_learn/node/chapt3/topic_practice_ws/install/sys_status_display' for CMake module files
[15.527s] DEBUG:colcon.colcon_core.event_handler.log_command:Invoked command in '/home/zyx/ros2_learn/node/chapt3/topic_practice_ws/build/sys_status_display' returned '0': AMENT_PREFIX_PATH=/home/zyx/ros2_learn/node/chapt3/topic_practice_ws/install/status_interfaces:${AMENT_PREFIX_PATH} CMAKE_PREFIX_PATH=/home/zyx/ros2_learn/node/chapt3/topic_practice_ws/install/status_interfaces:/opt/ros/humble LD_LIBRARY_PATH=/home/zyx/ros2_learn/node/chapt3/topic_practice_ws/install/status_interfaces/lib:${LD_LIBRARY_PATH} PYTHONPATH=/home/zyx/ros2_learn/node/chapt3/topic_practice_ws/install/status_interfaces/local/lib/python3.10/dist-packages:${PYTHONPATH} /usr/bin/cmake --install /home/zyx/ros2_learn/node/chapt3/topic_practice_ws/build/sys_status_display
[15.527s] Level 1:colcon.colcon_core.environment:checking '/home/zyx/ros2_learn/node/chapt3/topic_practice_ws/install/sys_status_display' for CMake config files
[15.527s] Level 1:colcon.colcon_core.shell:create_environment_hook('sys_status_display', 'cmake_prefix_path')
[15.528s] INFO:colcon.colcon_core.shell:Creating environment hook '/home/zyx/ros2_learn/node/chapt3/topic_practice_ws/install/sys_status_display/share/sys_status_display/hook/cmake_prefix_path.ps1'
[15.528s] INFO:colcon.colcon_core.shell:Creating environment descriptor '/home/zyx/ros2_learn/node/chapt3/topic_practice_ws/install/sys_status_display/share/sys_status_display/hook/cmake_prefix_path.dsv'
[15.529s] INFO:colcon.colcon_core.shell:Creating environment hook '/home/zyx/ros2_learn/node/chapt3/topic_practice_ws/install/sys_status_display/share/sys_status_display/hook/cmake_prefix_path.sh'
[15.529s] Level 1:colcon.colcon_core.environment:checking '/home/zyx/ros2_learn/node/chapt3/topic_practice_ws/install/sys_status_display/lib'
[15.530s] Level 1:colcon.colcon_core.environment:checking '/home/zyx/ros2_learn/node/chapt3/topic_practice_ws/install/sys_status_display/bin'
[15.530s] Level 1:colcon.colcon_core.environment:checking '/home/zyx/ros2_learn/node/chapt3/topic_practice_ws/install/sys_status_display/lib/pkgconfig/sys_status_display.pc'
[15.530s] Level 1:colcon.colcon_core.environment:checking '/home/zyx/ros2_learn/node/chapt3/topic_practice_ws/install/sys_status_display/lib/python3.10/site-packages'
[15.530s] Level 1:colcon.colcon_core.environment:checking '/home/zyx/ros2_learn/node/chapt3/topic_practice_ws/install/sys_status_display/bin'
[15.531s] INFO:colcon.colcon_core.shell:Creating package script '/home/zyx/ros2_learn/node/chapt3/topic_practice_ws/install/sys_status_display/share/sys_status_display/package.ps1'
[15.531s] INFO:colcon.colcon_core.shell:Creating package descriptor '/home/zyx/ros2_learn/node/chapt3/topic_practice_ws/install/sys_status_display/share/sys_status_display/package.dsv'
[15.532s] INFO:colcon.colcon_core.shell:Creating package script '/home/zyx/ros2_learn/node/chapt3/topic_practice_ws/install/sys_status_display/share/sys_status_display/package.sh'
[15.532s] INFO:colcon.colcon_core.shell:Creating package script '/home/zyx/ros2_learn/node/chapt3/topic_practice_ws/install/sys_status_display/share/sys_status_display/package.bash'
[15.533s] INFO:colcon.colcon_core.shell:Creating package script '/home/zyx/ros2_learn/node/chapt3/topic_practice_ws/install/sys_status_display/share/sys_status_display/package.zsh'
[15.533s] Level 1:colcon.colcon_core.environment:create_file_with_runtime_dependencies(/home/zyx/ros2_learn/node/chapt3/topic_practice_ws/install/sys_status_display/share/colcon-core/packages/sys_status_display)
[15.534s] Level 1:colcon.colcon_core.environment:create_environment_scripts_only(sys_status_display)
[15.534s] Level 1:colcon.colcon_core.environment:checking '/home/zyx/ros2_learn/node/chapt3/topic_practice_ws/install/sys_status_display' for CMake module files
[15.535s] Level 1:colcon.colcon_core.environment:checking '/home/zyx/ros2_learn/node/chapt3/topic_practice_ws/install/sys_status_display' for CMake config files
[15.535s] Level 1:colcon.colcon_core.shell:create_environment_hook('sys_status_display', 'cmake_prefix_path')
[15.536s] INFO:colcon.colcon_core.shell:Creating environment hook '/home/zyx/ros2_learn/node/chapt3/topic_practice_ws/install/sys_status_display/share/sys_status_display/hook/cmake_prefix_path.ps1'
[15.536s] INFO:colcon.colcon_core.shell:Creating environment descriptor '/home/zyx/ros2_learn/node/chapt3/topic_practice_ws/install/sys_status_display/share/sys_status_display/hook/cmake_prefix_path.dsv'
[15.537s] INFO:colcon.colcon_core.shell:Creating environment hook '/home/zyx/ros2_learn/node/chapt3/topic_practice_ws/install/sys_status_display/share/sys_status_display/hook/cmake_prefix_path.sh'
[15.537s] Level 1:colcon.colcon_core.environment:checking '/home/zyx/ros2_learn/node/chapt3/topic_practice_ws/install/sys_status_display/lib'
[15.538s] Level 1:colcon.colcon_core.environment:checking '/home/zyx/ros2_learn/node/chapt3/topic_practice_ws/install/sys_status_display/bin'
[15.538s] Level 1:colcon.colcon_core.environment:checking '/home/zyx/ros2_learn/node/chapt3/topic_practice_ws/install/sys_status_display/lib/pkgconfig/sys_status_display.pc'
[15.538s] Level 1:colcon.colcon_core.environment:checking '/home/zyx/ros2_learn/node/chapt3/topic_practice_ws/install/sys_status_display/lib/python3.10/site-packages'
[15.538s] Level 1:colcon.colcon_core.environment:checking '/home/zyx/ros2_learn/node/chapt3/topic_practice_ws/install/sys_status_display/bin'
[15.539s] INFO:colcon.colcon_core.shell:Creating package script '/home/zyx/ros2_learn/node/chapt3/topic_practice_ws/install/sys_status_display/share/sys_status_display/package.ps1'
[15.539s] INFO:colcon.colcon_core.shell:Creating package descriptor '/home/zyx/ros2_learn/node/chapt3/topic_practice_ws/install/sys_status_display/share/sys_status_display/package.dsv'
[15.540s] INFO:colcon.colcon_core.shell:Creating package script '/home/zyx/ros2_learn/node/chapt3/topic_practice_ws/install/sys_status_display/share/sys_status_display/package.sh'
[15.541s] INFO:colcon.colcon_core.shell:Creating package script '/home/zyx/ros2_learn/node/chapt3/topic_practice_ws/install/sys_status_display/share/sys_status_display/package.bash'
[15.541s] INFO:colcon.colcon_core.shell:Creating package script '/home/zyx/ros2_learn/node/chapt3/topic_practice_ws/install/sys_status_display/share/sys_status_display/package.zsh'
[15.542s] Level 1:colcon.colcon_core.environment:create_file_with_runtime_dependencies(/home/zyx/ros2_learn/node/chapt3/topic_practice_ws/install/sys_status_display/share/colcon-core/packages/sys_status_display)
[15.542s] DEBUG:colcon.colcon_parallel_executor.executor.parallel:closing loop
[15.542s] DEBUG:colcon.colcon_parallel_executor.executor.parallel:loop closed
[15.542s] DEBUG:colcon.colcon_parallel_executor.executor.parallel:run_until_complete finished with '0'
[15.542s] DEBUG:colcon.colcon_core.event_reactor:joining thread
[15.550s] INFO:colcon.colcon_core.plugin_system:Skipping extension 'colcon_notification.desktop_notification.terminal_notifier': Not used on non-Darwin systems
[15.550s] INFO:colcon.colcon_core.plugin_system:Skipping extension 'colcon_notification.desktop_notification.win32': Not used on non-Windows systems
[15.550s] INFO:colcon.colcon_notification.desktop_notification:Sending desktop notification using 'notify2'
[15.580s] DEBUG:colcon.colcon_core.event_reactor:joined thread
[15.580s] INFO:colcon.colcon_core.shell:Creating prefix script '/home/zyx/ros2_learn/node/chapt3/topic_practice_ws/install/local_setup.ps1'
[15.582s] INFO:colcon.colcon_core.shell:Creating prefix util module '/home/zyx/ros2_learn/node/chapt3/topic_practice_ws/install/_local_setup_util_ps1.py'
[15.585s] INFO:colcon.colcon_core.shell:Creating prefix chain script '/home/zyx/ros2_learn/node/chapt3/topic_practice_ws/install/setup.ps1'
[15.592s] INFO:colcon.colcon_core.shell:Creating prefix script '/home/zyx/ros2_learn/node/chapt3/topic_practice_ws/install/local_setup.sh'
[15.594s] INFO:colcon.colcon_core.shell:Creating prefix util module '/home/zyx/ros2_learn/node/chapt3/topic_practice_ws/install/_local_setup_util_sh.py'
[15.596s] INFO:colcon.colcon_core.shell:Creating prefix chain script '/home/zyx/ros2_learn/node/chapt3/topic_practice_ws/install/setup.sh'
[15.599s] INFO:colcon.colcon_core.shell:Creating prefix script '/home/zyx/ros2_learn/node/chapt3/topic_practice_ws/install/local_setup.bash'
[15.601s] INFO:colcon.colcon_core.shell:Creating prefix chain script '/home/zyx/ros2_learn/node/chapt3/topic_practice_ws/install/setup.bash'
[15.604s] INFO:colcon.colcon_core.shell:Creating prefix script '/home/zyx/ros2_learn/node/chapt3/topic_practice_ws/install/local_setup.zsh'
[15.606s] INFO:colcon.colcon_core.shell:Creating prefix chain script '/home/zyx/ros2_learn/node/chapt3/topic_practice_ws/install/setup.zsh'
