[0.101s] DEBUG:colcon:Command line arguments: ['/usr/bin/colcon', 'build']
[0.101s] DEBUG:colcon:Parsed command line arguments: Namespace(log_base=None, log_level=None, verb_name='build', build_base='build', install_base='install', merge_install=False, symlink_install=False, test_result_base=None, continue_on_error=False, executor='parallel', parallel_workers=12, event_handlers=None, ignore_user_meta=False, metas=['./colcon.meta'], base_paths=['.'], packages_ignore=None, packages_ignore_regex=None, paths=None, packages_up_to=None, packages_up_to_regex=None, packages_above=None, packages_above_and_dependencies=None, packages_above_depth=None, packages_select_by_dep=None, packages_skip_by_dep=None, packages_skip_up_to=None, packages_select_build_failed=False, packages_skip_build_finished=False, packages_select_test_failures=False, packages_skip_test_passed=False, packages_select=None, packages_skip=None, packages_select_regex=None, packages_skip_regex=None, packages_start=None, packages_end=None, allow_overriding=[], cmake_args=None, cmake_target=None, cmake_target_skip_unavailable=False, cmake_clean_cache=False, cmake_clean_first=False, cmake_force_configure=False, ament_cmake_args=None, catkin_cmake_args=None, catkin_skip_building_tests=False, verb_parser=<colcon_defaults.argument_parser.defaults.DefaultArgumentsDecorator object at 0x7cf936a1f670>, verb_extension=<colcon_core.verb.build.BuildVerb object at 0x7cf936a1f220>, main=<bound method BuildVerb.main of <colcon_core.verb.build.BuildVerb object at 0x7cf936a1f220>>)
[0.266s] Level 1:colcon.colcon_core.package_discovery:discover_packages(colcon_meta) check parameters
[0.266s] Level 1:colcon.colcon_core.package_discovery:discover_packages(recursive) check parameters
[0.266s] Level 1:colcon.colcon_core.package_discovery:discover_packages(ignore) check parameters
[0.266s] Level 1:colcon.colcon_core.package_discovery:discover_packages(path) check parameters
[0.266s] Level 1:colcon.colcon_core.package_discovery:discover_packages(colcon_meta) discover
[0.266s] Level 1:colcon.colcon_core.package_discovery:discover_packages(recursive) discover
[0.266s] INFO:colcon.colcon_core.package_discovery:Crawling recursively for packages in '/home/zyx/ros2_learn/node/chapt3/topic_practice_ws'
[0.266s] Level 1:colcon.colcon_core.package_identification:_identify(.) by extensions ['ignore', 'ignore_ament_install']
[0.266s] Level 1:colcon.colcon_core.package_identification:_identify(.) by extension 'ignore'
[0.266s] Level 1:colcon.colcon_core.package_identification:_identify(.) by extension 'ignore_ament_install'
[0.266s] Level 1:colcon.colcon_core.package_identification:_identify(.) by extensions ['colcon_pkg']
[0.266s] Level 1:colcon.colcon_core.package_identification:_identify(.) by extension 'colcon_pkg'
[0.266s] Level 1:colcon.colcon_core.package_identification:_identify(.) by extensions ['colcon_meta']
[0.266s] Level 1:colcon.colcon_core.package_identification:_identify(.) by extension 'colcon_meta'
[0.266s] Level 1:colcon.colcon_core.package_identification:_identify(.) by extensions ['ros']
[0.267s] Level 1:colcon.colcon_core.package_identification:_identify(.) by extension 'ros'
[0.278s] Level 1:colcon.colcon_core.package_identification:_identify(.) by extensions ['cmake', 'python']
[0.279s] Level 1:colcon.colcon_core.package_identification:_identify(.) by extension 'cmake'
[0.279s] Level 1:colcon.colcon_core.package_identification:_identify(.) by extension 'python'
[0.279s] Level 1:colcon.colcon_core.package_identification:_identify(.) by extensions ['python_setup_py']
[0.279s] Level 1:colcon.colcon_core.package_identification:_identify(.) by extension 'python_setup_py'
[0.279s] Level 1:colcon.colcon_core.package_identification:_identify(build) by extensions ['ignore', 'ignore_ament_install']
[0.279s] Level 1:colcon.colcon_core.package_identification:_identify(build) by extension 'ignore'
[0.279s] Level 1:colcon.colcon_core.package_identification:_identify(build) ignored
[0.279s] Level 1:colcon.colcon_core.package_identification:_identify(install) by extensions ['ignore', 'ignore_ament_install']
[0.279s] Level 1:colcon.colcon_core.package_identification:_identify(install) by extension 'ignore'
[0.279s] Level 1:colcon.colcon_core.package_identification:_identify(install) ignored
[0.279s] Level 1:colcon.colcon_core.package_identification:_identify(log) by extensions ['ignore', 'ignore_ament_install']
[0.279s] Level 1:colcon.colcon_core.package_identification:_identify(log) by extension 'ignore'
[0.279s] Level 1:colcon.colcon_core.package_identification:_identify(log) ignored
[0.280s] Level 1:colcon.colcon_core.package_identification:_identify(src) by extensions ['ignore', 'ignore_ament_install']
[0.280s] Level 1:colcon.colcon_core.package_identification:_identify(src) by extension 'ignore'
[0.280s] Level 1:colcon.colcon_core.package_identification:_identify(src) by extension 'ignore_ament_install'
[0.280s] Level 1:colcon.colcon_core.package_identification:_identify(src) by extensions ['colcon_pkg']
[0.280s] Level 1:colcon.colcon_core.package_identification:_identify(src) by extension 'colcon_pkg'
[0.280s] Level 1:colcon.colcon_core.package_identification:_identify(src) by extensions ['colcon_meta']
[0.280s] Level 1:colcon.colcon_core.package_identification:_identify(src) by extension 'colcon_meta'
[0.280s] Level 1:colcon.colcon_core.package_identification:_identify(src) by extensions ['ros']
[0.280s] Level 1:colcon.colcon_core.package_identification:_identify(src) by extension 'ros'
[0.280s] Level 1:colcon.colcon_core.package_identification:_identify(src) by extensions ['cmake', 'python']
[0.280s] Level 1:colcon.colcon_core.package_identification:_identify(src) by extension 'cmake'
[0.280s] Level 1:colcon.colcon_core.package_identification:_identify(src) by extension 'python'
[0.280s] Level 1:colcon.colcon_core.package_identification:_identify(src) by extensions ['python_setup_py']
[0.280s] Level 1:colcon.colcon_core.package_identification:_identify(src) by extension 'python_setup_py'
[0.280s] Level 1:colcon.colcon_core.package_identification:_identify(src/py_status_publisher) by extensions ['ignore', 'ignore_ament_install']
[0.280s] Level 1:colcon.colcon_core.package_identification:_identify(src/py_status_publisher) by extension 'ignore'
[0.280s] Level 1:colcon.colcon_core.package_identification:_identify(src/py_status_publisher) by extension 'ignore_ament_install'
[0.280s] Level 1:colcon.colcon_core.package_identification:_identify(src/py_status_publisher) by extensions ['colcon_pkg']
[0.280s] Level 1:colcon.colcon_core.package_identification:_identify(src/py_status_publisher) by extension 'colcon_pkg'
[0.280s] Level 1:colcon.colcon_core.package_identification:_identify(src/py_status_publisher) by extensions ['colcon_meta']
[0.281s] Level 1:colcon.colcon_core.package_identification:_identify(src/py_status_publisher) by extension 'colcon_meta'
[0.281s] Level 1:colcon.colcon_core.package_identification:_identify(src/py_status_publisher) by extensions ['ros']
[0.281s] Level 1:colcon.colcon_core.package_identification:_identify(src/py_status_publisher) by extension 'ros'
[0.283s] DEBUG:colcon.colcon_core.package_identification:Package 'src/py_status_publisher' with type 'ros.ament_python' and name 'py_status_publisher'
[0.283s] Level 1:colcon.colcon_core.package_identification:_identify(src/status_display) by extensions ['ignore', 'ignore_ament_install']
[0.283s] Level 1:colcon.colcon_core.package_identification:_identify(src/status_display) by extension 'ignore'
[0.283s] Level 1:colcon.colcon_core.package_identification:_identify(src/status_display) by extension 'ignore_ament_install'
[0.283s] Level 1:colcon.colcon_core.package_identification:_identify(src/status_display) by extensions ['colcon_pkg']
[0.283s] Level 1:colcon.colcon_core.package_identification:_identify(src/status_display) by extension 'colcon_pkg'
[0.283s] Level 1:colcon.colcon_core.package_identification:_identify(src/status_display) by extensions ['colcon_meta']
[0.283s] Level 1:colcon.colcon_core.package_identification:_identify(src/status_display) by extension 'colcon_meta'
[0.283s] Level 1:colcon.colcon_core.package_identification:_identify(src/status_display) by extensions ['ros']
[0.284s] Level 1:colcon.colcon_core.package_identification:_identify(src/status_display) by extension 'ros'
[0.284s] DEBUG:colcon.colcon_core.package_identification:Package 'src/status_display' with type 'ros.ament_cmake' and name 'status_display'
[0.284s] Level 1:colcon.colcon_core.package_identification:_identify(src/status_interfaces) by extensions ['ignore', 'ignore_ament_install']
[0.284s] Level 1:colcon.colcon_core.package_identification:_identify(src/status_interfaces) by extension 'ignore'
[0.285s] Level 1:colcon.colcon_core.package_identification:_identify(src/status_interfaces) by extension 'ignore_ament_install'
[0.285s] Level 1:colcon.colcon_core.package_identification:_identify(src/status_interfaces) by extensions ['colcon_pkg']
[0.285s] Level 1:colcon.colcon_core.package_identification:_identify(src/status_interfaces) by extension 'colcon_pkg'
[0.285s] Level 1:colcon.colcon_core.package_identification:_identify(src/status_interfaces) by extensions ['colcon_meta']
[0.285s] Level 1:colcon.colcon_core.package_identification:_identify(src/status_interfaces) by extension 'colcon_meta'
[0.285s] Level 1:colcon.colcon_core.package_identification:_identify(src/status_interfaces) by extensions ['ros']
[0.285s] Level 1:colcon.colcon_core.package_identification:_identify(src/status_interfaces) by extension 'ros'
[0.285s] DEBUG:colcon.colcon_core.package_identification:Package 'src/status_interfaces' with type 'ros.ament_cmake' and name 'status_interfaces'
[0.285s] Level 1:colcon.colcon_core.package_discovery:discover_packages(recursive) using defaults
[0.286s] Level 1:colcon.colcon_core.package_discovery:discover_packages(ignore) discover
[0.286s] Level 1:colcon.colcon_core.package_discovery:discover_packages(ignore) using defaults
[0.286s] Level 1:colcon.colcon_core.package_discovery:discover_packages(path) discover
[0.286s] Level 1:colcon.colcon_core.package_discovery:discover_packages(path) using defaults
[0.306s] Level 1:colcon.colcon_core.package_discovery:discover_packages(prefix_path) check parameters
[0.306s] Level 1:colcon.colcon_core.package_discovery:discover_packages(prefix_path) discover
[0.309s] DEBUG:colcon.colcon_installed_package_information.package_discovery:Found 271 installed packages in /opt/ros/humble
[0.311s] Level 1:colcon.colcon_core.package_discovery:discover_packages(prefix_path) using defaults
[0.358s] Level 5:colcon.colcon_core.verb:set package 'py_status_publisher' build argument 'cmake_args' from command line to 'None'
[0.358s] Level 5:colcon.colcon_core.verb:set package 'py_status_publisher' build argument 'cmake_target' from command line to 'None'
[0.358s] Level 5:colcon.colcon_core.verb:set package 'py_status_publisher' build argument 'cmake_target_skip_unavailable' from command line to 'False'
[0.358s] Level 5:colcon.colcon_core.verb:set package 'py_status_publisher' build argument 'cmake_clean_cache' from command line to 'False'
[0.358s] Level 5:colcon.colcon_core.verb:set package 'py_status_publisher' build argument 'cmake_clean_first' from command line to 'False'
[0.358s] Level 5:colcon.colcon_core.verb:set package 'py_status_publisher' build argument 'cmake_force_configure' from command line to 'False'
[0.358s] Level 5:colcon.colcon_core.verb:set package 'py_status_publisher' build argument 'ament_cmake_args' from command line to 'None'
[0.358s] Level 5:colcon.colcon_core.verb:set package 'py_status_publisher' build argument 'catkin_cmake_args' from command line to 'None'
[0.358s] Level 5:colcon.colcon_core.verb:set package 'py_status_publisher' build argument 'catkin_skip_building_tests' from command line to 'False'
[0.358s] DEBUG:colcon.colcon_core.verb:Building package 'py_status_publisher' with the following arguments: {'ament_cmake_args': None, 'build_base': '/home/zyx/ros2_learn/node/chapt3/topic_practice_ws/build/py_status_publisher', 'catkin_cmake_args': None, 'catkin_skip_building_tests': False, 'cmake_args': None, 'cmake_clean_cache': False, 'cmake_clean_first': False, 'cmake_force_configure': False, 'cmake_target': None, 'cmake_target_skip_unavailable': False, 'install_base': '/home/zyx/ros2_learn/node/chapt3/topic_practice_ws/install/py_status_publisher', 'merge_install': False, 'path': '/home/zyx/ros2_learn/node/chapt3/topic_practice_ws/src/py_status_publisher', 'symlink_install': False, 'test_result_base': None}
[0.358s] Level 5:colcon.colcon_core.verb:set package 'status_interfaces' build argument 'cmake_args' from command line to 'None'
[0.358s] Level 5:colcon.colcon_core.verb:set package 'status_interfaces' build argument 'cmake_target' from command line to 'None'
[0.358s] Level 5:colcon.colcon_core.verb:set package 'status_interfaces' build argument 'cmake_target_skip_unavailable' from command line to 'False'
[0.358s] Level 5:colcon.colcon_core.verb:set package 'status_interfaces' build argument 'cmake_clean_cache' from command line to 'False'
[0.358s] Level 5:colcon.colcon_core.verb:set package 'status_interfaces' build argument 'cmake_clean_first' from command line to 'False'
[0.358s] Level 5:colcon.colcon_core.verb:set package 'status_interfaces' build argument 'cmake_force_configure' from command line to 'False'
[0.358s] Level 5:colcon.colcon_core.verb:set package 'status_interfaces' build argument 'ament_cmake_args' from command line to 'None'
[0.358s] Level 5:colcon.colcon_core.verb:set package 'status_interfaces' build argument 'catkin_cmake_args' from command line to 'None'
[0.358s] Level 5:colcon.colcon_core.verb:set package 'status_interfaces' build argument 'catkin_skip_building_tests' from command line to 'False'
[0.359s] DEBUG:colcon.colcon_core.verb:Building package 'status_interfaces' with the following arguments: {'ament_cmake_args': None, 'build_base': '/home/zyx/ros2_learn/node/chapt3/topic_practice_ws/build/status_interfaces', 'catkin_cmake_args': None, 'catkin_skip_building_tests': False, 'cmake_args': None, 'cmake_clean_cache': False, 'cmake_clean_first': False, 'cmake_force_configure': False, 'cmake_target': None, 'cmake_target_skip_unavailable': False, 'install_base': '/home/zyx/ros2_learn/node/chapt3/topic_practice_ws/install/status_interfaces', 'merge_install': False, 'path': '/home/zyx/ros2_learn/node/chapt3/topic_practice_ws/src/status_interfaces', 'symlink_install': False, 'test_result_base': None}
[0.359s] Level 5:colcon.colcon_core.verb:set package 'status_display' build argument 'cmake_args' from command line to 'None'
[0.359s] Level 5:colcon.colcon_core.verb:set package 'status_display' build argument 'cmake_target' from command line to 'None'
[0.359s] Level 5:colcon.colcon_core.verb:set package 'status_display' build argument 'cmake_target_skip_unavailable' from command line to 'False'
[0.359s] Level 5:colcon.colcon_core.verb:set package 'status_display' build argument 'cmake_clean_cache' from command line to 'False'
[0.359s] Level 5:colcon.colcon_core.verb:set package 'status_display' build argument 'cmake_clean_first' from command line to 'False'
[0.359s] Level 5:colcon.colcon_core.verb:set package 'status_display' build argument 'cmake_force_configure' from command line to 'False'
[0.359s] Level 5:colcon.colcon_core.verb:set package 'status_display' build argument 'ament_cmake_args' from command line to 'None'
[0.359s] Level 5:colcon.colcon_core.verb:set package 'status_display' build argument 'catkin_cmake_args' from command line to 'None'
[0.359s] Level 5:colcon.colcon_core.verb:set package 'status_display' build argument 'catkin_skip_building_tests' from command line to 'False'
[0.359s] DEBUG:colcon.colcon_core.verb:Building package 'status_display' with the following arguments: {'ament_cmake_args': None, 'build_base': '/home/zyx/ros2_learn/node/chapt3/topic_practice_ws/build/status_display', 'catkin_cmake_args': None, 'catkin_skip_building_tests': False, 'cmake_args': None, 'cmake_clean_cache': False, 'cmake_clean_first': False, 'cmake_force_configure': False, 'cmake_target': None, 'cmake_target_skip_unavailable': False, 'install_base': '/home/zyx/ros2_learn/node/chapt3/topic_practice_ws/install/status_display', 'merge_install': False, 'path': '/home/zyx/ros2_learn/node/chapt3/topic_practice_ws/src/status_display', 'symlink_install': False, 'test_result_base': None}
[0.359s] INFO:colcon.colcon_core.executor:Executing jobs using 'parallel' executor
[0.360s] DEBUG:colcon.colcon_parallel_executor.executor.parallel:run_until_complete
[0.360s] INFO:colcon.colcon_ros.task.ament_cmake.build:Building ROS package in '/home/zyx/ros2_learn/node/chapt3/topic_practice_ws/src/status_interfaces' with build type 'ament_cmake'
[0.360s] INFO:colcon.colcon_cmake.task.cmake.build:Building CMake package in '/home/zyx/ros2_learn/node/chapt3/topic_practice_ws/src/status_interfaces'
[0.363s] INFO:colcon.colcon_core.plugin_system:Skipping extension 'colcon_core.shell.bat': Not used on non-Windows systems
[0.363s] INFO:colcon.colcon_core.shell:Skip shell extension 'powershell' for command environment: Not usable outside of PowerShell
[0.363s] DEBUG:colcon.colcon_core.shell:Skip shell extension 'dsv' for command environment
[0.365s] INFO:colcon.colcon_ros.task.ament_python.build:Building ROS package in '/home/zyx/ros2_learn/node/chapt3/topic_practice_ws/src/py_status_publisher' with build type 'ament_python'
[0.366s] Level 1:colcon.colcon_core.shell:create_environment_hook('py_status_publisher', 'ament_prefix_path')
[0.366s] INFO:colcon.colcon_core.shell:Creating environment hook '/home/zyx/ros2_learn/node/chapt3/topic_practice_ws/install/py_status_publisher/share/py_status_publisher/hook/ament_prefix_path.ps1'
[0.366s] INFO:colcon.colcon_core.shell:Creating environment descriptor '/home/zyx/ros2_learn/node/chapt3/topic_practice_ws/install/py_status_publisher/share/py_status_publisher/hook/ament_prefix_path.dsv'
[0.367s] INFO:colcon.colcon_core.shell:Creating environment hook '/home/zyx/ros2_learn/node/chapt3/topic_practice_ws/install/py_status_publisher/share/py_status_publisher/hook/ament_prefix_path.sh'
[0.368s] INFO:colcon.colcon_core.shell:Skip shell extension 'powershell' for command environment: Not usable outside of PowerShell
[0.368s] DEBUG:colcon.colcon_core.shell:Skip shell extension 'dsv' for command environment
[0.376s] DEBUG:colcon.colcon_core.event_handler.log_command:Invoking command in '/home/zyx/ros2_learn/node/chapt3/topic_practice_ws/build/status_interfaces': CMAKE_PREFIX_PATH=/opt/ros/humble /usr/bin/cmake --build /home/zyx/ros2_learn/node/chapt3/topic_practice_ws/build/status_interfaces -- -j12 -l12
[0.732s] INFO:colcon.colcon_core.task.python.build:Building Python package in '/home/zyx/ros2_learn/node/chapt3/topic_practice_ws/src/py_status_publisher'
[0.732s] INFO:colcon.colcon_core.shell:Skip shell extension 'powershell' for command environment: Not usable outside of PowerShell
[0.732s] DEBUG:colcon.colcon_core.shell:Skip shell extension 'dsv' for command environment
[0.850s] DEBUG:colcon.colcon_core.event_handler.log_command:Invoked command in '/home/zyx/ros2_learn/node/chapt3/topic_practice_ws/build/status_interfaces' returned '0': CMAKE_PREFIX_PATH=/opt/ros/humble /usr/bin/cmake --build /home/zyx/ros2_learn/node/chapt3/topic_practice_ws/build/status_interfaces -- -j12 -l12
[0.862s] DEBUG:colcon.colcon_core.event_handler.log_command:Invoking command in '/home/zyx/ros2_learn/node/chapt3/topic_practice_ws/build/status_interfaces': CMAKE_PREFIX_PATH=/opt/ros/humble /usr/bin/cmake --install /home/zyx/ros2_learn/node/chapt3/topic_practice_ws/build/status_interfaces
[0.948s] Level 1:colcon.colcon_core.environment:create_environment_scripts_only(status_interfaces)
[0.949s] DEBUG:colcon.colcon_core.event_handler.log_command:Invoked command in '/home/zyx/ros2_learn/node/chapt3/topic_practice_ws/build/status_interfaces' returned '0': CMAKE_PREFIX_PATH=/opt/ros/humble /usr/bin/cmake --install /home/zyx/ros2_learn/node/chapt3/topic_practice_ws/build/status_interfaces
[0.953s] Level 1:colcon.colcon_core.environment:checking '/home/zyx/ros2_learn/node/chapt3/topic_practice_ws/install/status_interfaces' for CMake module files
[0.955s] Level 1:colcon.colcon_core.environment:checking '/home/zyx/ros2_learn/node/chapt3/topic_practice_ws/install/status_interfaces' for CMake config files
[0.955s] Level 1:colcon.colcon_core.shell:create_environment_hook('status_interfaces', 'cmake_prefix_path')
[0.956s] INFO:colcon.colcon_core.shell:Creating environment hook '/home/zyx/ros2_learn/node/chapt3/topic_practice_ws/install/status_interfaces/share/status_interfaces/hook/cmake_prefix_path.ps1'
[0.957s] INFO:colcon.colcon_core.shell:Creating environment descriptor '/home/zyx/ros2_learn/node/chapt3/topic_practice_ws/install/status_interfaces/share/status_interfaces/hook/cmake_prefix_path.dsv'
[0.958s] INFO:colcon.colcon_core.shell:Creating environment hook '/home/zyx/ros2_learn/node/chapt3/topic_practice_ws/install/status_interfaces/share/status_interfaces/hook/cmake_prefix_path.sh'
[0.959s] Level 1:colcon.colcon_core.environment:checking '/home/zyx/ros2_learn/node/chapt3/topic_practice_ws/install/status_interfaces/lib'
[0.960s] Level 1:colcon.colcon_core.shell:create_environment_hook('status_interfaces', 'ld_library_path_lib')
[0.960s] INFO:colcon.colcon_core.shell:Creating environment hook '/home/zyx/ros2_learn/node/chapt3/topic_practice_ws/install/status_interfaces/share/status_interfaces/hook/ld_library_path_lib.ps1'
[0.962s] INFO:colcon.colcon_core.shell:Creating environment descriptor '/home/zyx/ros2_learn/node/chapt3/topic_practice_ws/install/status_interfaces/share/status_interfaces/hook/ld_library_path_lib.dsv'
[0.962s] INFO:colcon.colcon_core.shell:Creating environment hook '/home/zyx/ros2_learn/node/chapt3/topic_practice_ws/install/status_interfaces/share/status_interfaces/hook/ld_library_path_lib.sh'
[0.963s] Level 1:colcon.colcon_core.environment:checking '/home/zyx/ros2_learn/node/chapt3/topic_practice_ws/install/status_interfaces/bin'
[0.963s] Level 1:colcon.colcon_core.environment:checking '/home/zyx/ros2_learn/node/chapt3/topic_practice_ws/install/status_interfaces/lib/pkgconfig/status_interfaces.pc'
[0.964s] Level 1:colcon.colcon_core.environment:checking '/home/zyx/ros2_learn/node/chapt3/topic_practice_ws/install/status_interfaces/lib/python3.10/site-packages'
[0.964s] Level 1:colcon.colcon_core.environment:checking '/home/zyx/ros2_learn/node/chapt3/topic_practice_ws/install/status_interfaces/bin'
[0.965s] INFO:colcon.colcon_core.shell:Creating package script '/home/zyx/ros2_learn/node/chapt3/topic_practice_ws/install/status_interfaces/share/status_interfaces/package.ps1'
[0.967s] INFO:colcon.colcon_core.shell:Creating package descriptor '/home/zyx/ros2_learn/node/chapt3/topic_practice_ws/install/status_interfaces/share/status_interfaces/package.dsv'
[0.968s] INFO:colcon.colcon_core.shell:Creating package script '/home/zyx/ros2_learn/node/chapt3/topic_practice_ws/install/status_interfaces/share/status_interfaces/package.sh'
[0.970s] INFO:colcon.colcon_core.shell:Creating package script '/home/zyx/ros2_learn/node/chapt3/topic_practice_ws/install/status_interfaces/share/status_interfaces/package.bash'
[0.971s] INFO:colcon.colcon_core.shell:Creating package script '/home/zyx/ros2_learn/node/chapt3/topic_practice_ws/install/status_interfaces/share/status_interfaces/package.zsh'
[0.973s] Level 1:colcon.colcon_core.environment:create_file_with_runtime_dependencies(/home/zyx/ros2_learn/node/chapt3/topic_practice_ws/install/status_interfaces/share/colcon-core/packages/status_interfaces)
[0.975s] Level 1:colcon.colcon_core.environment:create_environment_scripts_only(status_interfaces)
[0.975s] Level 1:colcon.colcon_core.environment:checking '/home/zyx/ros2_learn/node/chapt3/topic_practice_ws/install/status_interfaces' for CMake module files
[0.977s] Level 1:colcon.colcon_core.environment:checking '/home/zyx/ros2_learn/node/chapt3/topic_practice_ws/install/status_interfaces' for CMake config files
[0.977s] Level 1:colcon.colcon_core.shell:create_environment_hook('status_interfaces', 'cmake_prefix_path')
[0.978s] INFO:colcon.colcon_core.shell:Creating environment hook '/home/zyx/ros2_learn/node/chapt3/topic_practice_ws/install/status_interfaces/share/status_interfaces/hook/cmake_prefix_path.ps1'
[0.979s] INFO:colcon.colcon_core.shell:Creating environment descriptor '/home/zyx/ros2_learn/node/chapt3/topic_practice_ws/install/status_interfaces/share/status_interfaces/hook/cmake_prefix_path.dsv'
[0.979s] INFO:colcon.colcon_core.shell:Creating environment hook '/home/zyx/ros2_learn/node/chapt3/topic_practice_ws/install/status_interfaces/share/status_interfaces/hook/cmake_prefix_path.sh'
[0.980s] Level 1:colcon.colcon_core.environment:checking '/home/zyx/ros2_learn/node/chapt3/topic_practice_ws/install/status_interfaces/lib'
[0.981s] Level 1:colcon.colcon_core.shell:create_environment_hook('status_interfaces', 'ld_library_path_lib')
[0.981s] INFO:colcon.colcon_core.shell:Creating environment hook '/home/zyx/ros2_learn/node/chapt3/topic_practice_ws/install/status_interfaces/share/status_interfaces/hook/ld_library_path_lib.ps1'
[0.982s] INFO:colcon.colcon_core.shell:Creating environment descriptor '/home/zyx/ros2_learn/node/chapt3/topic_practice_ws/install/status_interfaces/share/status_interfaces/hook/ld_library_path_lib.dsv'
[0.983s] INFO:colcon.colcon_core.shell:Creating environment hook '/home/zyx/ros2_learn/node/chapt3/topic_practice_ws/install/status_interfaces/share/status_interfaces/hook/ld_library_path_lib.sh'
[0.983s] Level 1:colcon.colcon_core.environment:checking '/home/zyx/ros2_learn/node/chapt3/topic_practice_ws/install/status_interfaces/bin'
[0.984s] Level 1:colcon.colcon_core.environment:checking '/home/zyx/ros2_learn/node/chapt3/topic_practice_ws/install/status_interfaces/lib/pkgconfig/status_interfaces.pc'
[0.984s] Level 1:colcon.colcon_core.environment:checking '/home/zyx/ros2_learn/node/chapt3/topic_practice_ws/install/status_interfaces/lib/python3.10/site-packages'
[0.985s] Level 1:colcon.colcon_core.environment:checking '/home/zyx/ros2_learn/node/chapt3/topic_practice_ws/install/status_interfaces/bin'
[0.985s] INFO:colcon.colcon_core.shell:Creating package script '/home/zyx/ros2_learn/node/chapt3/topic_practice_ws/install/status_interfaces/share/status_interfaces/package.ps1'
[0.987s] INFO:colcon.colcon_core.shell:Creating package descriptor '/home/zyx/ros2_learn/node/chapt3/topic_practice_ws/install/status_interfaces/share/status_interfaces/package.dsv'
[0.988s] INFO:colcon.colcon_core.shell:Creating package script '/home/zyx/ros2_learn/node/chapt3/topic_practice_ws/install/status_interfaces/share/status_interfaces/package.sh'
[0.988s] INFO:colcon.colcon_core.shell:Creating package script '/home/zyx/ros2_learn/node/chapt3/topic_practice_ws/install/status_interfaces/share/status_interfaces/package.bash'
[0.989s] INFO:colcon.colcon_core.shell:Creating package script '/home/zyx/ros2_learn/node/chapt3/topic_practice_ws/install/status_interfaces/share/status_interfaces/package.zsh'
[0.990s] Level 1:colcon.colcon_core.environment:create_file_with_runtime_dependencies(/home/zyx/ros2_learn/node/chapt3/topic_practice_ws/install/status_interfaces/share/colcon-core/packages/status_interfaces)
[0.991s] INFO:colcon.colcon_ros.task.ament_cmake.build:Building ROS package in '/home/zyx/ros2_learn/node/chapt3/topic_practice_ws/src/status_display' with build type 'ament_cmake'
[0.991s] INFO:colcon.colcon_cmake.task.cmake.build:Building CMake package in '/home/zyx/ros2_learn/node/chapt3/topic_practice_ws/src/status_display'
[0.991s] INFO:colcon.colcon_core.shell:Skip shell extension 'powershell' for command environment: Not usable outside of PowerShell
[0.991s] DEBUG:colcon.colcon_core.shell:Skip shell extension 'dsv' for command environment
[1.012s] DEBUG:colcon.colcon_core.event_handler.log_command:Invoking command in '/home/zyx/ros2_learn/node/chapt3/topic_practice_ws/build/status_display': AMENT_PREFIX_PATH=/home/zyx/ros2_learn/node/chapt3/topic_practice_ws/install/status_interfaces:${AMENT_PREFIX_PATH} CMAKE_PREFIX_PATH=/home/zyx/ros2_learn/node/chapt3/topic_practice_ws/install/status_interfaces:/opt/ros/humble LD_LIBRARY_PATH=/home/zyx/ros2_learn/node/chapt3/topic_practice_ws/install/status_interfaces/lib:${LD_LIBRARY_PATH} PYTHONPATH=/home/zyx/ros2_learn/node/chapt3/topic_practice_ws/install/status_interfaces/local/lib/python3.10/dist-packages:${PYTHONPATH} /usr/bin/cmake --build /home/zyx/ros2_learn/node/chapt3/topic_practice_ws/build/status_display -- -j12 -l12
[1.290s] DEBUG:colcon.colcon_core.event_handler.log_command:Invoking command in '/home/zyx/ros2_learn/node/chapt3/topic_practice_ws/src/py_status_publisher': PYTHONPATH=/home/zyx/ros2_learn/node/chapt3/topic_practice_ws/build/py_status_publisher/prefix_override:/usr/lib/python3/dist-packages/colcon_core/task/python/colcon_distutils_commands:/home/zyx/ros2_learn/node/chapt3/topic_practice_ws/install/py_status_publisher/lib/python3.10/site-packages:${PYTHONPATH} /usr/bin/python3 -W ignore:setup.py install is deprecated -W ignore:easy_install command is deprecated setup.py egg_info --egg-base ../../build/py_status_publisher build --build-base /home/zyx/ros2_learn/node/chapt3/topic_practice_ws/build/py_status_publisher/build install --record /home/zyx/ros2_learn/node/chapt3/topic_practice_ws/build/py_status_publisher/install.log --single-version-externally-managed install_data
[1.708s] Level 1:colcon.colcon_core.environment:checking '/home/zyx/ros2_learn/node/chapt3/topic_practice_ws/install/py_status_publisher' for CMake module files
[1.709s] DEBUG:colcon.colcon_core.event_handler.log_command:Invoked command in '/home/zyx/ros2_learn/node/chapt3/topic_practice_ws/src/py_status_publisher' returned '0': PYTHONPATH=/home/zyx/ros2_learn/node/chapt3/topic_practice_ws/build/py_status_publisher/prefix_override:/usr/lib/python3/dist-packages/colcon_core/task/python/colcon_distutils_commands:/home/zyx/ros2_learn/node/chapt3/topic_practice_ws/install/py_status_publisher/lib/python3.10/site-packages:${PYTHONPATH} /usr/bin/python3 -W ignore:setup.py install is deprecated -W ignore:easy_install command is deprecated setup.py egg_info --egg-base ../../build/py_status_publisher build --build-base /home/zyx/ros2_learn/node/chapt3/topic_practice_ws/build/py_status_publisher/build install --record /home/zyx/ros2_learn/node/chapt3/topic_practice_ws/build/py_status_publisher/install.log --single-version-externally-managed install_data
[1.709s] Level 1:colcon.colcon_core.environment:checking '/home/zyx/ros2_learn/node/chapt3/topic_practice_ws/install/py_status_publisher' for CMake config files
[1.710s] Level 1:colcon.colcon_core.environment:checking '/home/zyx/ros2_learn/node/chapt3/topic_practice_ws/install/py_status_publisher/lib'
[1.710s] Level 1:colcon.colcon_core.environment:checking '/home/zyx/ros2_learn/node/chapt3/topic_practice_ws/install/py_status_publisher/bin'
[1.710s] Level 1:colcon.colcon_core.environment:checking '/home/zyx/ros2_learn/node/chapt3/topic_practice_ws/install/py_status_publisher/lib/pkgconfig/py_status_publisher.pc'
[1.711s] Level 1:colcon.colcon_core.environment:checking '/home/zyx/ros2_learn/node/chapt3/topic_practice_ws/install/py_status_publisher/lib/python3.10/site-packages'
[1.711s] Level 1:colcon.colcon_core.shell:create_environment_hook('py_status_publisher', 'pythonpath')
[1.711s] INFO:colcon.colcon_core.shell:Creating environment hook '/home/zyx/ros2_learn/node/chapt3/topic_practice_ws/install/py_status_publisher/share/py_status_publisher/hook/pythonpath.ps1'
[1.714s] INFO:colcon.colcon_core.shell:Creating environment descriptor '/home/zyx/ros2_learn/node/chapt3/topic_practice_ws/install/py_status_publisher/share/py_status_publisher/hook/pythonpath.dsv'
[1.714s] INFO:colcon.colcon_core.shell:Creating environment hook '/home/zyx/ros2_learn/node/chapt3/topic_practice_ws/install/py_status_publisher/share/py_status_publisher/hook/pythonpath.sh'
[1.716s] Level 1:colcon.colcon_core.environment:checking '/home/zyx/ros2_learn/node/chapt3/topic_practice_ws/install/py_status_publisher/bin'
[1.716s] Level 1:colcon.colcon_core.environment:create_environment_scripts_only(py_status_publisher)
[1.717s] INFO:colcon.colcon_core.shell:Creating package script '/home/zyx/ros2_learn/node/chapt3/topic_practice_ws/install/py_status_publisher/share/py_status_publisher/package.ps1'
[1.717s] INFO:colcon.colcon_core.shell:Creating package descriptor '/home/zyx/ros2_learn/node/chapt3/topic_practice_ws/install/py_status_publisher/share/py_status_publisher/package.dsv'
[1.718s] INFO:colcon.colcon_core.shell:Creating package script '/home/zyx/ros2_learn/node/chapt3/topic_practice_ws/install/py_status_publisher/share/py_status_publisher/package.sh'
[1.719s] INFO:colcon.colcon_core.shell:Creating package script '/home/zyx/ros2_learn/node/chapt3/topic_practice_ws/install/py_status_publisher/share/py_status_publisher/package.bash'
[1.720s] INFO:colcon.colcon_core.shell:Creating package script '/home/zyx/ros2_learn/node/chapt3/topic_practice_ws/install/py_status_publisher/share/py_status_publisher/package.zsh'
[1.721s] Level 1:colcon.colcon_core.environment:create_file_with_runtime_dependencies(/home/zyx/ros2_learn/node/chapt3/topic_practice_ws/install/py_status_publisher/share/colcon-core/packages/py_status_publisher)
[2.664s] DEBUG:colcon.colcon_core.event_handler.log_command:Invoked command in '/home/zyx/ros2_learn/node/chapt3/topic_practice_ws/build/status_display' returned '2': AMENT_PREFIX_PATH=/home/zyx/ros2_learn/node/chapt3/topic_practice_ws/install/status_interfaces:${AMENT_PREFIX_PATH} CMAKE_PREFIX_PATH=/home/zyx/ros2_learn/node/chapt3/topic_practice_ws/install/status_interfaces:/opt/ros/humble LD_LIBRARY_PATH=/home/zyx/ros2_learn/node/chapt3/topic_practice_ws/install/status_interfaces/lib:${LD_LIBRARY_PATH} PYTHONPATH=/home/zyx/ros2_learn/node/chapt3/topic_practice_ws/install/status_interfaces/local/lib/python3.10/dist-packages:${PYTHONPATH} /usr/bin/cmake --build /home/zyx/ros2_learn/node/chapt3/topic_practice_ws/build/status_display -- -j12 -l12
[2.664s] Level 1:colcon.colcon_core.environment:create_environment_scripts_only(status_display)
[2.665s] Level 1:colcon.colcon_core.environment:checking '/home/zyx/ros2_learn/node/chapt3/topic_practice_ws/install/status_display' for CMake module files
[2.665s] Level 1:colcon.colcon_core.environment:checking '/home/zyx/ros2_learn/node/chapt3/topic_practice_ws/install/status_display' for CMake config files
[2.666s] Level 1:colcon.colcon_core.environment:checking '/home/zyx/ros2_learn/node/chapt3/topic_practice_ws/install/status_display/bin'
[2.666s] Level 1:colcon.colcon_core.environment:checking '/home/zyx/ros2_learn/node/chapt3/topic_practice_ws/install/status_display/lib/pkgconfig/status_display.pc'
[2.666s] Level 1:colcon.colcon_core.environment:checking '/home/zyx/ros2_learn/node/chapt3/topic_practice_ws/install/status_display/lib/python3.10/site-packages'
[2.666s] Level 1:colcon.colcon_core.environment:checking '/home/zyx/ros2_learn/node/chapt3/topic_practice_ws/install/status_display/bin'
[2.667s] INFO:colcon.colcon_core.shell:Creating package script '/home/zyx/ros2_learn/node/chapt3/topic_practice_ws/install/status_display/share/status_display/package.ps1'
[2.667s] INFO:colcon.colcon_core.shell:Creating package descriptor '/home/zyx/ros2_learn/node/chapt3/topic_practice_ws/install/status_display/share/status_display/package.dsv'
[2.668s] INFO:colcon.colcon_core.shell:Creating package script '/home/zyx/ros2_learn/node/chapt3/topic_practice_ws/install/status_display/share/status_display/package.sh'
[2.668s] INFO:colcon.colcon_core.shell:Creating package script '/home/zyx/ros2_learn/node/chapt3/topic_practice_ws/install/status_display/share/status_display/package.bash'
[2.669s] INFO:colcon.colcon_core.shell:Creating package script '/home/zyx/ros2_learn/node/chapt3/topic_practice_ws/install/status_display/share/status_display/package.zsh'
[2.669s] Level 1:colcon.colcon_core.environment:create_file_with_runtime_dependencies(/home/zyx/ros2_learn/node/chapt3/topic_practice_ws/install/status_display/share/colcon-core/packages/status_display)
[2.680s] DEBUG:colcon.colcon_parallel_executor.executor.parallel:closing loop
[2.680s] DEBUG:colcon.colcon_parallel_executor.executor.parallel:loop closed
[2.680s] DEBUG:colcon.colcon_parallel_executor.executor.parallel:run_until_complete finished with '2'
[2.680s] DEBUG:colcon.colcon_core.event_reactor:joining thread
[2.688s] INFO:colcon.colcon_core.plugin_system:Skipping extension 'colcon_notification.desktop_notification.terminal_notifier': Not used on non-Darwin systems
[2.688s] INFO:colcon.colcon_core.plugin_system:Skipping extension 'colcon_notification.desktop_notification.win32': Not used on non-Windows systems
[2.688s] INFO:colcon.colcon_notification.desktop_notification:Sending desktop notification using 'notify2'
[2.707s] DEBUG:colcon.colcon_core.event_reactor:joined thread
[2.708s] INFO:colcon.colcon_core.shell:Creating prefix script '/home/zyx/ros2_learn/node/chapt3/topic_practice_ws/install/local_setup.ps1'
[2.709s] INFO:colcon.colcon_core.shell:Creating prefix util module '/home/zyx/ros2_learn/node/chapt3/topic_practice_ws/install/_local_setup_util_ps1.py'
[2.713s] INFO:colcon.colcon_core.shell:Creating prefix chain script '/home/zyx/ros2_learn/node/chapt3/topic_practice_ws/install/setup.ps1'
[2.718s] INFO:colcon.colcon_core.shell:Creating prefix script '/home/zyx/ros2_learn/node/chapt3/topic_practice_ws/install/local_setup.sh'
[2.719s] INFO:colcon.colcon_core.shell:Creating prefix util module '/home/zyx/ros2_learn/node/chapt3/topic_practice_ws/install/_local_setup_util_sh.py'
[2.720s] INFO:colcon.colcon_core.shell:Creating prefix chain script '/home/zyx/ros2_learn/node/chapt3/topic_practice_ws/install/setup.sh'
[2.723s] INFO:colcon.colcon_core.shell:Creating prefix script '/home/zyx/ros2_learn/node/chapt3/topic_practice_ws/install/local_setup.bash'
[2.725s] INFO:colcon.colcon_core.shell:Creating prefix chain script '/home/zyx/ros2_learn/node/chapt3/topic_practice_ws/install/setup.bash'
[2.727s] INFO:colcon.colcon_core.shell:Creating prefix script '/home/zyx/ros2_learn/node/chapt3/topic_practice_ws/install/local_setup.zsh'
[2.728s] INFO:colcon.colcon_core.shell:Creating prefix chain script '/home/zyx/ros2_learn/node/chapt3/topic_practice_ws/install/setup.zsh'
