[0.593s] Invoking command in '/home/zyx/ros2_learn/node/chapt3/topic_ws/src/demo_python_topic': PYTHONPATH=/home/zyx/ros2_learn/node/chapt3/topic_ws/build/demo_python_topic/prefix_override:/usr/lib/python3/dist-packages/colcon_core/task/python/colcon_distutils_commands:/home/zyx/ros2_learn/node/chapt3/topic_ws/install/demo_python_topic/lib/python3.10/site-packages:${PYTHONPATH} /usr/bin/python3 -W ignore:setup.py install is deprecated -W ignore:easy_install command is deprecated setup.py egg_info --egg-base ../../build/demo_python_topic build --build-base /home/zyx/ros2_learn/node/chapt3/topic_ws/build/demo_python_topic/build install --record /home/zyx/ros2_learn/node/chapt3/topic_ws/build/demo_python_topic/install.log --single-version-externally-managed install_data
[0.883s] running egg_info
[0.884s] writing ../../build/demo_python_topic/demo_python_topic.egg-info/PKG-INFO
[0.884s] writing dependency_links to ../../build/demo_python_topic/demo_python_topic.egg-info/dependency_links.txt
[0.884s] writing entry points to ../../build/demo_python_topic/demo_python_topic.egg-info/entry_points.txt
[0.885s] writing requirements to ../../build/demo_python_topic/demo_python_topic.egg-info/requires.txt
[0.885s] writing top-level names to ../../build/demo_python_topic/demo_python_topic.egg-info/top_level.txt
[0.887s] reading manifest file '../../build/demo_python_topic/demo_python_topic.egg-info/SOURCES.txt'
[0.887s] adding license file 'LICENSE'
[0.887s] writing manifest file '../../build/demo_python_topic/demo_python_topic.egg-info/SOURCES.txt'
[0.888s] running build
[0.888s] running build_py
[0.888s] copying demo_python_topic/novel_pub_node.py -> /home/zyx/ros2_learn/node/chapt3/topic_ws/build/demo_python_topic/build/lib/demo_python_topic
[0.889s] running install
[0.889s] running install_lib
[0.890s] copying /home/zyx/ros2_learn/node/chapt3/topic_ws/build/demo_python_topic/build/lib/demo_python_topic/novel_pub_node.py -> /home/zyx/ros2_learn/node/chapt3/topic_ws/install/demo_python_topic/lib/python3.10/site-packages/demo_python_topic
[0.891s] byte-compiling /home/zyx/ros2_learn/node/chapt3/topic_ws/install/demo_python_topic/lib/python3.10/site-packages/demo_python_topic/novel_pub_node.py to novel_pub_node.cpython-310.pyc
[0.891s] running install_data
[0.892s] running install_egg_info
[0.894s] removing '/home/zyx/ros2_learn/node/chapt3/topic_ws/install/demo_python_topic/lib/python3.10/site-packages/demo_python_topic-0.0.0-py3.10.egg-info' (and everything under it)
[0.894s] Copying ../../build/demo_python_topic/demo_python_topic.egg-info to /home/zyx/ros2_learn/node/chapt3/topic_ws/install/demo_python_topic/lib/python3.10/site-packages/demo_python_topic-0.0.0-py3.10.egg-info
[0.895s] running install_scripts
[0.927s] Installing novel_pub_node script to /home/zyx/ros2_learn/node/chapt3/topic_ws/install/demo_python_topic/lib/demo_python_topic
[0.927s] writing list of installed files to '/home/zyx/ros2_learn/node/chapt3/topic_ws/build/demo_python_topic/install.log'
[0.951s] Invoked command in '/home/zyx/ros2_learn/node/chapt3/topic_ws/src/demo_python_topic' returned '0': PYTHONPATH=/home/zyx/ros2_learn/node/chapt3/topic_ws/build/demo_python_topic/prefix_override:/usr/lib/python3/dist-packages/colcon_core/task/python/colcon_distutils_commands:/home/zyx/ros2_learn/node/chapt3/topic_ws/install/demo_python_topic/lib/python3.10/site-packages:${PYTHONPATH} /usr/bin/python3 -W ignore:setup.py install is deprecated -W ignore:easy_install command is deprecated setup.py egg_info --egg-base ../../build/demo_python_topic build --build-base /home/zyx/ros2_learn/node/chapt3/topic_ws/build/demo_python_topic/build install --record /home/zyx/ros2_learn/node/chapt3/topic_ws/build/demo_python_topic/install.log --single-version-externally-managed install_data
