[0.018s] Invoking command in '/home/zyx/ros2_learn/node/chapt3/topic_practice_ws/build/sys_status_display': CMAKE_PREFIX_PATH=/home/zyx/ros2_learn/node/chapt3/topic_practice_ws/install/status_interfaces:/home/zyx/ros2_learn/node/chapt3/topic_practice_ws/install/sys_status_display:/home/zyx/ros2_learn/node/chapt3/topic_practice_ws/install/status_display:/home/zyx/ros2_learn/node/chapt3/topic_practice_ws/install/py_status_publisher:/opt/ros/humble /usr/bin/cmake --build /home/zyx/ros2_learn/node/chapt3/topic_practice_ws/build/sys_status_display -- -j12 -l12
[0.087s] [35m[1mConsolidate compiler generated dependencies of target status_display[0m
[0.115s] [ 50%] [32mBuilding CXX object CMakeFiles/status_display.dir/src/status_display.cpp.o[0m
[10.494s] [100%] [32m[1mLinking CXX executable status_display[0m
[11.552s] [100%] Built target status_display
[11.563s] Invoked command in '/home/zyx/ros2_learn/node/chapt3/topic_practice_ws/build/sys_status_display' returned '0': CMAKE_PREFIX_PATH=/home/zyx/ros2_learn/node/chapt3/topic_practice_ws/install/status_interfaces:/home/zyx/ros2_learn/node/chapt3/topic_practice_ws/install/sys_status_display:/home/zyx/ros2_learn/node/chapt3/topic_practice_ws/install/status_display:/home/zyx/ros2_learn/node/chapt3/topic_practice_ws/install/py_status_publisher:/opt/ros/humble /usr/bin/cmake --build /home/zyx/ros2_learn/node/chapt3/topic_practice_ws/build/sys_status_display -- -j12 -l12
[11.565s] Invoking command in '/home/zyx/ros2_learn/node/chapt3/topic_practice_ws/build/sys_status_display': CMAKE_PREFIX_PATH=/home/zyx/ros2_learn/node/chapt3/topic_practice_ws/install/status_interfaces:/home/zyx/ros2_learn/node/chapt3/topic_practice_ws/install/sys_status_display:/home/zyx/ros2_learn/node/chapt3/topic_practice_ws/install/status_display:/home/zyx/ros2_learn/node/chapt3/topic_practice_ws/install/py_status_publisher:/opt/ros/humble /usr/bin/cmake --install /home/zyx/ros2_learn/node/chapt3/topic_practice_ws/build/sys_status_display
[11.571s] -- Install configuration: ""
[11.571s] -- Installing: /home/zyx/ros2_learn/node/chapt3/topic_practice_ws/install/sys_status_display/lib/sys_status_display/status_display
[11.576s] -- Set runtime path of "/home/zyx/ros2_learn/node/chapt3/topic_practice_ws/install/sys_status_display/lib/sys_status_display/status_display" to ""
[11.576s] -- Up-to-date: /home/zyx/ros2_learn/node/chapt3/topic_practice_ws/install/sys_status_display/share/ament_index/resource_index/package_run_dependencies/sys_status_display
[11.576s] -- Up-to-date: /home/zyx/ros2_learn/node/chapt3/topic_practice_ws/install/sys_status_display/share/ament_index/resource_index/parent_prefix_path/sys_status_display
[11.576s] -- Up-to-date: /home/zyx/ros2_learn/node/chapt3/topic_practice_ws/install/sys_status_display/share/sys_status_display/environment/ament_prefix_path.sh
[11.576s] -- Up-to-date: /home/zyx/ros2_learn/node/chapt3/topic_practice_ws/install/sys_status_display/share/sys_status_display/environment/ament_prefix_path.dsv
[11.576s] -- Up-to-date: /home/zyx/ros2_learn/node/chapt3/topic_practice_ws/install/sys_status_display/share/sys_status_display/environment/path.sh
[11.576s] -- Up-to-date: /home/zyx/ros2_learn/node/chapt3/topic_practice_ws/install/sys_status_display/share/sys_status_display/environment/path.dsv
[11.576s] -- Up-to-date: /home/zyx/ros2_learn/node/chapt3/topic_practice_ws/install/sys_status_display/share/sys_status_display/local_setup.bash
[11.577s] -- Up-to-date: /home/zyx/ros2_learn/node/chapt3/topic_practice_ws/install/sys_status_display/share/sys_status_display/local_setup.sh
[11.577s] -- Up-to-date: /home/zyx/ros2_learn/node/chapt3/topic_practice_ws/install/sys_status_display/share/sys_status_display/local_setup.zsh
[11.577s] -- Up-to-date: /home/zyx/ros2_learn/node/chapt3/topic_practice_ws/install/sys_status_display/share/sys_status_display/local_setup.dsv
[11.577s] -- Installing: /home/zyx/ros2_learn/node/chapt3/topic_practice_ws/install/sys_status_display/share/sys_status_display/package.dsv
[11.577s] -- Up-to-date: /home/zyx/ros2_learn/node/chapt3/topic_practice_ws/install/sys_status_display/share/ament_index/resource_index/packages/sys_status_display
[11.577s] -- Up-to-date: /home/zyx/ros2_learn/node/chapt3/topic_practice_ws/install/sys_status_display/share/sys_status_display/cmake/sys_status_displayConfig.cmake
[11.578s] -- Up-to-date: /home/zyx/ros2_learn/node/chapt3/topic_practice_ws/install/sys_status_display/share/sys_status_display/cmake/sys_status_displayConfig-version.cmake
[11.578s] -- Up-to-date: /home/zyx/ros2_learn/node/chapt3/topic_practice_ws/install/sys_status_display/share/sys_status_display/package.xml
[11.579s] Invoked command in '/home/zyx/ros2_learn/node/chapt3/topic_practice_ws/build/sys_status_display' returned '0': CMAKE_PREFIX_PATH=/home/zyx/ros2_learn/node/chapt3/topic_practice_ws/install/status_interfaces:/home/zyx/ros2_learn/node/chapt3/topic_practice_ws/install/sys_status_display:/home/zyx/ros2_learn/node/chapt3/topic_practice_ws/install/status_display:/home/zyx/ros2_learn/node/chapt3/topic_practice_ws/install/py_status_publisher:/opt/ros/humble /usr/bin/cmake --install /home/zyx/ros2_learn/node/chapt3/topic_practice_ws/build/sys_status_display
