[0.814s] Invoking command in '/home/zyx/ros2_learn/node/chapt3/topic_ws/src/demo_python_topic': PYTHONPATH=/home/zyx/ros2_learn/node/chapt3/topic_ws/build/demo_python_topic/prefix_override:/usr/lib/python3/dist-packages/colcon_core/task/python/colcon_distutils_commands:/home/zyx/ros2_learn/node/chapt3/topic_ws/install/demo_python_topic/lib/python3.10/site-packages:${PYTHONPATH} /usr/bin/python3 -W ignore:setup.py install is deprecated -W ignore:easy_install command is deprecated setup.py egg_info --egg-base ../../build/demo_python_topic build --build-base /home/zyx/ros2_learn/node/chapt3/topic_ws/build/demo_python_topic/build install --record /home/zyx/ros2_learn/node/chapt3/topic_ws/build/demo_python_topic/install.log --single-version-externally-managed install_data
[1.086s] running egg_info
[1.087s] creating ../../build/demo_python_topic/demo_python_topic.egg-info
[1.087s] writing ../../build/demo_python_topic/demo_python_topic.egg-info/PKG-INFO
[1.087s] writing dependency_links to ../../build/demo_python_topic/demo_python_topic.egg-info/dependency_links.txt
[1.087s] writing entry points to ../../build/demo_python_topic/demo_python_topic.egg-info/entry_points.txt
[1.087s] writing requirements to ../../build/demo_python_topic/demo_python_topic.egg-info/requires.txt
[1.088s] writing top-level names to ../../build/demo_python_topic/demo_python_topic.egg-info/top_level.txt
[1.088s] writing manifest file '../../build/demo_python_topic/demo_python_topic.egg-info/SOURCES.txt'
[1.089s] reading manifest file '../../build/demo_python_topic/demo_python_topic.egg-info/SOURCES.txt'
[1.089s] adding license file 'LICENSE'
[1.090s] writing manifest file '../../build/demo_python_topic/demo_python_topic.egg-info/SOURCES.txt'
[1.090s] running build
[1.090s] running build_py
[1.090s] creating /home/zyx/ros2_learn/node/chapt3/topic_ws/build/demo_python_topic/build
[1.091s] creating /home/zyx/ros2_learn/node/chapt3/topic_ws/build/demo_python_topic/build/lib
[1.091s] creating /home/zyx/ros2_learn/node/chapt3/topic_ws/build/demo_python_topic/build/lib/demo_python_topic
[1.091s] copying demo_python_topic/__init__.py -> /home/zyx/ros2_learn/node/chapt3/topic_ws/build/demo_python_topic/build/lib/demo_python_topic
[1.091s] running install
[1.091s] running install_lib
[1.092s] creating /home/zyx/ros2_learn/node/chapt3/topic_ws/install/demo_python_topic/lib/python3.10/site-packages/demo_python_topic
[1.092s] copying /home/zyx/ros2_learn/node/chapt3/topic_ws/build/demo_python_topic/build/lib/demo_python_topic/__init__.py -> /home/zyx/ros2_learn/node/chapt3/topic_ws/install/demo_python_topic/lib/python3.10/site-packages/demo_python_topic
[1.093s] byte-compiling /home/zyx/ros2_learn/node/chapt3/topic_ws/install/demo_python_topic/lib/python3.10/site-packages/demo_python_topic/__init__.py to __init__.cpython-310.pyc
[1.093s] running install_data
[1.093s] creating /home/zyx/ros2_learn/node/chapt3/topic_ws/install/demo_python_topic/share/ament_index
[1.093s] creating /home/zyx/ros2_learn/node/chapt3/topic_ws/install/demo_python_topic/share/ament_index/resource_index
[1.093s] creating /home/zyx/ros2_learn/node/chapt3/topic_ws/install/demo_python_topic/share/ament_index/resource_index/packages
[1.093s] copying resource/demo_python_topic -> /home/zyx/ros2_learn/node/chapt3/topic_ws/install/demo_python_topic/share/ament_index/resource_index/packages
[1.093s] copying package.xml -> /home/zyx/ros2_learn/node/chapt3/topic_ws/install/demo_python_topic/share/demo_python_topic
[1.093s] running install_egg_info
[1.095s] Copying ../../build/demo_python_topic/demo_python_topic.egg-info to /home/zyx/ros2_learn/node/chapt3/topic_ws/install/demo_python_topic/lib/python3.10/site-packages/demo_python_topic-0.0.0-py3.10.egg-info
[1.096s] running install_scripts
[1.116s] writing list of installed files to '/home/zyx/ros2_learn/node/chapt3/topic_ws/build/demo_python_topic/install.log'
[1.153s] Invoked command in '/home/zyx/ros2_learn/node/chapt3/topic_ws/src/demo_python_topic' returned '0': PYTHONPATH=/home/zyx/ros2_learn/node/chapt3/topic_ws/build/demo_python_topic/prefix_override:/usr/lib/python3/dist-packages/colcon_core/task/python/colcon_distutils_commands:/home/zyx/ros2_learn/node/chapt3/topic_ws/install/demo_python_topic/lib/python3.10/site-packages:${PYTHONPATH} /usr/bin/python3 -W ignore:setup.py install is deprecated -W ignore:easy_install command is deprecated setup.py egg_info --egg-base ../../build/demo_python_topic build --build-base /home/zyx/ros2_learn/node/chapt3/topic_ws/build/demo_python_topic/build install --record /home/zyx/ros2_learn/node/chapt3/topic_ws/build/demo_python_topic/install.log --single-version-externally-managed install_data
