[0.015s] Invoking command in '/home/zyx/ros2_learn/node/chapt3/topic_practice_ws/build/status_interfaces': CMAKE_PREFIX_PATH=/opt/ros/humble /usr/bin/cmake /home/zyx/ros2_learn/node/chapt3/topic_practice_ws/src/status_interfaces -DCMAKE_INSTALL_PREFIX=/home/zyx/ros2_learn/node/chapt3/topic_practice_ws/install/status_interfaces
[0.200s] -- The C compiler identification is GNU 11.4.0
[0.273s] -- The CXX compiler identification is GNU 11.4.0
[0.288s] -- Detecting C compiler ABI info
[0.451s] -- Detecting C compiler ABI info - done
[0.458s] -- Check for working C compiler: /usr/bin/cc - skipped
[0.459s] -- Detecting C compile features
[0.461s] -- Detecting C compile features - done
[0.465s] -- Detecting CXX compiler ABI info
[0.553s] -- Detecting CXX compiler ABI info - done
[0.561s] -- Check for working CXX compiler: /usr/bin/c++ - skipped
[0.561s] -- Detecting CXX compile features
[0.562s] -- Detecting CXX compile features - done
[0.568s] -- Found ament_cmake: 1.3.12 (/opt/ros/humble/share/ament_cmake/cmake)
[0.744s] -- Found Python3: /usr/bin/python3 (found version "3.10.12") found components: Interpreter 
[0.883s] -- Found builtin_interfaces: 1.2.2 (/opt/ros/humble/share/builtin_interfaces/cmake)
[0.957s] -- Found rosidl_generator_c: 3.1.7 (/opt/ros/humble/share/rosidl_generator_c/cmake)
[0.970s] -- Found rosidl_adapter: 3.1.7 (/opt/ros/humble/share/rosidl_adapter/cmake)
[0.997s] -- Found rosidl_generator_cpp: 3.1.7 (/opt/ros/humble/share/rosidl_generator_cpp/cmake)
[1.032s] -- Using all available rosidl_typesupport_c: rosidl_typesupport_fastrtps_c;rosidl_typesupport_introspection_c
[1.073s] -- Using all available rosidl_typesupport_cpp: rosidl_typesupport_fastrtps_cpp;rosidl_typesupport_introspection_cpp
[1.120s] -- Configuring incomplete, errors occurred!
[1.120s] See also "/home/zyx/ros2_learn/node/chapt3/topic_practice_ws/build/status_interfaces/CMakeFiles/CMakeOutput.log".
[1.120s] [31mCMake Error at CMakeLists.txt:11 (find_package):
[1.121s]   By not providing "Findrosidl_default_genterators.cmake" in
[1.121s]   CMAKE_MODULE_PATH this project has asked CMake to find a package
[1.121s]   configuration file provided by "rosidl_default_genterators", but CMake did
[1.121s]   not find one.
[1.121s] 
[1.122s]   Could not find a package configuration file provided by
[1.122s]   "rosidl_default_genterators" with any of the following names:
[1.122s] 
[1.122s]     rosidl_default_genteratorsConfig.cmake
[1.122s]     rosidl_default_genterators-config.cmake
[1.122s] 
[1.122s]   Add the installation prefix of "rosidl_default_genterators" to
[1.122s]   CMAKE_PREFIX_PATH or set "rosidl_default_genterators_DIR" to a directory
[1.122s]   containing one of the above files.  If "rosidl_default_genterators"
[1.122s]   provides a separate development package or SDK, be sure it has been
[1.122s]   installed.
[1.123s] 
[1.123s] [0m
[1.127s] Invoked command in '/home/zyx/ros2_learn/node/chapt3/topic_practice_ws/build/status_interfaces' returned '1': CMAKE_PREFIX_PATH=/opt/ros/humble /usr/bin/cmake /home/zyx/ros2_learn/node/chapt3/topic_practice_ws/src/status_interfaces -DCMAKE_INSTALL_PREFIX=/home/zyx/ros2_learn/node/chapt3/topic_practice_ws/install/status_interfaces
