[0.003s] Invoking command in '/home/zyx/ros2_learn/node/chapt3/topic_ws/build/demo_cpp_topic': CMAKE_PREFIX_PATH=/opt/ros/humble /usr/bin/cmake /home/zyx/ros2_learn/node/chapt3/topic_ws/src/demo_cpp_topic -DCMAKE_INSTALL_PREFIX=/home/zyx/ros2_learn/node/chapt3/topic_ws/install/demo_cpp_topic
[0.004s] -- The C compiler identification is GNU 11.4.0
[0.005s] -- The CXX compiler identification is GNU 11.4.0
[0.005s] -- Detecting C compiler ABI info
[0.005s] -- Detecting C compiler ABI info - done
[0.005s] -- Check for working C compiler: /usr/bin/cc - skipped
[0.006s] -- Detecting C compile features
[0.006s] -- Detecting C compile features - done
[0.006s] -- Detecting CXX compiler ABI info
[0.006s] -- Detecting CXX compiler ABI info - done
[0.007s] -- Check for working CXX compiler: /usr/bin/c++ - skipped
[0.007s] -- Detecting CXX compile features
[0.007s] -- Detecting CXX compile features - done
[0.008s] -- Found ament_cmake: 1.3.11 (/opt/ros/humble/share/ament_cmake/cmake)
[0.008s] -- Found Python3: /usr/bin/python3 (found version "3.10.12") found components: Interpreter 
[0.010s] -- Found rclcpp: 16.0.12 (/opt/ros/humble/share/rclcpp/cmake)
[0.011s] -- Found rosidl_generator_c: 3.1.6 (/opt/ros/humble/share/rosidl_generator_c/cmake)
[0.011s] -- Found rosidl_adapter: 3.1.6 (/opt/ros/humble/share/rosidl_adapter/cmake)
[0.011s] -- Found rosidl_generator_cpp: 3.1.6 (/opt/ros/humble/share/rosidl_generator_cpp/cmake)
[0.011s] -- Using all available rosidl_typesupport_c: rosidl_typesupport_fastrtps_c;rosidl_typesupport_introspection_c
[0.012s] -- Using all available rosidl_typesupport_cpp: rosidl_typesupport_fastrtps_cpp;rosidl_typesupport_introspection_cpp
[0.019s] -- Found rmw_implementation_cmake: 6.1.2 (/opt/ros/humble/share/rmw_implementation_cmake/cmake)
[0.019s] -- Found rmw_fastrtps_cpp: 6.2.7 (/opt/ros/humble/share/rmw_fastrtps_cpp/cmake)
[0.022s] -- Found OpenSSL: /usr/lib/x86_64-linux-gnu/libcrypto.so (found version "3.0.2")  
[0.022s] -- Found FastRTPS: /opt/ros/humble/include  
[0.022s] -- Using RMW implementation 'rmw_fastrtps_cpp' as default
[0.022s] -- Looking for pthread.h
[0.023s] -- Looking for pthread.h - found
[0.023s] -- Performing Test CMAKE_HAVE_LIBC_PTHREAD
[0.023s] -- Performing Test CMAKE_HAVE_LIBC_PTHREAD - Success
[0.023s] -- Found Threads: TRUE  
[0.024s] -- Found geometry_msgs: 4.9.0 (/opt/ros/humble/share/geometry_msgs/cmake)
[0.024s] [31mCMake Error at CMakeLists.txt:15 (find_package):
[0.024s]   By not providing "Findturtlrsim.cmake" in CMAKE_MODULE_PATH this project
[0.024s]   has asked CMake to find a package configuration file provided by
[0.025s]   "turtlrsim", but CMake did not find one.
[0.025s] 
[0.025s]   Could not find a package configuration file provided by "turtlrsim" with
[0.025s]   any of the following names:
[0.026s] 
[0.026s]     turtlrsimConfig.cmake
[0.026s]     turtlrsim-config.cmake
[0.026s] 
[0.026s]   Add the installation prefix of "turtlrsim" to CMAKE_PREFIX_PATH or set
[0.026s]   "turtlrsim_DIR" to a directory containing one of the above files.  If
[0.027s]   "turtlrsim" provides a separate development package or SDK, be sure it has
[0.027s]   been installed.
[0.027s] 
[0.027s] [0m
[0.027s] -- Configuring incomplete, errors occurred!
[0.028s] See also "/home/zyx/ros2_learn/node/chapt3/topic_ws/build/demo_cpp_topic/CMakeFiles/CMakeOutput.log".
[0.028s] Invoked command in '/home/zyx/ros2_learn/node/chapt3/topic_ws/build/demo_cpp_topic' returned '1': CMAKE_PREFIX_PATH=/opt/ros/humble /usr/bin/cmake /home/zyx/ros2_learn/node/chapt3/topic_ws/src/demo_cpp_topic -DCMAKE_INSTALL_PREFIX=/home/zyx/ros2_learn/node/chapt3/topic_ws/install/demo_cpp_topic
