[0.019s] Invoking command in '/home/zyx/ros2_learn/node/chapt3/topic_practice_ws/build/status_display': CMAKE_PREFIX_PATH=/home/zyx/ros2_learn/node/chapt3/topic_practice_ws/install/status_interfaces:/home/zyx/ros2_learn/node/chapt3/topic_practice_ws/install/sys_status_display:/home/zyx/ros2_learn/node/chapt3/topic_practice_ws/install/status_display:/home/zyx/ros2_learn/node/chapt3/topic_practice_ws/install/py_status_publisher:/opt/ros/humble /usr/bin/cmake --build /home/zyx/ros2_learn/node/chapt3/topic_practice_ws/build/status_display -- -j12 -l12
[0.111s] [100%] Built target hello_qt
[0.127s] Invoked command in '/home/zyx/ros2_learn/node/chapt3/topic_practice_ws/build/status_display' returned '0': CMAKE_PREFIX_PATH=/home/zyx/ros2_learn/node/chapt3/topic_practice_ws/install/status_interfaces:/home/zyx/ros2_learn/node/chapt3/topic_practice_ws/install/sys_status_display:/home/zyx/ros2_learn/node/chapt3/topic_practice_ws/install/status_display:/home/zyx/ros2_learn/node/chapt3/topic_practice_ws/install/py_status_publisher:/opt/ros/humble /usr/bin/cmake --build /home/zyx/ros2_learn/node/chapt3/topic_practice_ws/build/status_display -- -j12 -l12
[0.129s] Invoking command in '/home/zyx/ros2_learn/node/chapt3/topic_practice_ws/build/status_display': CMAKE_PREFIX_PATH=/home/zyx/ros2_learn/node/chapt3/topic_practice_ws/install/status_interfaces:/home/zyx/ros2_learn/node/chapt3/topic_practice_ws/install/sys_status_display:/home/zyx/ros2_learn/node/chapt3/topic_practice_ws/install/status_display:/home/zyx/ros2_learn/node/chapt3/topic_practice_ws/install/py_status_publisher:/opt/ros/humble /usr/bin/cmake --install /home/zyx/ros2_learn/node/chapt3/topic_practice_ws/build/status_display
[0.138s] -- Install configuration: ""
[0.138s] -- Up-to-date: /home/zyx/ros2_learn/node/chapt3/topic_practice_ws/install/status_display/lib/status_display/hello_qt
[0.138s] -- Up-to-date: /home/zyx/ros2_learn/node/chapt3/topic_practice_ws/install/status_display/share/ament_index/resource_index/package_run_dependencies/status_display
[0.138s] -- Up-to-date: /home/zyx/ros2_learn/node/chapt3/topic_practice_ws/install/status_display/share/ament_index/resource_index/parent_prefix_path/status_display
[0.138s] -- Up-to-date: /home/zyx/ros2_learn/node/chapt3/topic_practice_ws/install/status_display/share/status_display/environment/ament_prefix_path.sh
[0.139s] -- Up-to-date: /home/zyx/ros2_learn/node/chapt3/topic_practice_ws/install/status_display/share/status_display/environment/ament_prefix_path.dsv
[0.139s] -- Up-to-date: /home/zyx/ros2_learn/node/chapt3/topic_practice_ws/install/status_display/share/status_display/environment/path.sh
[0.140s] -- Up-to-date: /home/zyx/ros2_learn/node/chapt3/topic_practice_ws/install/status_display/share/status_display/environment/path.dsv
[0.140s] -- Up-to-date: /home/zyx/ros2_learn/node/chapt3/topic_practice_ws/install/status_display/share/status_display/local_setup.bash
[0.140s] -- Up-to-date: /home/zyx/ros2_learn/node/chapt3/topic_practice_ws/install/status_display/share/status_display/local_setup.sh
[0.140s] -- Up-to-date: /home/zyx/ros2_learn/node/chapt3/topic_practice_ws/install/status_display/share/status_display/local_setup.zsh
[0.140s] -- Up-to-date: /home/zyx/ros2_learn/node/chapt3/topic_practice_ws/install/status_display/share/status_display/local_setup.dsv
[0.140s] -- Up-to-date: /home/zyx/ros2_learn/node/chapt3/topic_practice_ws/install/status_display/share/status_display/package.dsv
[0.140s] -- Up-to-date: /home/zyx/ros2_learn/node/chapt3/topic_practice_ws/install/status_display/share/ament_index/resource_index/packages/status_display
[0.140s] -- Up-to-date: /home/zyx/ros2_learn/node/chapt3/topic_practice_ws/install/status_display/share/status_display/cmake/status_displayConfig.cmake
[0.141s] -- Up-to-date: /home/zyx/ros2_learn/node/chapt3/topic_practice_ws/install/status_display/share/status_display/cmake/status_displayConfig-version.cmake
[0.141s] -- Up-to-date: /home/zyx/ros2_learn/node/chapt3/topic_practice_ws/install/status_display/share/status_display/package.xml
[0.144s] Invoked command in '/home/zyx/ros2_learn/node/chapt3/topic_practice_ws/build/status_display' returned '0': CMAKE_PREFIX_PATH=/home/zyx/ros2_learn/node/chapt3/topic_practice_ws/install/status_interfaces:/home/zyx/ros2_learn/node/chapt3/topic_practice_ws/install/sys_status_display:/home/zyx/ros2_learn/node/chapt3/topic_practice_ws/install/status_display:/home/zyx/ros2_learn/node/chapt3/topic_practice_ws/install/py_status_publisher:/opt/ros/humble /usr/bin/cmake --install /home/zyx/ros2_learn/node/chapt3/topic_practice_ws/build/status_display
