[0.008s] Invoking command in '/home/zyx/ros2_learn/node/chapt3/topic_practice_ws/build/status_display': AMENT_PREFIX_PATH=/home/zyx/ros2_learn/node/chapt3/topic_practice_ws/install/status_interfaces:${AMENT_PREFIX_PATH} CMAKE_PREFIX_PATH=/home/zyx/ros2_learn/node/chapt3/topic_practice_ws/install/status_interfaces:/opt/ros/humble LD_LIBRARY_PATH=/home/zyx/ros2_learn/node/chapt3/topic_practice_ws/install/status_interfaces/lib:${LD_LIBRARY_PATH} PYTHONPATH=/home/zyx/ros2_learn/node/chapt3/topic_practice_ws/install/status_interfaces/local/lib/python3.10/dist-packages:${PYTHONPATH} /usr/bin/cmake --build /home/zyx/ros2_learn/node/chapt3/topic_practice_ws/build/status_display -- -j12 -l12
[0.075s] [35m[1mConsolidate compiler generated dependencies of target hello_qt[0m
[0.092s] [ 50%] [32mBuilding CXX object CMakeFiles/hello_qt.dir/src/hello_qt.cpp.o[0m
[1.380s] [100%] [32m[1mLinking CXX executable hello_qt[0m
[1.953s] [100%] Built target hello_qt
[1.965s] Invoked command in '/home/zyx/ros2_learn/node/chapt3/topic_practice_ws/build/status_display' returned '0': AMENT_PREFIX_PATH=/home/zyx/ros2_learn/node/chapt3/topic_practice_ws/install/status_interfaces:${AMENT_PREFIX_PATH} CMAKE_PREFIX_PATH=/home/zyx/ros2_learn/node/chapt3/topic_practice_ws/install/status_interfaces:/opt/ros/humble LD_LIBRARY_PATH=/home/zyx/ros2_learn/node/chapt3/topic_practice_ws/install/status_interfaces/lib:${LD_LIBRARY_PATH} PYTHONPATH=/home/zyx/ros2_learn/node/chapt3/topic_practice_ws/install/status_interfaces/local/lib/python3.10/dist-packages:${PYTHONPATH} /usr/bin/cmake --build /home/zyx/ros2_learn/node/chapt3/topic_practice_ws/build/status_display -- -j12 -l12
[1.967s] Invoking command in '/home/zyx/ros2_learn/node/chapt3/topic_practice_ws/build/status_display': AMENT_PREFIX_PATH=/home/zyx/ros2_learn/node/chapt3/topic_practice_ws/install/status_interfaces:${AMENT_PREFIX_PATH} CMAKE_PREFIX_PATH=/home/zyx/ros2_learn/node/chapt3/topic_practice_ws/install/status_interfaces:/opt/ros/humble LD_LIBRARY_PATH=/home/zyx/ros2_learn/node/chapt3/topic_practice_ws/install/status_interfaces/lib:${LD_LIBRARY_PATH} PYTHONPATH=/home/zyx/ros2_learn/node/chapt3/topic_practice_ws/install/status_interfaces/local/lib/python3.10/dist-packages:${PYTHONPATH} /usr/bin/cmake --install /home/zyx/ros2_learn/node/chapt3/topic_practice_ws/build/status_display
[1.975s] -- Install configuration: ""
[1.975s] -- Installing: /home/zyx/ros2_learn/node/chapt3/topic_practice_ws/install/status_display/lib/status_display/hello_qt
[1.975s] -- Installing: /home/zyx/ros2_learn/node/chapt3/topic_practice_ws/install/status_display/share/ament_index/resource_index/package_run_dependencies/status_display
[1.975s] -- Installing: /home/zyx/ros2_learn/node/chapt3/topic_practice_ws/install/status_display/share/ament_index/resource_index/parent_prefix_path/status_display
[1.976s] -- Installing: /home/zyx/ros2_learn/node/chapt3/topic_practice_ws/install/status_display/share/status_display/environment/ament_prefix_path.sh
[1.976s] -- Installing: /home/zyx/ros2_learn/node/chapt3/topic_practice_ws/install/status_display/share/status_display/environment/ament_prefix_path.dsv
[1.976s] -- Installing: /home/zyx/ros2_learn/node/chapt3/topic_practice_ws/install/status_display/share/status_display/environment/path.sh
[1.976s] -- Installing: /home/zyx/ros2_learn/node/chapt3/topic_practice_ws/install/status_display/share/status_display/environment/path.dsv
[1.976s] -- Installing: /home/zyx/ros2_learn/node/chapt3/topic_practice_ws/install/status_display/share/status_display/local_setup.bash
[1.976s] -- Installing: /home/zyx/ros2_learn/node/chapt3/topic_practice_ws/install/status_display/share/status_display/local_setup.sh
[1.977s] -- Installing: /home/zyx/ros2_learn/node/chapt3/topic_practice_ws/install/status_display/share/status_display/local_setup.zsh
[1.977s] -- Installing: /home/zyx/ros2_learn/node/chapt3/topic_practice_ws/install/status_display/share/status_display/local_setup.dsv
[1.977s] -- Installing: /home/zyx/ros2_learn/node/chapt3/topic_practice_ws/install/status_display/share/status_display/package.dsv
[1.977s] -- Installing: /home/zyx/ros2_learn/node/chapt3/topic_practice_ws/install/status_display/share/ament_index/resource_index/packages/status_display
[1.978s] -- Installing: /home/zyx/ros2_learn/node/chapt3/topic_practice_ws/install/status_display/share/status_display/cmake/status_displayConfig.cmake
[1.978s] -- Installing: /home/zyx/ros2_learn/node/chapt3/topic_practice_ws/install/status_display/share/status_display/cmake/status_displayConfig-version.cmake
[1.978s] -- Installing: /home/zyx/ros2_learn/node/chapt3/topic_practice_ws/install/status_display/share/status_display/package.xml
[1.980s] Invoked command in '/home/zyx/ros2_learn/node/chapt3/topic_practice_ws/build/status_display' returned '0': AMENT_PREFIX_PATH=/home/zyx/ros2_learn/node/chapt3/topic_practice_ws/install/status_interfaces:${AMENT_PREFIX_PATH} CMAKE_PREFIX_PATH=/home/zyx/ros2_learn/node/chapt3/topic_practice_ws/install/status_interfaces:/opt/ros/humble LD_LIBRARY_PATH=/home/zyx/ros2_learn/node/chapt3/topic_practice_ws/install/status_interfaces/lib:${LD_LIBRARY_PATH} PYTHONPATH=/home/zyx/ros2_learn/node/chapt3/topic_practice_ws/install/status_interfaces/local/lib/python3.10/dist-packages:${PYTHONPATH} /usr/bin/cmake --install /home/zyx/ros2_learn/node/chapt3/topic_practice_ws/build/status_display
