[0.018s] Invoking command in '/home/zyx/ros2_learn/node/chapt3/topic_ws/build/demo_cpp_topic': CMAKE_PREFIX_PATH=/opt/ros/humble /usr/bin/cmake /home/zyx/ros2_learn/node/chapt3/topic_ws/src/demo_cpp_topic -DCMAKE_INSTALL_PREFIX=/home/zyx/ros2_learn/node/chapt3/topic_ws/install/demo_cpp_topic
[0.035s] -- Found ament_cmake: 1.3.11 (/opt/ros/humble/share/ament_cmake/cmake)
[0.190s] -- Found rclcpp: 16.0.12 (/opt/ros/humble/share/rclcpp/cmake)
[0.234s] -- Found rosidl_generator_c: 3.1.6 (/opt/ros/humble/share/rosidl_generator_c/cmake)
[0.237s] -- Found rosidl_adapter: 3.1.6 (/opt/ros/humble/share/rosidl_adapter/cmake)
[0.243s] -- Found rosidl_generator_cpp: 3.1.6 (/opt/ros/humble/share/rosidl_generator_cpp/cmake)
[0.255s] -- Using all available rosidl_typesupport_c: rosidl_typesupport_fastrtps_c;rosidl_typesupport_introspection_c
[0.270s] -- Using all available rosidl_typesupport_cpp: rosidl_typesupport_fastrtps_cpp;rosidl_typesupport_introspection_cpp
[0.304s] -- Found rmw_implementation_cmake: 6.1.2 (/opt/ros/humble/share/rmw_implementation_cmake/cmake)
[0.306s] -- Found rmw_fastrtps_cpp: 6.2.7 (/opt/ros/humble/share/rmw_fastrtps_cpp/cmake)
[0.436s] -- Using RMW implementation 'rmw_fastrtps_cpp' as default
[0.497s] -- Found geometry_msgs: 4.9.0 (/opt/ros/humble/share/geometry_msgs/cmake)
[0.535s] [31mCMake Error at CMakeLists.txt:15 (find_package):
[0.535s]   By not providing "Findturtlrsim.cmake" in CMAKE_MODULE_PATH this project
[0.535s]   has asked CMake to find a package configuration file provided by
[0.535s]   "turtlrsim", but CMake did not find one.
[0.535s] 
[0.535s]   Could not find a package configuration file provided by "turtlrsim" with
[0.535s]   any of the following names:
[0.535s] 
[0.535s]     turtlrsimConfig.cmake
[0.535s]     turtlrsim-config.cmake
[0.535s] 
[0.535s]   Add the installation prefix of "turtlrsim" to CMAKE_PREFIX_PATH or set
[0.536s]   "turtlrsim_DIR" to a directory containing one of the above files.  If
[0.536s]   "turtlrsim" provides a separate development package or SDK, be sure it has
[0.536s]   been installed.
[0.536s] 
[0.536s] [0m
[0.536s] -- Configuring incomplete, errors occurred!
[0.536s] See also "/home/zyx/ros2_learn/node/chapt3/topic_ws/build/demo_cpp_topic/CMakeFiles/CMakeOutput.log".
[0.543s] Invoked command in '/home/zyx/ros2_learn/node/chapt3/topic_ws/build/demo_cpp_topic' returned '1': CMAKE_PREFIX_PATH=/opt/ros/humble /usr/bin/cmake /home/zyx/ros2_learn/node/chapt3/topic_ws/src/demo_cpp_topic -DCMAKE_INSTALL_PREFIX=/home/zyx/ros2_learn/node/chapt3/topic_ws/install/demo_cpp_topic
