-- Found ament_cmake: 1.3.11 (/opt/ros/humble/share/ament_cmake/cmake)
-- Found rclcpp: 16.0.12 (/opt/ros/humble/share/rclcpp/cmake)
-- Found rosidl_generator_c: 3.1.6 (/opt/ros/humble/share/rosidl_generator_c/cmake)
-- Found rosidl_adapter: 3.1.6 (/opt/ros/humble/share/rosidl_adapter/cmake)
-- Found rosidl_generator_cpp: 3.1.6 (/opt/ros/humble/share/rosidl_generator_cpp/cmake)
-- Using all available rosidl_typesupport_c: rosidl_typesupport_fastrtps_c;rosidl_typesupport_introspection_c
-- Using all available rosidl_typesupport_cpp: rosidl_typesupport_fastrtps_cpp;rosidl_typesupport_introspection_cpp
-- Found rmw_implementation_cmake: 6.1.2 (/opt/ros/humble/share/rmw_implementation_cmake/cmake)
-- Found rmw_fastrtps_cpp: 6.2.7 (/opt/ros/humble/share/rmw_fastrtps_cpp/cmake)
-- Using RMW implementation 'rmw_fastrtps_cpp' as default
-- Found geometry_msgs: 4.9.0 (/opt/ros/humble/share/geometry_msgs/cmake)
[31mCMake Error at CMakeLists.txt:15 (find_package):
  By not providing "Findturtlrsim.cmake" in CMAKE_MODULE_PATH this project
  has asked CMake to find a package configuration file provided by
  "turtlrsim", but CMake did not find one.

  Could not find a package configuration file provided by "turtlrsim" with
  any of the following names:

    turtlrsimConfig.cmake
    turtlrsim-config.cmake

  Add the installation prefix of "turtlrsim" to CMAKE_PREFIX_PATH or set
  "turtlrsim_DIR" to a directory containing one of the above files.  If
  "turtlrsim" provides a separate development package or SDK, be sure it has
  been installed.

[0m
-- Configuring incomplete, errors occurred!
See also "/home/zyx/ros2_learn/node/chapt3/topic_ws/build/demo_cpp_topic/CMakeFiles/CMakeOutput.log".
