[0.120s] DEBUG:colcon:Command line arguments: ['/usr/bin/colcon', 'build']
[0.121s] DEBUG:colcon:Parsed command line arguments: Namespace(log_base=None, log_level=None, verb_name='build', build_base='build', install_base='install', merge_install=False, symlink_install=False, test_result_base=None, continue_on_error=False, executor='parallel', parallel_workers=12, event_handlers=None, ignore_user_meta=False, metas=['./colcon.meta'], base_paths=['.'], packages_ignore=None, packages_ignore_regex=None, paths=None, packages_up_to=None, packages_up_to_regex=None, packages_above=None, packages_above_and_dependencies=None, packages_above_depth=None, packages_select_by_dep=None, packages_skip_by_dep=None, packages_skip_up_to=None, packages_select_build_failed=False, packages_skip_build_finished=False, packages_select_test_failures=False, packages_skip_test_passed=False, packages_select=None, packages_skip=None, packages_select_regex=None, packages_skip_regex=None, packages_start=None, packages_end=None, allow_overriding=[], cmake_args=None, cmake_target=None, cmake_target_skip_unavailable=False, cmake_clean_cache=False, cmake_clean_first=False, cmake_force_configure=False, ament_cmake_args=None, catkin_cmake_args=None, catkin_skip_building_tests=False, verb_parser=<colcon_defaults.argument_parser.defaults.DefaultArgumentsDecorator object at 0x70d8a9823bb0>, verb_extension=<colcon_core.verb.build.BuildVerb object at 0x70d8a9823760>, main=<bound method BuildVerb.main of <colcon_core.verb.build.BuildVerb object at 0x70d8a9823760>>)
[0.284s] Level 1:colcon.colcon_core.package_discovery:discover_packages(colcon_meta) check parameters
[0.284s] Level 1:colcon.colcon_core.package_discovery:discover_packages(recursive) check parameters
[0.284s] Level 1:colcon.colcon_core.package_discovery:discover_packages(ignore) check parameters
[0.284s] Level 1:colcon.colcon_core.package_discovery:discover_packages(path) check parameters
[0.284s] Level 1:colcon.colcon_core.package_discovery:discover_packages(colcon_meta) discover
[0.284s] Level 1:colcon.colcon_core.package_discovery:discover_packages(recursive) discover
[0.284s] INFO:colcon.colcon_core.package_discovery:Crawling recursively for packages in '/home/zyx/ros2_learn/node/chapt3/topic_practice_ws'
[0.284s] Level 1:colcon.colcon_core.package_identification:_identify(.) by extensions ['ignore', 'ignore_ament_install']
[0.284s] Level 1:colcon.colcon_core.package_identification:_identify(.) by extension 'ignore'
[0.284s] Level 1:colcon.colcon_core.package_identification:_identify(.) by extension 'ignore_ament_install'
[0.284s] Level 1:colcon.colcon_core.package_identification:_identify(.) by extensions ['colcon_pkg']
[0.284s] Level 1:colcon.colcon_core.package_identification:_identify(.) by extension 'colcon_pkg'
[0.284s] Level 1:colcon.colcon_core.package_identification:_identify(.) by extensions ['colcon_meta']
[0.284s] Level 1:colcon.colcon_core.package_identification:_identify(.) by extension 'colcon_meta'
[0.284s] Level 1:colcon.colcon_core.package_identification:_identify(.) by extensions ['ros']
[0.284s] Level 1:colcon.colcon_core.package_identification:_identify(.) by extension 'ros'
[0.296s] Level 1:colcon.colcon_core.package_identification:_identify(.) by extensions ['cmake', 'python']
[0.296s] Level 1:colcon.colcon_core.package_identification:_identify(.) by extension 'cmake'
[0.296s] Level 1:colcon.colcon_core.package_identification:_identify(.) by extension 'python'
[0.296s] Level 1:colcon.colcon_core.package_identification:_identify(.) by extensions ['python_setup_py']
[0.296s] Level 1:colcon.colcon_core.package_identification:_identify(.) by extension 'python_setup_py'
[0.296s] Level 1:colcon.colcon_core.package_identification:_identify(build) by extensions ['ignore', 'ignore_ament_install']
[0.297s] Level 1:colcon.colcon_core.package_identification:_identify(build) by extension 'ignore'
[0.297s] Level 1:colcon.colcon_core.package_identification:_identify(build) ignored
[0.297s] Level 1:colcon.colcon_core.package_identification:_identify(install) by extensions ['ignore', 'ignore_ament_install']
[0.297s] Level 1:colcon.colcon_core.package_identification:_identify(install) by extension 'ignore'
[0.297s] Level 1:colcon.colcon_core.package_identification:_identify(install) ignored
[0.297s] Level 1:colcon.colcon_core.package_identification:_identify(log) by extensions ['ignore', 'ignore_ament_install']
[0.297s] Level 1:colcon.colcon_core.package_identification:_identify(log) by extension 'ignore'
[0.297s] Level 1:colcon.colcon_core.package_identification:_identify(log) ignored
[0.297s] Level 1:colcon.colcon_core.package_identification:_identify(src) by extensions ['ignore', 'ignore_ament_install']
[0.297s] Level 1:colcon.colcon_core.package_identification:_identify(src) by extension 'ignore'
[0.297s] Level 1:colcon.colcon_core.package_identification:_identify(src) by extension 'ignore_ament_install'
[0.297s] Level 1:colcon.colcon_core.package_identification:_identify(src) by extensions ['colcon_pkg']
[0.297s] Level 1:colcon.colcon_core.package_identification:_identify(src) by extension 'colcon_pkg'
[0.297s] Level 1:colcon.colcon_core.package_identification:_identify(src) by extensions ['colcon_meta']
[0.297s] Level 1:colcon.colcon_core.package_identification:_identify(src) by extension 'colcon_meta'
[0.297s] Level 1:colcon.colcon_core.package_identification:_identify(src) by extensions ['ros']
[0.297s] Level 1:colcon.colcon_core.package_identification:_identify(src) by extension 'ros'
[0.297s] Level 1:colcon.colcon_core.package_identification:_identify(src) by extensions ['cmake', 'python']
[0.298s] Level 1:colcon.colcon_core.package_identification:_identify(src) by extension 'cmake'
[0.298s] Level 1:colcon.colcon_core.package_identification:_identify(src) by extension 'python'
[0.298s] Level 1:colcon.colcon_core.package_identification:_identify(src) by extensions ['python_setup_py']
[0.298s] Level 1:colcon.colcon_core.package_identification:_identify(src) by extension 'python_setup_py'
[0.298s] Level 1:colcon.colcon_core.package_identification:_identify(src/py_status_publisher) by extensions ['ignore', 'ignore_ament_install']
[0.298s] Level 1:colcon.colcon_core.package_identification:_identify(src/py_status_publisher) by extension 'ignore'
[0.298s] Level 1:colcon.colcon_core.package_identification:_identify(src/py_status_publisher) by extension 'ignore_ament_install'
[0.298s] Level 1:colcon.colcon_core.package_identification:_identify(src/py_status_publisher) by extensions ['colcon_pkg']
[0.298s] Level 1:colcon.colcon_core.package_identification:_identify(src/py_status_publisher) by extension 'colcon_pkg'
[0.298s] Level 1:colcon.colcon_core.package_identification:_identify(src/py_status_publisher) by extensions ['colcon_meta']
[0.298s] Level 1:colcon.colcon_core.package_identification:_identify(src/py_status_publisher) by extension 'colcon_meta'
[0.298s] Level 1:colcon.colcon_core.package_identification:_identify(src/py_status_publisher) by extensions ['ros']
[0.298s] Level 1:colcon.colcon_core.package_identification:_identify(src/py_status_publisher) by extension 'ros'
[0.300s] DEBUG:colcon.colcon_core.package_identification:Package 'src/py_status_publisher' with type 'ros.ament_python' and name 'py_status_publisher'
[0.300s] Level 1:colcon.colcon_core.package_identification:_identify(src/status_display) by extensions ['ignore', 'ignore_ament_install']
[0.300s] Level 1:colcon.colcon_core.package_identification:_identify(src/status_display) by extension 'ignore'
[0.301s] Level 1:colcon.colcon_core.package_identification:_identify(src/status_display) by extension 'ignore_ament_install'
[0.301s] Level 1:colcon.colcon_core.package_identification:_identify(src/status_display) by extensions ['colcon_pkg']
[0.301s] Level 1:colcon.colcon_core.package_identification:_identify(src/status_display) by extension 'colcon_pkg'
[0.301s] Level 1:colcon.colcon_core.package_identification:_identify(src/status_display) by extensions ['colcon_meta']
[0.301s] Level 1:colcon.colcon_core.package_identification:_identify(src/status_display) by extension 'colcon_meta'
[0.301s] Level 1:colcon.colcon_core.package_identification:_identify(src/status_display) by extensions ['ros']
[0.301s] Level 1:colcon.colcon_core.package_identification:_identify(src/status_display) by extension 'ros'
[0.301s] DEBUG:colcon.colcon_core.package_identification:Package 'src/status_display' with type 'ros.ament_cmake' and name 'status_display'
[0.301s] Level 1:colcon.colcon_core.package_identification:_identify(src/status_interfaces) by extensions ['ignore', 'ignore_ament_install']
[0.302s] Level 1:colcon.colcon_core.package_identification:_identify(src/status_interfaces) by extension 'ignore'
[0.302s] Level 1:colcon.colcon_core.package_identification:_identify(src/status_interfaces) by extension 'ignore_ament_install'
[0.302s] Level 1:colcon.colcon_core.package_identification:_identify(src/status_interfaces) by extensions ['colcon_pkg']
[0.302s] Level 1:colcon.colcon_core.package_identification:_identify(src/status_interfaces) by extension 'colcon_pkg'
[0.302s] Level 1:colcon.colcon_core.package_identification:_identify(src/status_interfaces) by extensions ['colcon_meta']
[0.302s] Level 1:colcon.colcon_core.package_identification:_identify(src/status_interfaces) by extension 'colcon_meta'
[0.302s] Level 1:colcon.colcon_core.package_identification:_identify(src/status_interfaces) by extensions ['ros']
[0.302s] Level 1:colcon.colcon_core.package_identification:_identify(src/status_interfaces) by extension 'ros'
[0.302s] DEBUG:colcon.colcon_core.package_identification:Package 'src/status_interfaces' with type 'ros.ament_cmake' and name 'status_interfaces'
[0.303s] Level 1:colcon.colcon_core.package_identification:_identify(src/sys_status_display) by extensions ['ignore', 'ignore_ament_install']
[0.303s] Level 1:colcon.colcon_core.package_identification:_identify(src/sys_status_display) by extension 'ignore'
[0.303s] Level 1:colcon.colcon_core.package_identification:_identify(src/sys_status_display) by extension 'ignore_ament_install'
[0.303s] Level 1:colcon.colcon_core.package_identification:_identify(src/sys_status_display) by extensions ['colcon_pkg']
[0.303s] Level 1:colcon.colcon_core.package_identification:_identify(src/sys_status_display) by extension 'colcon_pkg'
[0.303s] Level 1:colcon.colcon_core.package_identification:_identify(src/sys_status_display) by extensions ['colcon_meta']
[0.303s] Level 1:colcon.colcon_core.package_identification:_identify(src/sys_status_display) by extension 'colcon_meta'
[0.303s] Level 1:colcon.colcon_core.package_identification:_identify(src/sys_status_display) by extensions ['ros']
[0.303s] Level 1:colcon.colcon_core.package_identification:_identify(src/sys_status_display) by extension 'ros'
[0.304s] DEBUG:colcon.colcon_core.package_identification:Package 'src/sys_status_display' with type 'ros.ament_cmake' and name 'sys_status_display'
[0.304s] Level 1:colcon.colcon_core.package_discovery:discover_packages(recursive) using defaults
[0.304s] Level 1:colcon.colcon_core.package_discovery:discover_packages(ignore) discover
[0.304s] Level 1:colcon.colcon_core.package_discovery:discover_packages(ignore) using defaults
[0.304s] Level 1:colcon.colcon_core.package_discovery:discover_packages(path) discover
[0.304s] Level 1:colcon.colcon_core.package_discovery:discover_packages(path) using defaults
[0.323s] Level 1:colcon.colcon_core.package_discovery:discover_packages(prefix_path) check parameters
[0.323s] Level 1:colcon.colcon_core.package_discovery:discover_packages(prefix_path) discover
[0.325s] DEBUG:colcon.colcon_installed_package_information.package_discovery:Found 4 installed packages in /home/zyx/ros2_learn/node/chapt3/topic_practice_ws/install
[0.327s] DEBUG:colcon.colcon_installed_package_information.package_discovery:Found 271 installed packages in /opt/ros/humble
[0.329s] Level 1:colcon.colcon_core.package_discovery:discover_packages(prefix_path) using defaults
[0.377s] Level 5:colcon.colcon_core.verb:set package 'py_status_publisher' build argument 'cmake_args' from command line to 'None'
[0.377s] Level 5:colcon.colcon_core.verb:set package 'py_status_publisher' build argument 'cmake_target' from command line to 'None'
[0.377s] Level 5:colcon.colcon_core.verb:set package 'py_status_publisher' build argument 'cmake_target_skip_unavailable' from command line to 'False'
[0.377s] Level 5:colcon.colcon_core.verb:set package 'py_status_publisher' build argument 'cmake_clean_cache' from command line to 'False'
[0.377s] Level 5:colcon.colcon_core.verb:set package 'py_status_publisher' build argument 'cmake_clean_first' from command line to 'False'
[0.378s] Level 5:colcon.colcon_core.verb:set package 'py_status_publisher' build argument 'cmake_force_configure' from command line to 'False'
[0.378s] Level 5:colcon.colcon_core.verb:set package 'py_status_publisher' build argument 'ament_cmake_args' from command line to 'None'
[0.378s] Level 5:colcon.colcon_core.verb:set package 'py_status_publisher' build argument 'catkin_cmake_args' from command line to 'None'
[0.378s] Level 5:colcon.colcon_core.verb:set package 'py_status_publisher' build argument 'catkin_skip_building_tests' from command line to 'False'
[0.378s] DEBUG:colcon.colcon_core.verb:Building package 'py_status_publisher' with the following arguments: {'ament_cmake_args': None, 'build_base': '/home/zyx/ros2_learn/node/chapt3/topic_practice_ws/build/py_status_publisher', 'catkin_cmake_args': None, 'catkin_skip_building_tests': False, 'cmake_args': None, 'cmake_clean_cache': False, 'cmake_clean_first': False, 'cmake_force_configure': False, 'cmake_target': None, 'cmake_target_skip_unavailable': False, 'install_base': '/home/zyx/ros2_learn/node/chapt3/topic_practice_ws/install/py_status_publisher', 'merge_install': False, 'path': '/home/zyx/ros2_learn/node/chapt3/topic_practice_ws/src/py_status_publisher', 'symlink_install': False, 'test_result_base': None}
[0.378s] Level 5:colcon.colcon_core.verb:set package 'status_interfaces' build argument 'cmake_args' from command line to 'None'
[0.378s] Level 5:colcon.colcon_core.verb:set package 'status_interfaces' build argument 'cmake_target' from command line to 'None'
[0.378s] Level 5:colcon.colcon_core.verb:set package 'status_interfaces' build argument 'cmake_target_skip_unavailable' from command line to 'False'
[0.378s] Level 5:colcon.colcon_core.verb:set package 'status_interfaces' build argument 'cmake_clean_cache' from command line to 'False'
[0.378s] Level 5:colcon.colcon_core.verb:set package 'status_interfaces' build argument 'cmake_clean_first' from command line to 'False'
[0.378s] Level 5:colcon.colcon_core.verb:set package 'status_interfaces' build argument 'cmake_force_configure' from command line to 'False'
[0.378s] Level 5:colcon.colcon_core.verb:set package 'status_interfaces' build argument 'ament_cmake_args' from command line to 'None'
[0.378s] Level 5:colcon.colcon_core.verb:set package 'status_interfaces' build argument 'catkin_cmake_args' from command line to 'None'
[0.378s] Level 5:colcon.colcon_core.verb:set package 'status_interfaces' build argument 'catkin_skip_building_tests' from command line to 'False'
[0.378s] DEBUG:colcon.colcon_core.verb:Building package 'status_interfaces' with the following arguments: {'ament_cmake_args': None, 'build_base': '/home/zyx/ros2_learn/node/chapt3/topic_practice_ws/build/status_interfaces', 'catkin_cmake_args': None, 'catkin_skip_building_tests': False, 'cmake_args': None, 'cmake_clean_cache': False, 'cmake_clean_first': False, 'cmake_force_configure': False, 'cmake_target': None, 'cmake_target_skip_unavailable': False, 'install_base': '/home/zyx/ros2_learn/node/chapt3/topic_practice_ws/install/status_interfaces', 'merge_install': False, 'path': '/home/zyx/ros2_learn/node/chapt3/topic_practice_ws/src/status_interfaces', 'symlink_install': False, 'test_result_base': None}
[0.379s] Level 5:colcon.colcon_core.verb:set package 'status_display' build argument 'cmake_args' from command line to 'None'
[0.379s] Level 5:colcon.colcon_core.verb:set package 'status_display' build argument 'cmake_target' from command line to 'None'
[0.379s] Level 5:colcon.colcon_core.verb:set package 'status_display' build argument 'cmake_target_skip_unavailable' from command line to 'False'
[0.379s] Level 5:colcon.colcon_core.verb:set package 'status_display' build argument 'cmake_clean_cache' from command line to 'False'
[0.379s] Level 5:colcon.colcon_core.verb:set package 'status_display' build argument 'cmake_clean_first' from command line to 'False'
[0.379s] Level 5:colcon.colcon_core.verb:set package 'status_display' build argument 'cmake_force_configure' from command line to 'False'
[0.379s] Level 5:colcon.colcon_core.verb:set package 'status_display' build argument 'ament_cmake_args' from command line to 'None'
[0.379s] Level 5:colcon.colcon_core.verb:set package 'status_display' build argument 'catkin_cmake_args' from command line to 'None'
[0.379s] Level 5:colcon.colcon_core.verb:set package 'status_display' build argument 'catkin_skip_building_tests' from command line to 'False'
[0.379s] DEBUG:colcon.colcon_core.verb:Building package 'status_display' with the following arguments: {'ament_cmake_args': None, 'build_base': '/home/zyx/ros2_learn/node/chapt3/topic_practice_ws/build/status_display', 'catkin_cmake_args': None, 'catkin_skip_building_tests': False, 'cmake_args': None, 'cmake_clean_cache': False, 'cmake_clean_first': False, 'cmake_force_configure': False, 'cmake_target': None, 'cmake_target_skip_unavailable': False, 'install_base': '/home/zyx/ros2_learn/node/chapt3/topic_practice_ws/install/status_display', 'merge_install': False, 'path': '/home/zyx/ros2_learn/node/chapt3/topic_practice_ws/src/status_display', 'symlink_install': False, 'test_result_base': None}
[0.379s] Level 5:colcon.colcon_core.verb:set package 'sys_status_display' build argument 'cmake_args' from command line to 'None'
[0.379s] Level 5:colcon.colcon_core.verb:set package 'sys_status_display' build argument 'cmake_target' from command line to 'None'
[0.379s] Level 5:colcon.colcon_core.verb:set package 'sys_status_display' build argument 'cmake_target_skip_unavailable' from command line to 'False'
[0.380s] Level 5:colcon.colcon_core.verb:set package 'sys_status_display' build argument 'cmake_clean_cache' from command line to 'False'
[0.380s] Level 5:colcon.colcon_core.verb:set package 'sys_status_display' build argument 'cmake_clean_first' from command line to 'False'
[0.380s] Level 5:colcon.colcon_core.verb:set package 'sys_status_display' build argument 'cmake_force_configure' from command line to 'False'
[0.380s] Level 5:colcon.colcon_core.verb:set package 'sys_status_display' build argument 'ament_cmake_args' from command line to 'None'
[0.380s] Level 5:colcon.colcon_core.verb:set package 'sys_status_display' build argument 'catkin_cmake_args' from command line to 'None'
[0.380s] Level 5:colcon.colcon_core.verb:set package 'sys_status_display' build argument 'catkin_skip_building_tests' from command line to 'False'
[0.380s] DEBUG:colcon.colcon_core.verb:Building package 'sys_status_display' with the following arguments: {'ament_cmake_args': None, 'build_base': '/home/zyx/ros2_learn/node/chapt3/topic_practice_ws/build/sys_status_display', 'catkin_cmake_args': None, 'catkin_skip_building_tests': False, 'cmake_args': None, 'cmake_clean_cache': False, 'cmake_clean_first': False, 'cmake_force_configure': False, 'cmake_target': None, 'cmake_target_skip_unavailable': False, 'install_base': '/home/zyx/ros2_learn/node/chapt3/topic_practice_ws/install/sys_status_display', 'merge_install': False, 'path': '/home/zyx/ros2_learn/node/chapt3/topic_practice_ws/src/sys_status_display', 'symlink_install': False, 'test_result_base': None}
[0.380s] INFO:colcon.colcon_core.executor:Executing jobs using 'parallel' executor
[0.381s] DEBUG:colcon.colcon_parallel_executor.executor.parallel:run_until_complete
[0.381s] INFO:colcon.colcon_ros.task.ament_cmake.build:Building ROS package in '/home/zyx/ros2_learn/node/chapt3/topic_practice_ws/src/status_interfaces' with build type 'ament_cmake'
[0.381s] INFO:colcon.colcon_cmake.task.cmake.build:Building CMake package in '/home/zyx/ros2_learn/node/chapt3/topic_practice_ws/src/status_interfaces'
[0.384s] INFO:colcon.colcon_core.plugin_system:Skipping extension 'colcon_core.shell.bat': Not used on non-Windows systems
[0.384s] INFO:colcon.colcon_core.shell:Skip shell extension 'powershell' for command environment: Not usable outside of PowerShell
[0.384s] DEBUG:colcon.colcon_core.shell:Skip shell extension 'dsv' for command environment
[0.388s] INFO:colcon.colcon_ros.task.ament_python.build:Building ROS package in '/home/zyx/ros2_learn/node/chapt3/topic_practice_ws/src/py_status_publisher' with build type 'ament_python'
[0.388s] Level 1:colcon.colcon_core.shell:create_environment_hook('py_status_publisher', 'ament_prefix_path')
[0.388s] INFO:colcon.colcon_core.shell:Creating environment hook '/home/zyx/ros2_learn/node/chapt3/topic_practice_ws/install/py_status_publisher/share/py_status_publisher/hook/ament_prefix_path.ps1'
[0.389s] INFO:colcon.colcon_core.shell:Creating environment descriptor '/home/zyx/ros2_learn/node/chapt3/topic_practice_ws/install/py_status_publisher/share/py_status_publisher/hook/ament_prefix_path.dsv'
[0.390s] INFO:colcon.colcon_core.shell:Creating environment hook '/home/zyx/ros2_learn/node/chapt3/topic_practice_ws/install/py_status_publisher/share/py_status_publisher/hook/ament_prefix_path.sh'
[0.391s] INFO:colcon.colcon_core.shell:Skip shell extension 'powershell' for command environment: Not usable outside of PowerShell
[0.391s] DEBUG:colcon.colcon_core.shell:Skip shell extension 'dsv' for command environment
[0.404s] DEBUG:colcon.colcon_core.event_handler.log_command:Invoking command in '/home/zyx/ros2_learn/node/chapt3/topic_practice_ws/build/status_interfaces': CMAKE_PREFIX_PATH=${CMAKE_PREFIX_PATH}:/home/zyx/ros2_learn/node/chapt3/topic_practice_ws/install/py_status_publisher:/opt/ros/humble /usr/bin/cmake --build /home/zyx/ros2_learn/node/chapt3/topic_practice_ws/build/status_interfaces -- -j12 -l12
[0.857s] INFO:colcon.colcon_core.task.python.build:Building Python package in '/home/zyx/ros2_learn/node/chapt3/topic_practice_ws/src/py_status_publisher'
[0.858s] INFO:colcon.colcon_core.shell:Skip shell extension 'powershell' for command environment: Not usable outside of PowerShell
[0.858s] DEBUG:colcon.colcon_core.shell:Skip shell extension 'dsv' for command environment
[0.980s] DEBUG:colcon.colcon_core.event_handler.log_command:Invoked command in '/home/zyx/ros2_learn/node/chapt3/topic_practice_ws/build/status_interfaces' returned '0': CMAKE_PREFIX_PATH=${CMAKE_PREFIX_PATH}:/home/zyx/ros2_learn/node/chapt3/topic_practice_ws/install/py_status_publisher:/opt/ros/humble /usr/bin/cmake --build /home/zyx/ros2_learn/node/chapt3/topic_practice_ws/build/status_interfaces -- -j12 -l12
[0.994s] DEBUG:colcon.colcon_core.event_handler.log_command:Invoking command in '/home/zyx/ros2_learn/node/chapt3/topic_practice_ws/build/status_interfaces': CMAKE_PREFIX_PATH=${CMAKE_PREFIX_PATH}:/home/zyx/ros2_learn/node/chapt3/topic_practice_ws/install/py_status_publisher:/opt/ros/humble /usr/bin/cmake --install /home/zyx/ros2_learn/node/chapt3/topic_practice_ws/build/status_interfaces
[1.090s] Level 1:colcon.colcon_core.environment:create_environment_scripts_only(status_interfaces)
[1.091s] DEBUG:colcon.colcon_core.event_handler.log_command:Invoked command in '/home/zyx/ros2_learn/node/chapt3/topic_practice_ws/build/status_interfaces' returned '0': CMAKE_PREFIX_PATH=${CMAKE_PREFIX_PATH}:/home/zyx/ros2_learn/node/chapt3/topic_practice_ws/install/py_status_publisher:/opt/ros/humble /usr/bin/cmake --install /home/zyx/ros2_learn/node/chapt3/topic_practice_ws/build/status_interfaces
[1.094s] Level 1:colcon.colcon_core.environment:checking '/home/zyx/ros2_learn/node/chapt3/topic_practice_ws/install/status_interfaces' for CMake module files
[1.095s] Level 1:colcon.colcon_core.environment:checking '/home/zyx/ros2_learn/node/chapt3/topic_practice_ws/install/status_interfaces' for CMake config files
[1.095s] Level 1:colcon.colcon_core.shell:create_environment_hook('status_interfaces', 'cmake_prefix_path')
[1.096s] INFO:colcon.colcon_core.shell:Creating environment hook '/home/zyx/ros2_learn/node/chapt3/topic_practice_ws/install/status_interfaces/share/status_interfaces/hook/cmake_prefix_path.ps1'
[1.096s] INFO:colcon.colcon_core.shell:Creating environment descriptor '/home/zyx/ros2_learn/node/chapt3/topic_practice_ws/install/status_interfaces/share/status_interfaces/hook/cmake_prefix_path.dsv'
[1.097s] INFO:colcon.colcon_core.shell:Creating environment hook '/home/zyx/ros2_learn/node/chapt3/topic_practice_ws/install/status_interfaces/share/status_interfaces/hook/cmake_prefix_path.sh'
[1.097s] Level 1:colcon.colcon_core.environment:checking '/home/zyx/ros2_learn/node/chapt3/topic_practice_ws/install/status_interfaces/lib'
[1.098s] Level 1:colcon.colcon_core.shell:create_environment_hook('status_interfaces', 'ld_library_path_lib')
[1.098s] INFO:colcon.colcon_core.shell:Creating environment hook '/home/zyx/ros2_learn/node/chapt3/topic_practice_ws/install/status_interfaces/share/status_interfaces/hook/ld_library_path_lib.ps1'
[1.099s] INFO:colcon.colcon_core.shell:Creating environment descriptor '/home/zyx/ros2_learn/node/chapt3/topic_practice_ws/install/status_interfaces/share/status_interfaces/hook/ld_library_path_lib.dsv'
[1.099s] INFO:colcon.colcon_core.shell:Creating environment hook '/home/zyx/ros2_learn/node/chapt3/topic_practice_ws/install/status_interfaces/share/status_interfaces/hook/ld_library_path_lib.sh'
[1.100s] Level 1:colcon.colcon_core.environment:checking '/home/zyx/ros2_learn/node/chapt3/topic_practice_ws/install/status_interfaces/bin'
[1.100s] Level 1:colcon.colcon_core.environment:checking '/home/zyx/ros2_learn/node/chapt3/topic_practice_ws/install/status_interfaces/lib/pkgconfig/status_interfaces.pc'
[1.100s] Level 1:colcon.colcon_core.environment:checking '/home/zyx/ros2_learn/node/chapt3/topic_practice_ws/install/status_interfaces/lib/python3.10/site-packages'
[1.101s] Level 1:colcon.colcon_core.environment:checking '/home/zyx/ros2_learn/node/chapt3/topic_practice_ws/install/status_interfaces/bin'
[1.101s] INFO:colcon.colcon_core.shell:Creating package script '/home/zyx/ros2_learn/node/chapt3/topic_practice_ws/install/status_interfaces/share/status_interfaces/package.ps1'
[1.102s] INFO:colcon.colcon_core.shell:Creating package descriptor '/home/zyx/ros2_learn/node/chapt3/topic_practice_ws/install/status_interfaces/share/status_interfaces/package.dsv'
[1.103s] INFO:colcon.colcon_core.shell:Creating package script '/home/zyx/ros2_learn/node/chapt3/topic_practice_ws/install/status_interfaces/share/status_interfaces/package.sh'
[1.104s] INFO:colcon.colcon_core.shell:Creating package script '/home/zyx/ros2_learn/node/chapt3/topic_practice_ws/install/status_interfaces/share/status_interfaces/package.bash'
[1.106s] INFO:colcon.colcon_core.shell:Creating package script '/home/zyx/ros2_learn/node/chapt3/topic_practice_ws/install/status_interfaces/share/status_interfaces/package.zsh'
[1.107s] Level 1:colcon.colcon_core.environment:create_file_with_runtime_dependencies(/home/zyx/ros2_learn/node/chapt3/topic_practice_ws/install/status_interfaces/share/colcon-core/packages/status_interfaces)
[1.109s] Level 1:colcon.colcon_core.environment:create_environment_scripts_only(status_interfaces)
[1.109s] Level 1:colcon.colcon_core.environment:checking '/home/zyx/ros2_learn/node/chapt3/topic_practice_ws/install/status_interfaces' for CMake module files
[1.113s] Level 1:colcon.colcon_core.environment:checking '/home/zyx/ros2_learn/node/chapt3/topic_practice_ws/install/status_interfaces' for CMake config files
[1.114s] Level 1:colcon.colcon_core.shell:create_environment_hook('status_interfaces', 'cmake_prefix_path')
[1.114s] INFO:colcon.colcon_core.shell:Creating environment hook '/home/zyx/ros2_learn/node/chapt3/topic_practice_ws/install/status_interfaces/share/status_interfaces/hook/cmake_prefix_path.ps1'
[1.116s] INFO:colcon.colcon_core.shell:Creating environment descriptor '/home/zyx/ros2_learn/node/chapt3/topic_practice_ws/install/status_interfaces/share/status_interfaces/hook/cmake_prefix_path.dsv'
[1.117s] INFO:colcon.colcon_core.shell:Creating environment hook '/home/zyx/ros2_learn/node/chapt3/topic_practice_ws/install/status_interfaces/share/status_interfaces/hook/cmake_prefix_path.sh'
[1.118s] Level 1:colcon.colcon_core.environment:checking '/home/zyx/ros2_learn/node/chapt3/topic_practice_ws/install/status_interfaces/lib'
[1.118s] Level 1:colcon.colcon_core.shell:create_environment_hook('status_interfaces', 'ld_library_path_lib')
[1.119s] INFO:colcon.colcon_core.shell:Creating environment hook '/home/zyx/ros2_learn/node/chapt3/topic_practice_ws/install/status_interfaces/share/status_interfaces/hook/ld_library_path_lib.ps1'
[1.120s] INFO:colcon.colcon_core.shell:Creating environment descriptor '/home/zyx/ros2_learn/node/chapt3/topic_practice_ws/install/status_interfaces/share/status_interfaces/hook/ld_library_path_lib.dsv'
[1.121s] INFO:colcon.colcon_core.shell:Creating environment hook '/home/zyx/ros2_learn/node/chapt3/topic_practice_ws/install/status_interfaces/share/status_interfaces/hook/ld_library_path_lib.sh'
[1.122s] Level 1:colcon.colcon_core.environment:checking '/home/zyx/ros2_learn/node/chapt3/topic_practice_ws/install/status_interfaces/bin'
[1.122s] Level 1:colcon.colcon_core.environment:checking '/home/zyx/ros2_learn/node/chapt3/topic_practice_ws/install/status_interfaces/lib/pkgconfig/status_interfaces.pc'
[1.123s] Level 1:colcon.colcon_core.environment:checking '/home/zyx/ros2_learn/node/chapt3/topic_practice_ws/install/status_interfaces/lib/python3.10/site-packages'
[1.123s] Level 1:colcon.colcon_core.environment:checking '/home/zyx/ros2_learn/node/chapt3/topic_practice_ws/install/status_interfaces/bin'
[1.124s] INFO:colcon.colcon_core.shell:Creating package script '/home/zyx/ros2_learn/node/chapt3/topic_practice_ws/install/status_interfaces/share/status_interfaces/package.ps1'
[1.125s] INFO:colcon.colcon_core.shell:Creating package descriptor '/home/zyx/ros2_learn/node/chapt3/topic_practice_ws/install/status_interfaces/share/status_interfaces/package.dsv'
[1.126s] INFO:colcon.colcon_core.shell:Creating package script '/home/zyx/ros2_learn/node/chapt3/topic_practice_ws/install/status_interfaces/share/status_interfaces/package.sh'
[1.127s] INFO:colcon.colcon_core.shell:Creating package script '/home/zyx/ros2_learn/node/chapt3/topic_practice_ws/install/status_interfaces/share/status_interfaces/package.bash'
[1.128s] INFO:colcon.colcon_core.shell:Creating package script '/home/zyx/ros2_learn/node/chapt3/topic_practice_ws/install/status_interfaces/share/status_interfaces/package.zsh'
[1.129s] Level 1:colcon.colcon_core.environment:create_file_with_runtime_dependencies(/home/zyx/ros2_learn/node/chapt3/topic_practice_ws/install/status_interfaces/share/colcon-core/packages/status_interfaces)
[1.130s] INFO:colcon.colcon_ros.task.ament_cmake.build:Building ROS package in '/home/zyx/ros2_learn/node/chapt3/topic_practice_ws/src/status_display' with build type 'ament_cmake'
[1.130s] INFO:colcon.colcon_cmake.task.cmake.build:Building CMake package in '/home/zyx/ros2_learn/node/chapt3/topic_practice_ws/src/status_display'
[1.130s] INFO:colcon.colcon_core.shell:Skip shell extension 'powershell' for command environment: Not usable outside of PowerShell
[1.130s] DEBUG:colcon.colcon_core.shell:Skip shell extension 'dsv' for command environment
[1.137s] INFO:colcon.colcon_ros.task.ament_cmake.build:Building ROS package in '/home/zyx/ros2_learn/node/chapt3/topic_practice_ws/src/sys_status_display' with build type 'ament_cmake'
[1.137s] INFO:colcon.colcon_cmake.task.cmake.build:Building CMake package in '/home/zyx/ros2_learn/node/chapt3/topic_practice_ws/src/sys_status_display'
[1.138s] INFO:colcon.colcon_core.shell:Skip shell extension 'powershell' for command environment: Not usable outside of PowerShell
[1.138s] DEBUG:colcon.colcon_core.shell:Skip shell extension 'dsv' for command environment
[1.151s] DEBUG:colcon.colcon_core.event_handler.log_command:Invoking command in '/home/zyx/ros2_learn/node/chapt3/topic_practice_ws/build/status_display': CMAKE_PREFIX_PATH=/home/zyx/ros2_learn/node/chapt3/topic_practice_ws/install/status_interfaces:/home/zyx/ros2_learn/node/chapt3/topic_practice_ws/install/sys_status_display:/home/zyx/ros2_learn/node/chapt3/topic_practice_ws/install/status_display:/home/zyx/ros2_learn/node/chapt3/topic_practice_ws/install/py_status_publisher:/opt/ros/humble /usr/bin/cmake --build /home/zyx/ros2_learn/node/chapt3/topic_practice_ws/build/status_display -- -j12 -l12
[1.157s] DEBUG:colcon.colcon_core.event_handler.log_command:Invoking command in '/home/zyx/ros2_learn/node/chapt3/topic_practice_ws/build/sys_status_display': CMAKE_PREFIX_PATH=/home/zyx/ros2_learn/node/chapt3/topic_practice_ws/install/status_interfaces:/home/zyx/ros2_learn/node/chapt3/topic_practice_ws/install/sys_status_display:/home/zyx/ros2_learn/node/chapt3/topic_practice_ws/install/status_display:/home/zyx/ros2_learn/node/chapt3/topic_practice_ws/install/py_status_publisher:/opt/ros/humble /usr/bin/cmake --build /home/zyx/ros2_learn/node/chapt3/topic_practice_ws/build/sys_status_display -- -j12 -l12
[1.259s] DEBUG:colcon.colcon_core.event_handler.log_command:Invoked command in '/home/zyx/ros2_learn/node/chapt3/topic_practice_ws/build/status_display' returned '0': CMAKE_PREFIX_PATH=/home/zyx/ros2_learn/node/chapt3/topic_practice_ws/install/status_interfaces:/home/zyx/ros2_learn/node/chapt3/topic_practice_ws/install/sys_status_display:/home/zyx/ros2_learn/node/chapt3/topic_practice_ws/install/status_display:/home/zyx/ros2_learn/node/chapt3/topic_practice_ws/install/py_status_publisher:/opt/ros/humble /usr/bin/cmake --build /home/zyx/ros2_learn/node/chapt3/topic_practice_ws/build/status_display -- -j12 -l12
[1.261s] DEBUG:colcon.colcon_core.event_handler.log_command:Invoking command in '/home/zyx/ros2_learn/node/chapt3/topic_practice_ws/build/status_display': CMAKE_PREFIX_PATH=/home/zyx/ros2_learn/node/chapt3/topic_practice_ws/install/status_interfaces:/home/zyx/ros2_learn/node/chapt3/topic_practice_ws/install/sys_status_display:/home/zyx/ros2_learn/node/chapt3/topic_practice_ws/install/status_display:/home/zyx/ros2_learn/node/chapt3/topic_practice_ws/install/py_status_publisher:/opt/ros/humble /usr/bin/cmake --install /home/zyx/ros2_learn/node/chapt3/topic_practice_ws/build/status_display
[1.274s] Level 1:colcon.colcon_core.environment:create_environment_scripts_only(status_display)
[1.274s] Level 1:colcon.colcon_core.environment:checking '/home/zyx/ros2_learn/node/chapt3/topic_practice_ws/install/status_display' for CMake module files
[1.275s] DEBUG:colcon.colcon_core.event_handler.log_command:Invoked command in '/home/zyx/ros2_learn/node/chapt3/topic_practice_ws/build/status_display' returned '0': CMAKE_PREFIX_PATH=/home/zyx/ros2_learn/node/chapt3/topic_practice_ws/install/status_interfaces:/home/zyx/ros2_learn/node/chapt3/topic_practice_ws/install/sys_status_display:/home/zyx/ros2_learn/node/chapt3/topic_practice_ws/install/status_display:/home/zyx/ros2_learn/node/chapt3/topic_practice_ws/install/py_status_publisher:/opt/ros/humble /usr/bin/cmake --install /home/zyx/ros2_learn/node/chapt3/topic_practice_ws/build/status_display
[1.276s] Level 1:colcon.colcon_core.environment:checking '/home/zyx/ros2_learn/node/chapt3/topic_practice_ws/install/status_display' for CMake config files
[1.277s] Level 1:colcon.colcon_core.shell:create_environment_hook('status_display', 'cmake_prefix_path')
[1.277s] INFO:colcon.colcon_core.shell:Creating environment hook '/home/zyx/ros2_learn/node/chapt3/topic_practice_ws/install/status_display/share/status_display/hook/cmake_prefix_path.ps1'
[1.278s] INFO:colcon.colcon_core.shell:Creating environment descriptor '/home/zyx/ros2_learn/node/chapt3/topic_practice_ws/install/status_display/share/status_display/hook/cmake_prefix_path.dsv'
[1.278s] INFO:colcon.colcon_core.shell:Creating environment hook '/home/zyx/ros2_learn/node/chapt3/topic_practice_ws/install/status_display/share/status_display/hook/cmake_prefix_path.sh'
[1.279s] Level 1:colcon.colcon_core.environment:checking '/home/zyx/ros2_learn/node/chapt3/topic_practice_ws/install/status_display/lib'
[1.279s] Level 1:colcon.colcon_core.environment:checking '/home/zyx/ros2_learn/node/chapt3/topic_practice_ws/install/status_display/bin'
[1.279s] Level 1:colcon.colcon_core.environment:checking '/home/zyx/ros2_learn/node/chapt3/topic_practice_ws/install/status_display/lib/pkgconfig/status_display.pc'
[1.280s] Level 1:colcon.colcon_core.environment:checking '/home/zyx/ros2_learn/node/chapt3/topic_practice_ws/install/status_display/lib/python3.10/site-packages'
[1.280s] Level 1:colcon.colcon_core.environment:checking '/home/zyx/ros2_learn/node/chapt3/topic_practice_ws/install/status_display/bin'
[1.281s] INFO:colcon.colcon_core.shell:Creating package script '/home/zyx/ros2_learn/node/chapt3/topic_practice_ws/install/status_display/share/status_display/package.ps1'
[1.282s] INFO:colcon.colcon_core.shell:Creating package descriptor '/home/zyx/ros2_learn/node/chapt3/topic_practice_ws/install/status_display/share/status_display/package.dsv'
[1.282s] INFO:colcon.colcon_core.shell:Creating package script '/home/zyx/ros2_learn/node/chapt3/topic_practice_ws/install/status_display/share/status_display/package.sh'
[1.283s] INFO:colcon.colcon_core.shell:Creating package script '/home/zyx/ros2_learn/node/chapt3/topic_practice_ws/install/status_display/share/status_display/package.bash'
[1.284s] INFO:colcon.colcon_core.shell:Creating package script '/home/zyx/ros2_learn/node/chapt3/topic_practice_ws/install/status_display/share/status_display/package.zsh'
[1.285s] Level 1:colcon.colcon_core.environment:create_file_with_runtime_dependencies(/home/zyx/ros2_learn/node/chapt3/topic_practice_ws/install/status_display/share/colcon-core/packages/status_display)
[1.286s] Level 1:colcon.colcon_core.environment:create_environment_scripts_only(status_display)
[1.286s] Level 1:colcon.colcon_core.environment:checking '/home/zyx/ros2_learn/node/chapt3/topic_practice_ws/install/status_display' for CMake module files
[1.288s] Level 1:colcon.colcon_core.environment:checking '/home/zyx/ros2_learn/node/chapt3/topic_practice_ws/install/status_display' for CMake config files
[1.288s] Level 1:colcon.colcon_core.shell:create_environment_hook('status_display', 'cmake_prefix_path')
[1.289s] INFO:colcon.colcon_core.shell:Creating environment hook '/home/zyx/ros2_learn/node/chapt3/topic_practice_ws/install/status_display/share/status_display/hook/cmake_prefix_path.ps1'
[1.290s] INFO:colcon.colcon_core.shell:Creating environment descriptor '/home/zyx/ros2_learn/node/chapt3/topic_practice_ws/install/status_display/share/status_display/hook/cmake_prefix_path.dsv'
[1.290s] INFO:colcon.colcon_core.shell:Creating environment hook '/home/zyx/ros2_learn/node/chapt3/topic_practice_ws/install/status_display/share/status_display/hook/cmake_prefix_path.sh'
[1.291s] Level 1:colcon.colcon_core.environment:checking '/home/zyx/ros2_learn/node/chapt3/topic_practice_ws/install/status_display/lib'
[1.291s] Level 1:colcon.colcon_core.environment:checking '/home/zyx/ros2_learn/node/chapt3/topic_practice_ws/install/status_display/bin'
[1.291s] Level 1:colcon.colcon_core.environment:checking '/home/zyx/ros2_learn/node/chapt3/topic_practice_ws/install/status_display/lib/pkgconfig/status_display.pc'
[1.292s] Level 1:colcon.colcon_core.environment:checking '/home/zyx/ros2_learn/node/chapt3/topic_practice_ws/install/status_display/lib/python3.10/site-packages'
[1.292s] Level 1:colcon.colcon_core.environment:checking '/home/zyx/ros2_learn/node/chapt3/topic_practice_ws/install/status_display/bin'
[1.292s] INFO:colcon.colcon_core.shell:Creating package script '/home/zyx/ros2_learn/node/chapt3/topic_practice_ws/install/status_display/share/status_display/package.ps1'
[1.293s] INFO:colcon.colcon_core.shell:Creating package descriptor '/home/zyx/ros2_learn/node/chapt3/topic_practice_ws/install/status_display/share/status_display/package.dsv'
[1.293s] INFO:colcon.colcon_core.shell:Creating package script '/home/zyx/ros2_learn/node/chapt3/topic_practice_ws/install/status_display/share/status_display/package.sh'
[1.294s] INFO:colcon.colcon_core.shell:Creating package script '/home/zyx/ros2_learn/node/chapt3/topic_practice_ws/install/status_display/share/status_display/package.bash'
[1.294s] INFO:colcon.colcon_core.shell:Creating package script '/home/zyx/ros2_learn/node/chapt3/topic_practice_ws/install/status_display/share/status_display/package.zsh'
[1.295s] Level 1:colcon.colcon_core.environment:create_file_with_runtime_dependencies(/home/zyx/ros2_learn/node/chapt3/topic_practice_ws/install/status_display/share/colcon-core/packages/status_display)
[1.400s] DEBUG:colcon.colcon_core.event_handler.log_command:Invoking command in '/home/zyx/ros2_learn/node/chapt3/topic_practice_ws/src/py_status_publisher': PYTHONPATH=/home/zyx/ros2_learn/node/chapt3/topic_practice_ws/build/py_status_publisher/prefix_override:/usr/lib/python3/dist-packages/colcon_core/task/python/colcon_distutils_commands:/home/zyx/ros2_learn/node/chapt3/topic_practice_ws/install/py_status_publisher/lib/python3.10/site-packages:${PYTHONPATH} /usr/bin/python3 -W ignore:setup.py install is deprecated -W ignore:easy_install command is deprecated setup.py egg_info --egg-base ../../build/py_status_publisher build --build-base /home/zyx/ros2_learn/node/chapt3/topic_practice_ws/build/py_status_publisher/build install --record /home/zyx/ros2_learn/node/chapt3/topic_practice_ws/build/py_status_publisher/install.log --single-version-externally-managed install_data
[1.842s] Level 1:colcon.colcon_core.environment:checking '/home/zyx/ros2_learn/node/chapt3/topic_practice_ws/install/py_status_publisher' for CMake module files
[1.843s] DEBUG:colcon.colcon_core.event_handler.log_command:Invoked command in '/home/zyx/ros2_learn/node/chapt3/topic_practice_ws/src/py_status_publisher' returned '0': PYTHONPATH=/home/zyx/ros2_learn/node/chapt3/topic_practice_ws/build/py_status_publisher/prefix_override:/usr/lib/python3/dist-packages/colcon_core/task/python/colcon_distutils_commands:/home/zyx/ros2_learn/node/chapt3/topic_practice_ws/install/py_status_publisher/lib/python3.10/site-packages:${PYTHONPATH} /usr/bin/python3 -W ignore:setup.py install is deprecated -W ignore:easy_install command is deprecated setup.py egg_info --egg-base ../../build/py_status_publisher build --build-base /home/zyx/ros2_learn/node/chapt3/topic_practice_ws/build/py_status_publisher/build install --record /home/zyx/ros2_learn/node/chapt3/topic_practice_ws/build/py_status_publisher/install.log --single-version-externally-managed install_data
[1.844s] Level 1:colcon.colcon_core.environment:checking '/home/zyx/ros2_learn/node/chapt3/topic_practice_ws/install/py_status_publisher' for CMake config files
[1.844s] Level 1:colcon.colcon_core.environment:checking '/home/zyx/ros2_learn/node/chapt3/topic_practice_ws/install/py_status_publisher/lib'
[1.844s] Level 1:colcon.colcon_core.environment:checking '/home/zyx/ros2_learn/node/chapt3/topic_practice_ws/install/py_status_publisher/bin'
[1.844s] Level 1:colcon.colcon_core.environment:checking '/home/zyx/ros2_learn/node/chapt3/topic_practice_ws/install/py_status_publisher/lib/pkgconfig/py_status_publisher.pc'
[1.845s] Level 1:colcon.colcon_core.environment:checking '/home/zyx/ros2_learn/node/chapt3/topic_practice_ws/install/py_status_publisher/lib/python3.10/site-packages'
[1.845s] Level 1:colcon.colcon_core.shell:create_environment_hook('py_status_publisher', 'pythonpath')
[1.845s] INFO:colcon.colcon_core.shell:Creating environment hook '/home/zyx/ros2_learn/node/chapt3/topic_practice_ws/install/py_status_publisher/share/py_status_publisher/hook/pythonpath.ps1'
[1.845s] INFO:colcon.colcon_core.shell:Creating environment descriptor '/home/zyx/ros2_learn/node/chapt3/topic_practice_ws/install/py_status_publisher/share/py_status_publisher/hook/pythonpath.dsv'
[1.846s] INFO:colcon.colcon_core.shell:Creating environment hook '/home/zyx/ros2_learn/node/chapt3/topic_practice_ws/install/py_status_publisher/share/py_status_publisher/hook/pythonpath.sh'
[1.846s] Level 1:colcon.colcon_core.environment:checking '/home/zyx/ros2_learn/node/chapt3/topic_practice_ws/install/py_status_publisher/bin'
[1.847s] Level 1:colcon.colcon_core.environment:create_environment_scripts_only(py_status_publisher)
[1.847s] INFO:colcon.colcon_core.shell:Creating package script '/home/zyx/ros2_learn/node/chapt3/topic_practice_ws/install/py_status_publisher/share/py_status_publisher/package.ps1'
[1.847s] INFO:colcon.colcon_core.shell:Creating package descriptor '/home/zyx/ros2_learn/node/chapt3/topic_practice_ws/install/py_status_publisher/share/py_status_publisher/package.dsv'
[1.848s] INFO:colcon.colcon_core.shell:Creating package script '/home/zyx/ros2_learn/node/chapt3/topic_practice_ws/install/py_status_publisher/share/py_status_publisher/package.sh'
[1.848s] INFO:colcon.colcon_core.shell:Creating package script '/home/zyx/ros2_learn/node/chapt3/topic_practice_ws/install/py_status_publisher/share/py_status_publisher/package.bash'
[1.849s] INFO:colcon.colcon_core.shell:Creating package script '/home/zyx/ros2_learn/node/chapt3/topic_practice_ws/install/py_status_publisher/share/py_status_publisher/package.zsh'
[1.849s] Level 1:colcon.colcon_core.environment:create_file_with_runtime_dependencies(/home/zyx/ros2_learn/node/chapt3/topic_practice_ws/install/py_status_publisher/share/colcon-core/packages/py_status_publisher)
[12.702s] DEBUG:colcon.colcon_core.event_handler.log_command:Invoked command in '/home/zyx/ros2_learn/node/chapt3/topic_practice_ws/build/sys_status_display' returned '0': CMAKE_PREFIX_PATH=/home/zyx/ros2_learn/node/chapt3/topic_practice_ws/install/status_interfaces:/home/zyx/ros2_learn/node/chapt3/topic_practice_ws/install/sys_status_display:/home/zyx/ros2_learn/node/chapt3/topic_practice_ws/install/status_display:/home/zyx/ros2_learn/node/chapt3/topic_practice_ws/install/py_status_publisher:/opt/ros/humble /usr/bin/cmake --build /home/zyx/ros2_learn/node/chapt3/topic_practice_ws/build/sys_status_display -- -j12 -l12
[12.704s] DEBUG:colcon.colcon_core.event_handler.log_command:Invoking command in '/home/zyx/ros2_learn/node/chapt3/topic_practice_ws/build/sys_status_display': CMAKE_PREFIX_PATH=/home/zyx/ros2_learn/node/chapt3/topic_practice_ws/install/status_interfaces:/home/zyx/ros2_learn/node/chapt3/topic_practice_ws/install/sys_status_display:/home/zyx/ros2_learn/node/chapt3/topic_practice_ws/install/status_display:/home/zyx/ros2_learn/node/chapt3/topic_practice_ws/install/py_status_publisher:/opt/ros/humble /usr/bin/cmake --install /home/zyx/ros2_learn/node/chapt3/topic_practice_ws/build/sys_status_display
[12.718s] Level 1:colcon.colcon_core.environment:create_environment_scripts_only(sys_status_display)
[12.718s] Level 1:colcon.colcon_core.environment:checking '/home/zyx/ros2_learn/node/chapt3/topic_practice_ws/install/sys_status_display' for CMake module files
[12.718s] DEBUG:colcon.colcon_core.event_handler.log_command:Invoked command in '/home/zyx/ros2_learn/node/chapt3/topic_practice_ws/build/sys_status_display' returned '0': CMAKE_PREFIX_PATH=/home/zyx/ros2_learn/node/chapt3/topic_practice_ws/install/status_interfaces:/home/zyx/ros2_learn/node/chapt3/topic_practice_ws/install/sys_status_display:/home/zyx/ros2_learn/node/chapt3/topic_practice_ws/install/status_display:/home/zyx/ros2_learn/node/chapt3/topic_practice_ws/install/py_status_publisher:/opt/ros/humble /usr/bin/cmake --install /home/zyx/ros2_learn/node/chapt3/topic_practice_ws/build/sys_status_display
[12.719s] Level 1:colcon.colcon_core.environment:checking '/home/zyx/ros2_learn/node/chapt3/topic_practice_ws/install/sys_status_display' for CMake config files
[12.719s] Level 1:colcon.colcon_core.shell:create_environment_hook('sys_status_display', 'cmake_prefix_path')
[12.719s] INFO:colcon.colcon_core.shell:Creating environment hook '/home/zyx/ros2_learn/node/chapt3/topic_practice_ws/install/sys_status_display/share/sys_status_display/hook/cmake_prefix_path.ps1'
[12.720s] INFO:colcon.colcon_core.shell:Creating environment descriptor '/home/zyx/ros2_learn/node/chapt3/topic_practice_ws/install/sys_status_display/share/sys_status_display/hook/cmake_prefix_path.dsv'
[12.720s] INFO:colcon.colcon_core.shell:Creating environment hook '/home/zyx/ros2_learn/node/chapt3/topic_practice_ws/install/sys_status_display/share/sys_status_display/hook/cmake_prefix_path.sh'
[12.721s] Level 1:colcon.colcon_core.environment:checking '/home/zyx/ros2_learn/node/chapt3/topic_practice_ws/install/sys_status_display/lib'
[12.721s] Level 1:colcon.colcon_core.environment:checking '/home/zyx/ros2_learn/node/chapt3/topic_practice_ws/install/sys_status_display/bin'
[12.721s] Level 1:colcon.colcon_core.environment:checking '/home/zyx/ros2_learn/node/chapt3/topic_practice_ws/install/sys_status_display/lib/pkgconfig/sys_status_display.pc'
[12.721s] Level 1:colcon.colcon_core.environment:checking '/home/zyx/ros2_learn/node/chapt3/topic_practice_ws/install/sys_status_display/lib/python3.10/site-packages'
[12.721s] Level 1:colcon.colcon_core.environment:checking '/home/zyx/ros2_learn/node/chapt3/topic_practice_ws/install/sys_status_display/bin'
[12.722s] INFO:colcon.colcon_core.shell:Creating package script '/home/zyx/ros2_learn/node/chapt3/topic_practice_ws/install/sys_status_display/share/sys_status_display/package.ps1'
[12.722s] INFO:colcon.colcon_core.shell:Creating package descriptor '/home/zyx/ros2_learn/node/chapt3/topic_practice_ws/install/sys_status_display/share/sys_status_display/package.dsv'
[12.723s] INFO:colcon.colcon_core.shell:Creating package script '/home/zyx/ros2_learn/node/chapt3/topic_practice_ws/install/sys_status_display/share/sys_status_display/package.sh'
[12.723s] INFO:colcon.colcon_core.shell:Creating package script '/home/zyx/ros2_learn/node/chapt3/topic_practice_ws/install/sys_status_display/share/sys_status_display/package.bash'
[12.723s] INFO:colcon.colcon_core.shell:Creating package script '/home/zyx/ros2_learn/node/chapt3/topic_practice_ws/install/sys_status_display/share/sys_status_display/package.zsh'
[12.724s] Level 1:colcon.colcon_core.environment:create_file_with_runtime_dependencies(/home/zyx/ros2_learn/node/chapt3/topic_practice_ws/install/sys_status_display/share/colcon-core/packages/sys_status_display)
[12.724s] Level 1:colcon.colcon_core.environment:create_environment_scripts_only(sys_status_display)
[12.724s] Level 1:colcon.colcon_core.environment:checking '/home/zyx/ros2_learn/node/chapt3/topic_practice_ws/install/sys_status_display' for CMake module files
[12.725s] Level 1:colcon.colcon_core.environment:checking '/home/zyx/ros2_learn/node/chapt3/topic_practice_ws/install/sys_status_display' for CMake config files
[12.725s] Level 1:colcon.colcon_core.shell:create_environment_hook('sys_status_display', 'cmake_prefix_path')
[12.725s] INFO:colcon.colcon_core.shell:Creating environment hook '/home/zyx/ros2_learn/node/chapt3/topic_practice_ws/install/sys_status_display/share/sys_status_display/hook/cmake_prefix_path.ps1'
[12.726s] INFO:colcon.colcon_core.shell:Creating environment descriptor '/home/zyx/ros2_learn/node/chapt3/topic_practice_ws/install/sys_status_display/share/sys_status_display/hook/cmake_prefix_path.dsv'
[12.726s] INFO:colcon.colcon_core.shell:Creating environment hook '/home/zyx/ros2_learn/node/chapt3/topic_practice_ws/install/sys_status_display/share/sys_status_display/hook/cmake_prefix_path.sh'
[12.727s] Level 1:colcon.colcon_core.environment:checking '/home/zyx/ros2_learn/node/chapt3/topic_practice_ws/install/sys_status_display/lib'
[12.727s] Level 1:colcon.colcon_core.environment:checking '/home/zyx/ros2_learn/node/chapt3/topic_practice_ws/install/sys_status_display/bin'
[12.727s] Level 1:colcon.colcon_core.environment:checking '/home/zyx/ros2_learn/node/chapt3/topic_practice_ws/install/sys_status_display/lib/pkgconfig/sys_status_display.pc'
[12.727s] Level 1:colcon.colcon_core.environment:checking '/home/zyx/ros2_learn/node/chapt3/topic_practice_ws/install/sys_status_display/lib/python3.10/site-packages'
[12.727s] Level 1:colcon.colcon_core.environment:checking '/home/zyx/ros2_learn/node/chapt3/topic_practice_ws/install/sys_status_display/bin'
[12.728s] INFO:colcon.colcon_core.shell:Creating package script '/home/zyx/ros2_learn/node/chapt3/topic_practice_ws/install/sys_status_display/share/sys_status_display/package.ps1'
[12.729s] INFO:colcon.colcon_core.shell:Creating package descriptor '/home/zyx/ros2_learn/node/chapt3/topic_practice_ws/install/sys_status_display/share/sys_status_display/package.dsv'
[12.730s] INFO:colcon.colcon_core.shell:Creating package script '/home/zyx/ros2_learn/node/chapt3/topic_practice_ws/install/sys_status_display/share/sys_status_display/package.sh'
[12.730s] INFO:colcon.colcon_core.shell:Creating package script '/home/zyx/ros2_learn/node/chapt3/topic_practice_ws/install/sys_status_display/share/sys_status_display/package.bash'
[12.731s] INFO:colcon.colcon_core.shell:Creating package script '/home/zyx/ros2_learn/node/chapt3/topic_practice_ws/install/sys_status_display/share/sys_status_display/package.zsh'
[12.731s] Level 1:colcon.colcon_core.environment:create_file_with_runtime_dependencies(/home/zyx/ros2_learn/node/chapt3/topic_practice_ws/install/sys_status_display/share/colcon-core/packages/sys_status_display)
[12.731s] DEBUG:colcon.colcon_parallel_executor.executor.parallel:closing loop
[12.731s] DEBUG:colcon.colcon_parallel_executor.executor.parallel:loop closed
[12.732s] DEBUG:colcon.colcon_parallel_executor.executor.parallel:run_until_complete finished with '0'
[12.732s] DEBUG:colcon.colcon_core.event_reactor:joining thread
[12.737s] INFO:colcon.colcon_core.plugin_system:Skipping extension 'colcon_notification.desktop_notification.terminal_notifier': Not used on non-Darwin systems
[12.737s] INFO:colcon.colcon_core.plugin_system:Skipping extension 'colcon_notification.desktop_notification.win32': Not used on non-Windows systems
[12.737s] INFO:colcon.colcon_notification.desktop_notification:Sending desktop notification using 'notify2'
[12.759s] DEBUG:colcon.colcon_core.event_reactor:joined thread
[12.760s] INFO:colcon.colcon_core.shell:Creating prefix script '/home/zyx/ros2_learn/node/chapt3/topic_practice_ws/install/local_setup.ps1'
[12.761s] INFO:colcon.colcon_core.shell:Creating prefix util module '/home/zyx/ros2_learn/node/chapt3/topic_practice_ws/install/_local_setup_util_ps1.py'
[12.763s] INFO:colcon.colcon_core.shell:Creating prefix chain script '/home/zyx/ros2_learn/node/chapt3/topic_practice_ws/install/setup.ps1'
[12.766s] INFO:colcon.colcon_core.shell:Creating prefix script '/home/zyx/ros2_learn/node/chapt3/topic_practice_ws/install/local_setup.sh'
[12.767s] INFO:colcon.colcon_core.shell:Creating prefix util module '/home/zyx/ros2_learn/node/chapt3/topic_practice_ws/install/_local_setup_util_sh.py'
[12.768s] INFO:colcon.colcon_core.shell:Creating prefix chain script '/home/zyx/ros2_learn/node/chapt3/topic_practice_ws/install/setup.sh'
[12.771s] INFO:colcon.colcon_core.shell:Creating prefix script '/home/zyx/ros2_learn/node/chapt3/topic_practice_ws/install/local_setup.bash'
[12.773s] INFO:colcon.colcon_core.shell:Creating prefix chain script '/home/zyx/ros2_learn/node/chapt3/topic_practice_ws/install/setup.bash'
[12.775s] INFO:colcon.colcon_core.shell:Creating prefix script '/home/zyx/ros2_learn/node/chapt3/topic_practice_ws/install/local_setup.zsh'
[12.775s] INFO:colcon.colcon_core.shell:Creating prefix chain script '/home/zyx/ros2_learn/node/chapt3/topic_practice_ws/install/setup.zsh'
