[0.009s] Invoking command in '/home/zyx/ros2_learn/node/chapt3/topic_practice_ws/build/status_interfaces': CMAKE_PREFIX_PATH=/opt/ros/humble /usr/bin/cmake /home/zyx/ros2_learn/node/chapt3/topic_practice_ws/src/status_interfaces -DCMAKE_INSTALL_PREFIX=/home/zyx/ros2_learn/node/chapt3/topic_practice_ws/install/status_interfaces
[0.026s] -- Found ament_cmake: 1.3.12 (/opt/ros/humble/share/ament_cmake/cmake)
[0.146s] -- Found builtin_interfaces: 1.2.2 (/opt/ros/humble/share/builtin_interfaces/cmake)
[0.168s] -- Found rosidl_generator_c: 3.1.7 (/opt/ros/humble/share/rosidl_generator_c/cmake)
[0.170s] -- Found rosidl_adapter: 3.1.7 (/opt/ros/humble/share/rosidl_adapter/cmake)
[0.175s] -- Found rosidl_generator_cpp: 3.1.7 (/opt/ros/humble/share/rosidl_generator_cpp/cmake)
[0.183s] -- Using all available rosidl_typesupport_c: rosidl_typesupport_fastrtps_c;rosidl_typesupport_introspection_c
[0.194s] -- Using all available rosidl_typesupport_cpp: rosidl_typesupport_fastrtps_cpp;rosidl_typesupport_introspection_cpp
[0.226s] [31mCMake Error at CMakeLists.txt:11 (find_package):
[0.226s]   By not providing "Findrosidl_default_genterators.cmake" in
[0.226s]   CMAKE_MODULE_PATH this project has asked CMake to find a package
[0.226s]   configuration file provided by "rosidl_default_genterators", but CMake did
[0.226s]   not find one.
[0.226s] 
[0.226s]   Could not find a package configuration file provided by
[0.226s]   "rosidl_default_genterators" with any of the following names:
[0.227s] 
[0.227s]     rosidl_default_genteratorsConfig.cmake
[0.227s]     rosidl_default_genterators-config.cmake
[0.227s] 
[0.227s]   Add the installation prefix of "rosidl_default_genterators" to
[0.227s]   CMAKE_PREFIX_PATH or set "rosidl_default_genterators_DIR" to a directory
[0.227s]   containing one of the above files.  If "rosidl_default_genterators"
[0.227s]   provides a separate development package or SDK, be sure it has been
[0.227s]   installed.
[0.227s] 
[0.227s] [0m
[0.227s] -- Configuring incomplete, errors occurred!
[0.228s] See also "/home/zyx/ros2_learn/node/chapt3/topic_practice_ws/build/status_interfaces/CMakeFiles/CMakeOutput.log".
[0.231s] Invoked command in '/home/zyx/ros2_learn/node/chapt3/topic_practice_ws/build/status_interfaces' returned '1': CMAKE_PREFIX_PATH=/opt/ros/humble /usr/bin/cmake /home/zyx/ros2_learn/node/chapt3/topic_practice_ws/src/status_interfaces -DCMAKE_INSTALL_PREFIX=/home/zyx/ros2_learn/node/chapt3/topic_practice_ws/install/status_interfaces
